<?xml version="1.0" encoding="UTF-8"?>
<coverage generated="1776664934447" clover="3.2.0">
  <project timestamp="1776664934447" name="All files">
    <metrics statements="1856" coveredstatements="0" conditionals="1779" coveredconditionals="0" methods="398" coveredmethods="0" elements="4033" coveredelements="0" complexity="0" loc="1856" ncloc="1856" packages="1" files="4" classes="4"/>
    <file name="app.js" path="/Users/koohaoming/dev/amex-dining-map/web/app.js">
      <metrics statements="1811" coveredstatements="0" conditionals="1759" coveredconditionals="0" methods="370" coveredmethods="0"/>
      <line num="1" count="0" type="stmt"/>
      <line num="2" count="0" type="stmt"/>
      <line num="3" count="0" type="stmt"/>
      <line num="4" count="0" type="stmt"/>
      <line num="5" count="0" type="stmt"/>
      <line num="6" count="0" type="stmt"/>
      <line num="7" count="0" type="stmt"/>
      <line num="8" count="0" type="stmt"/>
      <line num="9" count="0" type="stmt"/>
      <line num="10" count="0" type="stmt"/>
      <line num="11" count="0" type="stmt"/>
      <line num="12" count="0" type="stmt"/>
      <line num="13" count="0" type="stmt"/>
      <line num="14" count="0" type="stmt"/>
      <line num="17" count="0" type="stmt"/>
      <line num="26" count="0" type="stmt"/>
      <line num="36" count="0" type="cond" truecount="0" falsecount="4"/>
      <line num="37" count="0" type="cond" truecount="0" falsecount="2"/>
      <line num="38" count="0" type="stmt"/>
      <line num="39" count="0" type="stmt"/>
      <line num="43" count="0" type="stmt"/>
      <line num="44" count="0" type="cond" truecount="0" falsecount="2"/>
      <line num="45" count="0" type="cond" truecount="0" falsecount="2"/>
      <line num="46" count="0" type="stmt"/>
      <line num="52" count="0" type="stmt"/>
      <line num="53" count="0" type="stmt"/>
      <line num="54" count="0" type="stmt"/>
      <line num="55" count="0" type="stmt"/>
      <line num="57" count="0" type="stmt"/>
      <line num="58" count="0" type="stmt"/>
      <line num="66" count="0" type="cond" truecount="0" falsecount="2"/>
      <line num="67" count="0" type="stmt"/>
      <line num="68" count="0" type="stmt"/>
      <line num="70" count="0" type="stmt"/>
      <line num="75" count="0" type="stmt"/>
      <line num="76" count="0" type="stmt"/>
      <line num="77" count="0" type="stmt"/>
      <line num="80" count="0" type="cond" truecount="0" falsecount="2"/>
      <line num="81" count="0" type="stmt"/>
      <line num="82" count="0" type="cond" truecount="0" falsecount="4"/>
      <line num="83" count="0" type="stmt"/>
      <line num="84" count="0" type="stmt"/>
      <line num="85" count="0" type="stmt"/>
      <line num="86" count="0" type="stmt"/>
      <line num="87" count="0" type="stmt"/>
      <line num="89" count="0" type="stmt"/>
      <line num="90" count="0" type="cond" truecount="0" falsecount="2"/>
      <line num="91" count="0" type="stmt"/>
      <line num="93" count="0" type="stmt"/>
      <line num="94" count="0" type="cond" truecount="0" falsecount="2"/>
      <line num="95" count="0" type="stmt"/>
      <line num="96" count="0" type="stmt"/>
      <line num="97" count="0" type="cond" truecount="0" falsecount="2"/>
      <line num="98" count="0" type="stmt"/>
      <line num="99" count="0" type="stmt"/>
      <line num="109" count="0" type="stmt"/>
      <line num="110" count="0" type="stmt"/>
      <line num="111" count="0" type="cond" truecount="0" falsecount="2"/>
      <line num="112" count="0" type="stmt"/>
      <line num="114" count="0" type="stmt"/>
      <line num="117" count="0" type="stmt"/>
      <line num="124" count="0" type="stmt"/>
      <line num="131" count="0" type="stmt"/>
      <line num="166" count="0" type="stmt"/>
      <line num="179" count="0" type="stmt"/>
      <line num="192" count="0" type="stmt"/>
      <line num="205" count="0" type="stmt"/>
      <line num="218" count="0" type="stmt"/>
      <line num="231" count="0" type="stmt"/>
      <line num="244" count="0" type="stmt"/>
      <line num="257" count="0" type="stmt"/>
      <line num="270" count="0" type="stmt"/>
      <line num="283" count="0" type="stmt"/>
      <line num="296" count="0" type="stmt"/>
      <line num="309" count="0" type="stmt"/>
      <line num="322" count="0" type="stmt"/>
      <line num="335" count="0" type="stmt"/>
      <line num="361" count="0" type="stmt"/>
      <line num="362" count="0" type="stmt"/>
      <line num="419" count="0" type="stmt"/>
      <line num="459" count="0" type="stmt"/>
      <line num="460" count="0" type="cond" truecount="0" falsecount="2"/>
      <line num="461" count="0" type="stmt"/>
      <line num="462" count="0" type="stmt"/>
      <line num="464" count="0" type="stmt"/>
      <line num="465" count="0" type="stmt"/>
      <line num="471" count="0" type="stmt"/>
      <line num="475" count="0" type="stmt"/>
      <line num="483" count="0" type="stmt"/>
      <line num="484" count="0" type="stmt"/>
      <line num="485" count="0" type="stmt"/>
      <line num="486" count="0" type="stmt"/>
      <line num="490" count="0" type="stmt"/>
      <line num="491" count="0" type="cond" truecount="0" falsecount="2"/>
      <line num="494" count="0" type="cond" truecount="0" falsecount="2"/>
      <line num="496" count="0" type="stmt"/>
      <line num="500" count="0" type="stmt"/>
      <line num="501" count="0" type="stmt"/>
      <line num="505" count="0" type="stmt"/>
      <line num="506" count="0" type="cond" truecount="0" falsecount="2"/>
      <line num="508" count="0" type="stmt"/>
      <line num="509" count="0" type="stmt"/>
      <line num="510" count="0" type="stmt"/>
      <line num="514" count="0" type="stmt"/>
      <line num="515" count="0" type="cond" truecount="0" falsecount="2"/>
      <line num="516" count="0" type="stmt"/>
      <line num="518" count="0" type="stmt"/>
      <line num="522" count="0" type="stmt"/>
      <line num="526" count="0" type="stmt"/>
      <line num="527" count="0" type="cond" truecount="0" falsecount="2"/>
      <line num="529" count="0" type="stmt"/>
      <line num="530" count="0" type="stmt"/>
      <line num="531" count="0" type="stmt"/>
      <line num="533" count="0" type="stmt"/>
      <line num="534" count="0" type="stmt"/>
      <line num="535" count="0" type="cond" truecount="0" falsecount="2"/>
      <line num="536" count="0" type="cond" truecount="0" falsecount="2"/>
      <line num="537" count="0" type="cond" truecount="0" falsecount="2"/>
      <line num="538" count="0" type="cond" truecount="0" falsecount="2"/>
      <line num="539" count="0" type="cond" truecount="0" falsecount="2"/>
      <line num="540" count="0" type="stmt"/>
      <line num="543" count="0" type="stmt"/>
      <line num="551" count="0" type="stmt"/>
      <line num="552" count="0" type="cond" truecount="0" falsecount="2"/>
      <line num="553" count="0" type="stmt"/>
      <line num="554" count="0" type="stmt"/>
      <line num="556" count="0" type="stmt"/>
      <line num="557" count="0" type="stmt"/>
      <line num="563" count="0" type="stmt"/>
      <line num="567" count="0" type="cond" truecount="0" falsecount="2"/>
      <line num="568" count="0" type="stmt"/>
      <line num="570" count="0" type="stmt"/>
      <line num="572" count="0" type="stmt"/>
      <line num="574" count="0" type="stmt"/>
      <line num="575" count="0" type="cond" truecount="0" falsecount="4"/>
      <line num="576" count="0" type="stmt"/>
      <line num="577" count="0" type="cond" truecount="0" falsecount="4"/>
      <line num="578" count="0" type="stmt"/>
      <line num="579" count="0" type="cond" truecount="0" falsecount="4"/>
      <line num="580" count="0" type="stmt"/>
      <line num="585" count="0" type="stmt"/>
      <line num="589" count="0" type="stmt"/>
      <line num="597" count="0" type="cond" truecount="0" falsecount="2"/>
      <line num="598" count="0" type="stmt"/>
      <line num="599" count="0" type="stmt"/>
      <line num="603" count="0" type="stmt"/>
      <line num="604" count="0" type="stmt"/>
      <line num="606" count="0" type="stmt"/>
      <line num="607" count="0" type="stmt"/>
      <line num="608" count="0" type="stmt"/>
      <line num="609" count="0" type="cond" truecount="0" falsecount="2"/>
      <line num="610" count="0" type="stmt"/>
      <line num="611" count="0" type="stmt"/>
      <line num="615" count="0" type="stmt"/>
      <line num="616" count="0" type="stmt"/>
      <line num="617" count="0" type="stmt"/>
      <line num="618" count="0" type="stmt"/>
      <line num="619" count="0" type="stmt"/>
      <line num="620" count="0" type="stmt"/>
      <line num="621" count="0" type="stmt"/>
      <line num="622" count="0" type="stmt"/>
      <line num="623" count="0" type="stmt"/>
      <line num="624" count="0" type="stmt"/>
      <line num="625" count="0" type="stmt"/>
      <line num="629" count="0" type="stmt"/>
      <line num="630" count="0" type="stmt"/>
      <line num="634" count="0" type="stmt"/>
      <line num="635" count="0" type="stmt"/>
      <line num="637" count="0" type="stmt"/>
      <line num="641" count="0" type="cond" truecount="0" falsecount="2"/>
      <line num="642" count="0" type="stmt"/>
      <line num="643" count="0" type="stmt"/>
      <line num="644" count="0" type="stmt"/>
      <line num="646" count="0" type="cond" truecount="0" falsecount="2"/>
      <line num="653" count="0" type="cond" truecount="0" falsecount="2"/>
      <line num="660" count="0" type="cond" truecount="0" falsecount="2"/>
      <line num="667" count="0" type="cond" truecount="0" falsecount="2"/>
      <line num="668" count="0" type="stmt"/>
      <line num="669" count="0" type="stmt"/>
      <line num="674" count="0" type="stmt"/>
      <line num="675" count="0" type="stmt"/>
      <line num="676" count="0" type="stmt"/>
      <line num="678" count="0" type="stmt"/>
      <line num="680" count="0" type="stmt"/>
      <line num="682" count="0" type="stmt"/>
      <line num="686" count="0" type="stmt"/>
      <line num="687" count="0" type="stmt"/>
      <line num="688" count="0" type="stmt"/>
      <line num="689" count="0" type="stmt"/>
      <line num="690" count="0" type="stmt"/>
      <line num="691" count="0" type="stmt"/>
      <line num="692" count="0" type="stmt"/>
      <line num="693" count="0" type="stmt"/>
      <line num="694" count="0" type="stmt"/>
      <line num="695" count="0" type="stmt"/>
      <line num="696" count="0" type="stmt"/>
      <line num="697" count="0" type="stmt"/>
      <line num="698" count="0" type="stmt"/>
      <line num="699" count="0" type="stmt"/>
      <line num="700" count="0" type="stmt"/>
      <line num="701" count="0" type="stmt"/>
      <line num="702" count="0" type="stmt"/>
      <line num="703" count="0" type="stmt"/>
      <line num="704" count="0" type="stmt"/>
      <line num="705" count="0" type="stmt"/>
      <line num="706" count="0" type="stmt"/>
      <line num="707" count="0" type="stmt"/>
      <line num="708" count="0" type="stmt"/>
      <line num="709" count="0" type="stmt"/>
      <line num="710" count="0" type="stmt"/>
      <line num="711" count="0" type="stmt"/>
      <line num="712" count="0" type="stmt"/>
      <line num="713" count="0" type="stmt"/>
      <line num="714" count="0" type="stmt"/>
      <line num="715" count="0" type="stmt"/>
      <line num="716" count="0" type="stmt"/>
      <line num="717" count="0" type="stmt"/>
      <line num="718" count="0" type="stmt"/>
      <line num="719" count="0" type="stmt"/>
      <line num="720" count="0" type="stmt"/>
      <line num="721" count="0" type="stmt"/>
      <line num="722" count="0" type="stmt"/>
      <line num="723" count="0" type="stmt"/>
      <line num="724" count="0" type="stmt"/>
      <line num="725" count="0" type="stmt"/>
      <line num="726" count="0" type="stmt"/>
      <line num="727" count="0" type="stmt"/>
      <line num="728" count="0" type="stmt"/>
      <line num="729" count="0" type="stmt"/>
      <line num="730" count="0" type="stmt"/>
      <line num="731" count="0" type="stmt"/>
      <line num="732" count="0" type="stmt"/>
      <line num="733" count="0" type="stmt"/>
      <line num="734" count="0" type="stmt"/>
      <line num="735" count="0" type="stmt"/>
      <line num="736" count="0" type="stmt"/>
      <line num="737" count="0" type="stmt"/>
      <line num="738" count="0" type="stmt"/>
      <line num="739" count="0" type="stmt"/>
      <line num="740" count="0" type="stmt"/>
      <line num="741" count="0" type="stmt"/>
      <line num="742" count="0" type="stmt"/>
      <line num="743" count="0" type="stmt"/>
      <line num="744" count="0" type="stmt"/>
      <line num="745" count="0" type="stmt"/>
      <line num="746" count="0" type="stmt"/>
      <line num="747" count="0" type="stmt"/>
      <line num="748" count="0" type="stmt"/>
      <line num="749" count="0" type="stmt"/>
      <line num="750" count="0" type="stmt"/>
      <line num="751" count="0" type="stmt"/>
      <line num="752" count="0" type="stmt"/>
      <line num="753" count="0" type="stmt"/>
      <line num="754" count="0" type="stmt"/>
      <line num="755" count="0" type="stmt"/>
      <line num="756" count="0" type="stmt"/>
      <line num="757" count="0" type="stmt"/>
      <line num="758" count="0" type="stmt"/>
      <line num="759" count="0" type="stmt"/>
      <line num="760" count="0" type="stmt"/>
      <line num="761" count="0" type="stmt"/>
      <line num="762" count="0" type="stmt"/>
      <line num="763" count="0" type="stmt"/>
      <line num="764" count="0" type="stmt"/>
      <line num="765" count="0" type="stmt"/>
      <line num="766" count="0" type="stmt"/>
      <line num="767" count="0" type="stmt"/>
      <line num="768" count="0" type="stmt"/>
      <line num="769" count="0" type="stmt"/>
      <line num="770" count="0" type="stmt"/>
      <line num="771" count="0" type="stmt"/>
      <line num="772" count="0" type="stmt"/>
      <line num="773" count="0" type="stmt"/>
      <line num="774" count="0" type="stmt"/>
      <line num="775" count="0" type="stmt"/>
      <line num="776" count="0" type="stmt"/>
      <line num="777" count="0" type="stmt"/>
      <line num="778" count="0" type="stmt"/>
      <line num="779" count="0" type="stmt"/>
      <line num="780" count="0" type="stmt"/>
      <line num="781" count="0" type="stmt"/>
      <line num="782" count="0" type="stmt"/>
      <line num="783" count="0" type="stmt"/>
      <line num="784" count="0" type="stmt"/>
      <line num="785" count="0" type="stmt"/>
      <line num="786" count="0" type="stmt"/>
      <line num="787" count="0" type="stmt"/>
      <line num="788" count="0" type="stmt"/>
      <line num="789" count="0" type="stmt"/>
      <line num="790" count="0" type="stmt"/>
      <line num="791" count="0" type="stmt"/>
      <line num="792" count="0" type="stmt"/>
      <line num="793" count="0" type="stmt"/>
      <line num="794" count="0" type="stmt"/>
      <line num="795" count="0" type="stmt"/>
      <line num="796" count="0" type="stmt"/>
      <line num="797" count="0" type="stmt"/>
      <line num="798" count="0" type="stmt"/>
      <line num="799" count="0" type="stmt"/>
      <line num="800" count="0" type="stmt"/>
      <line num="801" count="0" type="stmt"/>
      <line num="803" count="0" type="stmt"/>
      <line num="804" count="0" type="stmt"/>
      <line num="805" count="0" type="stmt"/>
      <line num="806" count="0" type="stmt"/>
      <line num="807" count="0" type="stmt"/>
      <line num="808" count="0" type="stmt"/>
      <line num="809" count="0" type="stmt"/>
      <line num="810" count="0" type="stmt"/>
      <line num="811" count="0" type="stmt"/>
      <line num="812" count="0" type="stmt"/>
      <line num="813" count="0" type="stmt"/>
      <line num="814" count="0" type="stmt"/>
      <line num="815" count="0" type="stmt"/>
      <line num="816" count="0" type="stmt"/>
      <line num="817" count="0" type="stmt"/>
      <line num="818" count="0" type="stmt"/>
      <line num="821" count="0" type="stmt"/>
      <line num="829" count="0" type="cond" truecount="0" falsecount="4"/>
      <line num="830" count="0" type="stmt"/>
      <line num="831" count="0" type="stmt"/>
      <line num="833" count="0" type="stmt"/>
      <line num="842" count="0" type="cond" truecount="0" falsecount="2"/>
      <line num="843" count="0" type="stmt"/>
      <line num="844" count="0" type="stmt"/>
      <line num="848" count="0" type="cond" truecount="0" falsecount="2"/>
      <line num="849" count="0" type="stmt"/>
      <line num="850" count="0" type="cond" truecount="0" falsecount="2"/>
      <line num="851" count="0" type="stmt"/>
      <line num="852" count="0" type="cond" truecount="0" falsecount="2"/>
      <line num="853" count="0" type="stmt"/>
      <line num="854" count="0" type="stmt"/>
      <line num="858" count="0" type="stmt"/>
      <line num="865" count="0" type="cond" truecount="0" falsecount="3"/>
      <line num="869" count="0" type="cond" truecount="0" falsecount="2"/>
      <line num="870" count="0" type="stmt"/>
      <line num="871" count="0" type="cond" truecount="0" falsecount="2"/>
      <line num="875" count="0" type="cond" truecount="0" falsecount="5"/>
      <line num="876" count="0" type="stmt"/>
      <line num="878" count="0" type="stmt"/>
      <line num="882" count="0" type="cond" truecount="0" falsecount="4"/>
      <line num="883" count="0" type="cond" truecount="0" falsecount="2"/>
      <line num="885" count="0" type="cond" truecount="0" falsecount="2"/>
      <line num="896" count="0" type="cond" truecount="0" falsecount="2"/>
      <line num="898" count="0" type="cond" truecount="0" falsecount="2"/>
      <line num="902" count="0" type="stmt"/>
      <line num="907" count="0" type="stmt"/>
      <line num="910" count="0" type="cond" truecount="0" falsecount="2"/>
      <line num="912" count="0" type="stmt"/>
      <line num="923" count="0" type="stmt"/>
      <line num="924" count="0" type="stmt"/>
      <line num="925" count="0" type="stmt"/>
      <line num="928" count="0" type="cond" truecount="0" falsecount="2"/>
      <line num="929" count="0" type="stmt"/>
      <line num="938" count="0" type="stmt"/>
      <line num="942" count="0" type="cond" truecount="0" falsecount="4"/>
      <line num="943" count="0" type="cond" truecount="0" falsecount="5"/>
      <line num="944" count="0" type="cond" truecount="0" falsecount="2"/>
      <line num="948" count="0" type="cond" truecount="0" falsecount="4"/>
      <line num="949" count="0" type="stmt"/>
      <line num="953" count="0" type="stmt"/>
      <line num="961" count="0" type="cond" truecount="0" falsecount="2"/>
      <line num="965" count="0" type="stmt"/>
      <line num="966" count="0" type="stmt"/>
      <line num="976" count="0" type="stmt"/>
      <line num="977" count="0" type="cond" truecount="0" falsecount="5"/>
      <line num="978" count="0" type="cond" truecount="0" falsecount="4"/>
      <line num="979" count="0" type="cond" truecount="0" falsecount="9"/>
      <line num="980" count="0" type="stmt"/>
      <line num="981" count="0" type="cond" truecount="0" falsecount="5"/>
      <line num="982" count="0" type="cond" truecount="0" falsecount="4"/>
      <line num="983" count="0" type="stmt"/>
      <line num="987" count="0" type="cond" truecount="0" falsecount="2"/>
      <line num="991" count="0" type="stmt"/>
      <line num="992" count="0" type="stmt"/>
      <line num="993" count="0" type="cond" truecount="0" falsecount="4"/>
      <line num="995" count="0" type="stmt"/>
      <line num="996" count="0" type="cond" truecount="0" falsecount="2"/>
      <line num="997" count="0" type="stmt"/>
      <line num="999" count="0" type="cond" truecount="0" falsecount="2"/>
      <line num="1000" count="0" type="stmt"/>
      <line num="1002" count="0" type="stmt"/>
      <line num="1006" count="0" type="cond" truecount="0" falsecount="3"/>
      <line num="1010" count="0" type="stmt"/>
      <line num="1025" count="0" type="cond" truecount="0" falsecount="4"/>
      <line num="1026" count="0" type="cond" truecount="0" falsecount="2"/>
      <line num="1027" count="0" type="stmt"/>
      <line num="1029" count="0" type="cond" truecount="0" falsecount="2"/>
      <line num="1030" count="0" type="stmt"/>
      <line num="1032" count="0" type="cond" truecount="0" falsecount="2"/>
      <line num="1033" count="0" type="stmt"/>
      <line num="1035" count="0" type="cond" truecount="0" falsecount="2"/>
      <line num="1036" count="0" type="stmt"/>
      <line num="1038" count="0" type="cond" truecount="0" falsecount="2"/>
      <line num="1039" count="0" type="stmt"/>
      <line num="1041" count="0" type="cond" truecount="0" falsecount="2"/>
      <line num="1042" count="0" type="stmt"/>
      <line num="1044" count="0" type="stmt"/>
      <line num="1048" count="0" type="stmt"/>
      <line num="1049" count="0" type="cond" truecount="0" falsecount="2"/>
      <line num="1050" count="0" type="stmt"/>
      <line num="1054" count="0" type="cond" truecount="0" falsecount="2"/>
      <line num="1059" count="0" type="cond" truecount="0" falsecount="2"/>
      <line num="1060" count="0" type="stmt"/>
      <line num="1061" count="0" type="cond" truecount="0" falsecount="2"/>
      <line num="1062" count="0" type="cond" truecount="0" falsecount="2"/>
      <line num="1063" count="0" type="cond" truecount="0" falsecount="4"/>
      <line num="1064" count="0" type="cond" truecount="0" falsecount="4"/>
      <line num="1065" count="0" type="cond" truecount="0" falsecount="4"/>
      <line num="1066" count="0" type="cond" truecount="0" falsecount="4"/>
      <line num="1067" count="0" type="stmt"/>
      <line num="1071" count="0" type="stmt"/>
      <line num="1072" count="0" type="cond" truecount="0" falsecount="4"/>
      <line num="1073" count="0" type="stmt"/>
      <line num="1077" count="0" type="stmt"/>
      <line num="1078" count="0" type="cond" truecount="0" falsecount="4"/>
      <line num="1079" count="0" type="cond" truecount="0" falsecount="2"/>
      <line num="1081" count="0" type="cond" truecount="0" falsecount="2"/>
      <line num="1082" count="0" type="cond" truecount="0" falsecount="2"/>
      <line num="1083" count="0" type="cond" truecount="0" falsecount="2"/>
      <line num="1086" count="0" type="stmt"/>
      <line num="1093" count="0" type="cond" truecount="0" falsecount="5"/>
      <line num="1094" count="0" type="cond" truecount="0" falsecount="4"/>
      <line num="1095" count="0" type="stmt"/>
      <line num="1096" count="0" type="stmt"/>
      <line num="1098" count="0" type="stmt"/>
      <line num="1102" count="0" type="cond" truecount="0" falsecount="5"/>
      <line num="1103" count="0" type="stmt"/>
      <line num="1106" count="0" type="stmt"/>
      <line num="1107" count="0" type="cond" truecount="0" falsecount="2"/>
      <line num="1108" count="0" type="stmt"/>
      <line num="1111" count="0" type="stmt"/>
      <line num="1115" count="0" type="stmt"/>
      <line num="1116" count="0" type="stmt"/>
      <line num="1117" count="0" type="cond" truecount="0" falsecount="5"/>
      <line num="1118" count="0" type="stmt"/>
      <line num="1121" count="0" type="stmt"/>
      <line num="1127" count="0" type="cond" truecount="0" falsecount="2"/>
      <line num="1128" count="0" type="stmt"/>
      <line num="1131" count="0" type="stmt"/>
      <line num="1132" count="0" type="stmt"/>
      <line num="1134" count="0" type="cond" truecount="0" falsecount="3"/>
      <line num="1138" count="0" type="cond" truecount="0" falsecount="2"/>
      <line num="1139" count="0" type="stmt"/>
      <line num="1142" count="0" type="stmt"/>
      <line num="1143" count="0" type="cond" truecount="0" falsecount="2"/>
      <line num="1144" count="0" type="stmt"/>
      <line num="1146" count="0" type="cond" truecount="0" falsecount="2"/>
      <line num="1147" count="0" type="stmt"/>
      <line num="1150" count="0" type="cond" truecount="0" falsecount="2"/>
      <line num="1153" count="0" type="cond" truecount="0" falsecount="2"/>
      <line num="1157" count="0" type="stmt"/>
      <line num="1158" count="0" type="stmt"/>
      <line num="1159" count="0" type="cond" truecount="0" falsecount="4"/>
      <line num="1160" count="0" type="stmt"/>
      <line num="1162" count="0" type="cond" truecount="0" falsecount="2"/>
      <line num="1163" count="0" type="cond" truecount="0" falsecount="2"/>
      <line num="1164" count="0" type="stmt"/>
      <line num="1165" count="0" type="cond" truecount="0" falsecount="2"/>
      <line num="1166" count="0" type="stmt"/>
      <line num="1167" count="0" type="cond" truecount="0" falsecount="2"/>
      <line num="1168" count="0" type="stmt"/>
      <line num="1169" count="0" type="cond" truecount="0" falsecount="2"/>
      <line num="1170" count="0" type="stmt"/>
      <line num="1172" count="0" type="stmt"/>
      <line num="1176" count="0" type="stmt"/>
      <line num="1177" count="0" type="stmt"/>
      <line num="1178" count="0" type="stmt"/>
      <line num="1179" count="0" type="stmt"/>
      <line num="1180" count="0" type="stmt"/>
      <line num="1184" count="0" type="cond" truecount="0" falsecount="2"/>
      <line num="1185" count="0" type="stmt"/>
      <line num="1187" count="0" type="cond" truecount="0" falsecount="2"/>
      <line num="1188" count="0" type="stmt"/>
      <line num="1190" count="0" type="stmt"/>
      <line num="1194" count="0" type="cond" truecount="0" falsecount="2"/>
      <line num="1196" count="0" type="stmt"/>
      <line num="1198" count="0" type="cond" truecount="0" falsecount="2"/>
      <line num="1199" count="0" type="stmt"/>
      <line num="1200" count="0" type="stmt"/>
      <line num="1203" count="0" type="stmt"/>
      <line num="1204" count="0" type="cond" truecount="0" falsecount="2"/>
      <line num="1205" count="0" type="stmt"/>
      <line num="1209" count="0" type="cond" truecount="0" falsecount="2"/>
      <line num="1210" count="0" type="cond" truecount="0" falsecount="2"/>
      <line num="1211" count="0" type="cond" truecount="0" falsecount="2"/>
      <line num="1212" count="0" type="cond" truecount="0" falsecount="2"/>
      <line num="1213" count="0" type="stmt"/>
      <line num="1217" count="0" type="cond" truecount="0" falsecount="2"/>
      <line num="1218" count="0" type="cond" truecount="0" falsecount="2"/>
      <line num="1219" count="0" type="stmt"/>
      <line num="1222" count="0" type="cond" truecount="0" falsecount="2"/>
      <line num="1223" count="0" type="cond" truecount="0" falsecount="2"/>
      <line num="1224" count="0" type="cond" truecount="0" falsecount="4"/>
      <line num="1225" count="0" type="stmt"/>
      <line num="1226" count="0" type="cond" truecount="0" falsecount="2"/>
      <line num="1227" count="0" type="stmt"/>
      <line num="1229" count="0" type="cond" truecount="0" falsecount="2"/>
      <line num="1230" count="0" type="cond" truecount="0" falsecount="2"/>
      <line num="1232" count="0" type="stmt"/>
      <line num="1235" count="0" type="cond" truecount="0" falsecount="2"/>
      <line num="1236" count="0" type="cond" truecount="0" falsecount="2"/>
      <line num="1237" count="0" type="stmt"/>
      <line num="1241" count="0" type="cond" truecount="0" falsecount="2"/>
      <line num="1242" count="0" type="cond" truecount="0" falsecount="4"/>
      <line num="1244" count="0" type="stmt"/>
      <line num="1245" count="0" type="stmt"/>
      <line num="1246" count="0" type="stmt"/>
      <line num="1247" count="0" type="stmt"/>
      <line num="1255" count="0" type="stmt"/>
      <line num="1284" count="0" type="stmt"/>
      <line num="1285" count="0" type="stmt"/>
      <line num="1286" count="0" type="stmt"/>
      <line num="1288" count="0" type="stmt"/>
      <line num="1292" count="0" type="stmt"/>
      <line num="1293" count="0" type="stmt"/>
      <line num="1294" count="0" type="stmt"/>
      <line num="1295" count="0" type="stmt"/>
      <line num="1296" count="0" type="stmt"/>
      <line num="1297" count="0" type="stmt"/>
      <line num="1298" count="0" type="stmt"/>
      <line num="1300" count="0" type="cond" truecount="0" falsecount="2"/>
      <line num="1301" count="0" type="stmt"/>
      <line num="1306" count="0" type="stmt"/>
      <line num="1307" count="0" type="stmt"/>
      <line num="1308" count="0" type="stmt"/>
      <line num="1309" count="0" type="stmt"/>
      <line num="1311" count="0" type="stmt"/>
      <line num="1312" count="0" type="stmt"/>
      <line num="1313" count="0" type="stmt"/>
      <line num="1314" count="0" type="stmt"/>
      <line num="1316" count="0" type="cond" truecount="0" falsecount="2"/>
      <line num="1317" count="0" type="stmt"/>
      <line num="1322" count="0" type="cond" truecount="0" falsecount="2"/>
      <line num="1326" count="0" type="cond" truecount="0" falsecount="2"/>
      <line num="1330" count="0" type="stmt"/>
      <line num="1334" count="0" type="stmt"/>
      <line num="1338" count="0" type="cond" truecount="0" falsecount="3"/>
      <line num="1342" count="0" type="cond" truecount="0" falsecount="4"/>
      <line num="1343" count="0" type="cond" truecount="0" falsecount="2"/>
      <line num="1344" count="0" type="cond" truecount="0" falsecount="2"/>
      <line num="1345" count="0" type="stmt"/>
      <line num="1349" count="0" type="cond" truecount="0" falsecount="2"/>
      <line num="1350" count="0" type="stmt"/>
      <line num="1352" count="0" type="cond" truecount="0" falsecount="2"/>
      <line num="1353" count="0" type="stmt"/>
      <line num="1355" count="0" type="cond" truecount="0" falsecount="2"/>
      <line num="1356" count="0" type="stmt"/>
      <line num="1358" count="0" type="stmt"/>
      <line num="1362" count="0" type="cond" truecount="0" falsecount="2"/>
      <line num="1363" count="0" type="stmt"/>
      <line num="1364" count="0" type="cond" truecount="0" falsecount="2"/>
      <line num="1365" count="0" type="stmt"/>
      <line num="1373" count="0" type="stmt"/>
      <line num="1374" count="0" type="cond" truecount="0" falsecount="2"/>
      <line num="1375" count="0" type="stmt"/>
      <line num="1378" count="0" type="cond" truecount="0" falsecount="2"/>
      <line num="1382" count="0" type="stmt"/>
      <line num="1383" count="0" type="stmt"/>
      <line num="1384" count="0" type="stmt"/>
      <line num="1422" count="0" type="stmt"/>
      <line num="1423" count="0" type="stmt"/>
      <line num="1424" count="0" type="cond" truecount="0" falsecount="2"/>
      <line num="1425" count="0" type="cond" truecount="0" falsecount="2"/>
      <line num="1426" count="0" type="cond" truecount="0" falsecount="4"/>
      <line num="1427" count="0" type="cond" truecount="0" falsecount="2"/>
      <line num="1428" count="0" type="cond" truecount="0" falsecount="2"/>
      <line num="1429" count="0" type="cond" truecount="0" falsecount="2"/>
      <line num="1430" count="0" type="cond" truecount="0" falsecount="2"/>
      <line num="1431" count="0" type="cond" truecount="0" falsecount="2"/>
      <line num="1432" count="0" type="cond" truecount="0" falsecount="2"/>
      <line num="1433" count="0" type="cond" truecount="0" falsecount="2"/>
      <line num="1434" count="0" type="cond" truecount="0" falsecount="2"/>
      <line num="1435" count="0" type="cond" truecount="0" falsecount="2"/>
      <line num="1436" count="0" type="cond" truecount="0" falsecount="2"/>
      <line num="1437" count="0" type="stmt"/>
      <line num="1441" count="0" type="stmt"/>
      <line num="1442" count="0" type="stmt"/>
      <line num="1443" count="0" type="stmt"/>
      <line num="1444" count="0" type="stmt"/>
      <line num="1445" count="0" type="cond" truecount="0" falsecount="2"/>
      <line num="1446" count="0" type="cond" truecount="0" falsecount="2"/>
      <line num="1451" count="0" type="stmt"/>
      <line num="1452" count="0" type="stmt"/>
      <line num="1457" count="0" type="stmt"/>
      <line num="1458" count="0" type="stmt"/>
      <line num="1459" count="0" type="stmt"/>
      <line num="1460" count="0" type="stmt"/>
      <line num="1461" count="0" type="cond" truecount="0" falsecount="2"/>
      <line num="1462" count="0" type="cond" truecount="0" falsecount="2"/>
      <line num="1467" count="0" type="stmt"/>
      <line num="1468" count="0" type="cond" truecount="0" falsecount="2"/>
      <line num="1474" count="0" type="cond" truecount="0" falsecount="2"/>
      <line num="1478" count="0" type="stmt"/>
      <line num="1479" count="0" type="stmt"/>
      <line num="1491" count="0" type="cond" truecount="0" falsecount="2"/>
      <line num="1492" count="0" type="stmt"/>
      <line num="1495" count="0" type="cond" truecount="0" falsecount="2"/>
      <line num="1496" count="0" type="stmt"/>
      <line num="1499" count="0" type="cond" truecount="0" falsecount="2"/>
      <line num="1500" count="0" type="stmt"/>
      <line num="1503" count="0" type="stmt"/>
      <line num="1504" count="0" type="stmt"/>
      <line num="1505" count="0" type="cond" truecount="0" falsecount="2"/>
      <line num="1506" count="0" type="stmt"/>
      <line num="1509" count="0" type="stmt"/>
      <line num="1513" count="0" type="cond" truecount="0" falsecount="2"/>
      <line num="1514" count="0" type="cond" truecount="0" falsecount="2"/>
      <line num="1515" count="0" type="stmt"/>
      <line num="1516" count="0" type="stmt"/>
      <line num="1519" count="0" type="stmt"/>
      <line num="1520" count="0" type="stmt"/>
      <line num="1521" count="0" type="stmt"/>
      <line num="1526" count="0" type="stmt"/>
      <line num="1527" count="0" type="stmt"/>
      <line num="1528" count="0" type="stmt"/>
      <line num="1533" count="0" type="cond" truecount="0" falsecount="2"/>
      <line num="1534" count="0" type="cond" truecount="0" falsecount="4"/>
      <line num="1535" count="0" type="stmt"/>
      <line num="1536" count="0" type="stmt"/>
      <line num="1537" count="0" type="stmt"/>
      <line num="1539" count="0" type="stmt"/>
      <line num="1540" count="0" type="stmt"/>
      <line num="1544" count="0" type="cond" truecount="0" falsecount="2"/>
      <line num="1545" count="0" type="cond" truecount="0" falsecount="2"/>
      <line num="1546" count="0" type="stmt"/>
      <line num="1548" count="0" type="stmt"/>
      <line num="1549" count="0" type="stmt"/>
      <line num="1553" count="0" type="stmt"/>
      <line num="1554" count="0" type="cond" truecount="0" falsecount="2"/>
      <line num="1555" count="0" type="stmt"/>
      <line num="1557" count="0" type="stmt"/>
      <line num="1558" count="0" type="cond" truecount="0" falsecount="2"/>
      <line num="1559" count="0" type="stmt"/>
      <line num="1564" count="0" type="cond" truecount="0" falsecount="2"/>
      <line num="1565" count="0" type="stmt"/>
      <line num="1566" count="0" type="stmt"/>
      <line num="1569" count="0" type="stmt"/>
      <line num="1570" count="0" type="stmt"/>
      <line num="1571" count="0" type="stmt"/>
      <line num="1572" count="0" type="stmt"/>
      <line num="1574" count="0" type="stmt"/>
      <line num="1575" count="0" type="stmt"/>
      <line num="1578" count="0" type="cond" truecount="0" falsecount="2"/>
      <line num="1582" count="0" type="cond" truecount="0" falsecount="2"/>
      <line num="1583" count="0" type="stmt"/>
      <line num="1584" count="0" type="stmt"/>
      <line num="1588" count="0" type="cond" truecount="0" falsecount="2"/>
      <line num="1590" count="0" type="cond" truecount="0" falsecount="2"/>
      <line num="1592" count="0" type="cond" truecount="0" falsecount="2"/>
      <line num="1594" count="0" type="stmt"/>
      <line num="1595" count="0" type="cond" truecount="0" falsecount="2"/>
      <line num="1596" count="0" type="stmt"/>
      <line num="1599" count="0" type="stmt"/>
      <line num="1600" count="0" type="cond" truecount="0" falsecount="2"/>
      <line num="1601" count="0" type="stmt"/>
      <line num="1602" count="0" type="stmt"/>
      <line num="1603" count="0" type="cond" truecount="0" falsecount="2"/>
      <line num="1606" count="0" type="stmt"/>
      <line num="1609" count="0" type="stmt"/>
      <line num="1615" count="0" type="stmt"/>
      <line num="1620" count="0" type="cond" truecount="0" falsecount="4"/>
      <line num="1621" count="0" type="stmt"/>
      <line num="1622" count="0" type="stmt"/>
      <line num="1624" count="0" type="stmt"/>
      <line num="1625" count="0" type="stmt"/>
      <line num="1629" count="0" type="cond" truecount="0" falsecount="4"/>
      <line num="1630" count="0" type="stmt"/>
      <line num="1631" count="0" type="stmt"/>
      <line num="1633" count="0" type="stmt"/>
      <line num="1634" count="0" type="stmt"/>
      <line num="1638" count="0" type="stmt"/>
      <line num="1639" count="0" type="stmt"/>
      <line num="1640" count="0" type="stmt"/>
      <line num="1641" count="0" type="stmt"/>
      <line num="1642" count="0" type="stmt"/>
      <line num="1643" count="0" type="stmt"/>
      <line num="1644" count="0" type="stmt"/>
      <line num="1645" count="0" type="stmt"/>
      <line num="1646" count="0" type="stmt"/>
      <line num="1647" count="0" type="stmt"/>
      <line num="1648" count="0" type="stmt"/>
      <line num="1649" count="0" type="stmt"/>
      <line num="1650" count="0" type="stmt"/>
      <line num="1651" count="0" type="cond" truecount="0" falsecount="2"/>
      <line num="1655" count="0" type="stmt"/>
      <line num="1656" count="0" type="stmt"/>
      <line num="1659" count="0" type="stmt"/>
      <line num="1660" count="0" type="stmt"/>
      <line num="1661" count="0" type="cond" truecount="0" falsecount="2"/>
      <line num="1662" count="0" type="stmt"/>
      <line num="1664" count="0" type="cond" truecount="0" falsecount="2"/>
      <line num="1665" count="0" type="stmt"/>
      <line num="1669" count="0" type="stmt"/>
      <line num="1670" count="0" type="cond" truecount="0" falsecount="2"/>
      <line num="1671" count="0" type="cond" truecount="0" falsecount="2"/>
      <line num="1672" count="0" type="cond" truecount="0" falsecount="2"/>
      <line num="1673" count="0" type="cond" truecount="0" falsecount="2"/>
      <line num="1675" count="0" type="cond" truecount="0" falsecount="2"/>
      <line num="1676" count="0" type="stmt"/>
      <line num="1679" count="0" type="cond" truecount="0" falsecount="2"/>
      <line num="1681" count="0" type="cond" truecount="0" falsecount="2"/>
      <line num="1682" count="0" type="stmt"/>
      <line num="1683" count="0" type="stmt"/>
      <line num="1684" count="0" type="stmt"/>
      <line num="1686" count="0" type="stmt"/>
      <line num="1687" count="0" type="stmt"/>
      <line num="1690" count="0" type="stmt"/>
      <line num="1691" count="0" type="cond" truecount="0" falsecount="4"/>
      <line num="1692" count="0" type="cond" truecount="0" falsecount="2"/>
      <line num="1693" count="0" type="stmt"/>
      <line num="1696" count="0" type="stmt"/>
      <line num="1698" count="0" type="cond" truecount="0" falsecount="3"/>
      <line num="1701" count="0" type="stmt"/>
      <line num="1703" count="0" type="cond" truecount="0" falsecount="2"/>
      <line num="1706" count="0" type="stmt"/>
      <line num="1709" count="0" type="stmt"/>
      <line num="1712" count="0" type="stmt"/>
      <line num="1715" count="0" type="stmt"/>
      <line num="1718" count="0" type="stmt"/>
      <line num="1720" count="0" type="stmt"/>
      <line num="1726" count="0" type="cond" truecount="0" falsecount="2"/>
      <line num="1727" count="0" type="stmt"/>
      <line num="1728" count="0" type="stmt"/>
      <line num="1731" count="0" type="cond" truecount="0" falsecount="4"/>
      <line num="1732" count="0" type="stmt"/>
      <line num="1737" count="0" type="stmt"/>
      <line num="1738" count="0" type="stmt"/>
      <line num="1739" count="0" type="stmt"/>
      <line num="1740" count="0" type="cond" truecount="0" falsecount="2"/>
      <line num="1741" count="0" type="stmt"/>
      <line num="1742" count="0" type="stmt"/>
      <line num="1743" count="0" type="stmt"/>
      <line num="1744" count="0" type="cond" truecount="0" falsecount="2"/>
      <line num="1745" count="0" type="stmt"/>
      <line num="1746" count="0" type="stmt"/>
      <line num="1747" count="0" type="stmt"/>
      <line num="1748" count="0" type="stmt"/>
      <line num="1749" count="0" type="stmt"/>
      <line num="1750" count="0" type="stmt"/>
      <line num="1752" count="0" type="stmt"/>
      <line num="1753" count="0" type="cond" truecount="0" falsecount="4"/>
      <line num="1754" count="0" type="cond" truecount="0" falsecount="4"/>
      <line num="1755" count="0" type="cond" truecount="0" falsecount="7"/>
      <line num="1756" count="0" type="cond" truecount="0" falsecount="6"/>
      <line num="1759" count="0" type="cond" truecount="0" falsecount="2"/>
      <line num="1760" count="0" type="cond" truecount="0" falsecount="2"/>
      <line num="1761" count="0" type="stmt"/>
      <line num="1762" count="0" type="cond" truecount="0" falsecount="4"/>
      <line num="1763" count="0" type="cond" truecount="0" falsecount="4"/>
      <line num="1766" count="0" type="stmt"/>
      <line num="1767" count="0" type="cond" truecount="0" falsecount="4"/>
      <line num="1768" count="0" type="cond" truecount="0" falsecount="4"/>
      <line num="1769" count="0" type="cond" truecount="0" falsecount="6"/>
      <line num="1770" count="0" type="cond" truecount="0" falsecount="6"/>
      <line num="1771" count="0" type="cond" truecount="0" falsecount="6"/>
      <line num="1772" count="0" type="cond" truecount="0" falsecount="6"/>
      <line num="1773" count="0" type="cond" truecount="0" falsecount="4"/>
      <line num="1774" count="0" type="cond" truecount="0" falsecount="4"/>
      <line num="1775" count="0" type="cond" truecount="0" falsecount="4"/>
      <line num="1776" count="0" type="stmt"/>
      <line num="1778" count="0" type="cond" truecount="0" falsecount="5"/>
      <line num="1779" count="0" type="cond" truecount="0" falsecount="4"/>
      <line num="1780" count="0" type="cond" truecount="0" falsecount="4"/>
      <line num="1781" count="0" type="cond" truecount="0" falsecount="4"/>
      <line num="1782" count="0" type="cond" truecount="0" falsecount="6"/>
      <line num="1783" count="0" type="cond" truecount="0" falsecount="4"/>
      <line num="1784" count="0" type="stmt"/>
      <line num="1788" count="0" type="stmt"/>
      <line num="1789" count="0" type="cond" truecount="0" falsecount="5"/>
      <line num="1791" count="0" type="cond" truecount="0" falsecount="4"/>
      <line num="1793" count="0" type="cond" truecount="0" falsecount="4"/>
      <line num="1795" count="0" type="cond" truecount="0" falsecount="4"/>
      <line num="1798" count="0" type="cond" truecount="0" falsecount="4"/>
      <line num="1803" count="0" type="cond" truecount="0" falsecount="2"/>
      <line num="1804" count="0" type="stmt"/>
      <line num="1807" count="0" type="stmt"/>
      <line num="1808" count="0" type="stmt"/>
      <line num="1809" count="0" type="stmt"/>
      <line num="1810" count="0" type="stmt"/>
      <line num="1811" count="0" type="stmt"/>
      <line num="1812" count="0" type="stmt"/>
      <line num="1813" count="0" type="stmt"/>
      <line num="1817" count="0" type="cond" truecount="0" falsecount="2"/>
      <line num="1819" count="0" type="cond" truecount="0" falsecount="2"/>
      <line num="1820" count="0" type="stmt"/>
      <line num="1821" count="0" type="stmt"/>
      <line num="1824" count="0" type="stmt"/>
      <line num="1854" count="0" type="stmt"/>
      <line num="1855" count="0" type="cond" truecount="0" falsecount="2"/>
      <line num="1856" count="0" type="stmt"/>
      <line num="1857" count="0" type="stmt"/>
      <line num="1858" count="0" type="stmt"/>
      <line num="1859" count="0" type="stmt"/>
      <line num="1860" count="0" type="stmt"/>
      <line num="1861" count="0" type="stmt"/>
      <line num="1863" count="0" type="cond" truecount="0" falsecount="2"/>
      <line num="1866" count="0" type="cond" truecount="0" falsecount="2"/>
      <line num="1870" count="0" type="stmt"/>
      <line num="1879" count="0" type="cond" truecount="0" falsecount="2"/>
      <line num="1880" count="0" type="stmt"/>
      <line num="1882" count="0" type="cond" truecount="0" falsecount="2"/>
      <line num="1883" count="0" type="cond" truecount="0" falsecount="2"/>
      <line num="1884" count="0" type="stmt"/>
      <line num="1885" count="0" type="stmt"/>
      <line num="1889" count="0" type="cond" truecount="0" falsecount="4"/>
      <line num="1890" count="0" type="stmt"/>
      <line num="1891" count="0" type="stmt"/>
      <line num="1892" count="0" type="stmt"/>
      <line num="1895" count="0" type="stmt"/>
      <line num="1896" count="0" type="stmt"/>
      <line num="1898" count="0" type="stmt"/>
      <line num="1899" count="0" type="stmt"/>
      <line num="1900" count="0" type="cond" truecount="0" falsecount="2"/>
      <line num="1901" count="0" type="stmt"/>
      <line num="1902" count="0" type="stmt"/>
      <line num="1906" count="0" type="cond" truecount="0" falsecount="2"/>
      <line num="1907" count="0" type="stmt"/>
      <line num="1912" count="0" type="stmt"/>
      <line num="1913" count="0" type="cond" truecount="0" falsecount="2"/>
      <line num="1914" count="0" type="cond" truecount="0" falsecount="2"/>
      <line num="1922" count="0" type="cond" truecount="0" falsecount="2"/>
      <line num="1923" count="0" type="stmt"/>
      <line num="1925" count="0" type="stmt"/>
      <line num="1929" count="0" type="cond" truecount="0" falsecount="2"/>
      <line num="1930" count="0" type="stmt"/>
      <line num="1932" count="0" type="stmt"/>
      <line num="1933" count="0" type="cond" truecount="0" falsecount="4"/>
      <line num="1934" count="0" type="stmt"/>
      <line num="1938" count="0" type="stmt"/>
      <line num="1939" count="0" type="cond" truecount="0" falsecount="2"/>
      <line num="1940" count="0" type="cond" truecount="0" falsecount="2"/>
      <line num="1941" count="0" type="cond" truecount="0" falsecount="3"/>
      <line num="1942" count="0" type="cond" truecount="0" falsecount="3"/>
      <line num="1944" count="0" type="stmt"/>
      <line num="1960" count="0" type="stmt"/>
      <line num="1961" count="0" type="cond" truecount="0" falsecount="2"/>
      <line num="1962" count="0" type="cond" truecount="0" falsecount="4"/>
      <line num="1969" count="0" type="stmt"/>
      <line num="1970" count="0" type="cond" truecount="0" falsecount="4"/>
      <line num="1971" count="0" type="cond" truecount="0" falsecount="2"/>
      <line num="1972" count="0" type="cond" truecount="0" falsecount="4"/>
      <line num="1973" count="0" type="stmt"/>
      <line num="1975" count="0" type="stmt"/>
      <line num="2036" count="0" type="stmt"/>
      <line num="2037" count="0" type="cond" truecount="0" falsecount="2"/>
      <line num="2038" count="0" type="stmt"/>
      <line num="2039" count="0" type="stmt"/>
      <line num="2045" count="0" type="cond" truecount="0" falsecount="2"/>
      <line num="2046" count="0" type="stmt"/>
      <line num="2048" count="0" type="stmt"/>
      <line num="2051" count="0" type="stmt"/>
      <line num="2052" count="0" type="cond" truecount="0" falsecount="2"/>
      <line num="2054" count="0" type="cond" truecount="0" falsecount="6"/>
      <line num="2061" count="0" type="stmt"/>
      <line num="2062" count="0" type="cond" truecount="0" falsecount="2"/>
      <line num="2063" count="0" type="stmt"/>
      <line num="2065" count="0" type="stmt"/>
      <line num="2068" count="0" type="stmt"/>
      <line num="2069" count="0" type="stmt"/>
      <line num="2070" count="0" type="cond" truecount="0" falsecount="2"/>
      <line num="2071" count="0" type="stmt"/>
      <line num="2072" count="0" type="stmt"/>
      <line num="2073" count="0" type="stmt"/>
      <line num="2076" count="0" type="stmt"/>
      <line num="2077" count="0" type="stmt"/>
      <line num="2078" count="0" type="cond" truecount="0" falsecount="4"/>
      <line num="2082" count="0" type="stmt"/>
      <line num="2116" count="0" type="stmt"/>
      <line num="2117" count="0" type="cond" truecount="0" falsecount="2"/>
      <line num="2118" count="0" type="stmt"/>
      <line num="2119" count="0" type="stmt"/>
      <line num="2120" count="0" type="stmt"/>
      <line num="2121" count="0" type="stmt"/>
      <line num="2125" count="0" type="stmt"/>
      <line num="2129" count="0" type="stmt"/>
      <line num="2130" count="0" type="stmt"/>
      <line num="2131" count="0" type="stmt"/>
      <line num="2134" count="0" type="cond" truecount="0" falsecount="2"/>
      <line num="2135" count="0" type="cond" truecount="0" falsecount="2"/>
      <line num="2136" count="0" type="stmt"/>
      <line num="2138" count="0" type="stmt"/>
      <line num="2141" count="0" type="stmt"/>
      <line num="2142" count="0" type="stmt"/>
      <line num="2143" count="0" type="stmt"/>
      <line num="2145" count="0" type="stmt"/>
      <line num="2146" count="0" type="stmt"/>
      <line num="2147" count="0" type="stmt"/>
      <line num="2148" count="0" type="cond" truecount="0" falsecount="2"/>
      <line num="2149" count="0" type="stmt"/>
      <line num="2150" count="0" type="cond" truecount="0" falsecount="2"/>
      <line num="2151" count="0" type="cond" truecount="0" falsecount="2"/>
      <line num="2152" count="0" type="cond" truecount="0" falsecount="3"/>
      <line num="2153" count="0" type="stmt"/>
      <line num="2154" count="0" type="cond" truecount="0" falsecount="4"/>
      <line num="2157" count="0" type="stmt"/>
      <line num="2158" count="0" type="stmt"/>
      <line num="2160" count="0" type="stmt"/>
      <line num="2229" count="0" type="stmt"/>
      <line num="2230" count="0" type="cond" truecount="0" falsecount="2"/>
      <line num="2231" count="0" type="stmt"/>
      <line num="2232" count="0" type="stmt"/>
      <line num="2233" count="0" type="stmt"/>
      <line num="2234" count="0" type="cond" truecount="0" falsecount="5"/>
      <line num="2235" count="0" type="stmt"/>
      <line num="2236" count="0" type="stmt"/>
      <line num="2241" count="0" type="stmt"/>
      <line num="2242" count="0" type="cond" truecount="0" falsecount="2"/>
      <line num="2243" count="0" type="stmt"/>
      <line num="2244" count="0" type="stmt"/>
      <line num="2245" count="0" type="stmt"/>
      <line num="2246" count="0" type="stmt"/>
      <line num="2250" count="0" type="stmt"/>
      <line num="2253" count="0" type="cond" truecount="0" falsecount="2"/>
      <line num="2254" count="0" type="stmt"/>
      <line num="2255" count="0" type="stmt"/>
      <line num="2256" count="0" type="stmt"/>
      <line num="2257" count="0" type="stmt"/>
      <line num="2258" count="0" type="stmt"/>
      <line num="2259" count="0" type="stmt"/>
      <line num="2261" count="0" type="stmt"/>
      <line num="2265" count="0" type="stmt"/>
      <line num="2266" count="0" type="stmt"/>
      <line num="2267" count="0" type="cond" truecount="0" falsecount="2"/>
      <line num="2272" count="0" type="stmt"/>
      <line num="2273" count="0" type="stmt"/>
      <line num="2274" count="0" type="stmt"/>
      <line num="2276" count="0" type="cond" truecount="0" falsecount="2"/>
      <line num="2277" count="0" type="stmt"/>
      <line num="2278" count="0" type="cond" truecount="0" falsecount="2"/>
      <line num="2279" count="0" type="stmt"/>
      <line num="2280" count="0" type="cond" truecount="0" falsecount="2"/>
      <line num="2283" count="0" type="stmt"/>
      <line num="2284" count="0" type="stmt"/>
      <line num="2288" count="0" type="cond" truecount="0" falsecount="2"/>
      <line num="2289" count="0" type="stmt"/>
      <line num="2290" count="0" type="stmt"/>
      <line num="2291" count="0" type="cond" truecount="0" falsecount="4"/>
      <line num="2292" count="0" type="stmt"/>
      <line num="2293" count="0" type="stmt"/>
      <line num="2295" count="0" type="stmt"/>
      <line num="2296" count="0" type="stmt"/>
      <line num="2297" count="0" type="stmt"/>
      <line num="2298" count="0" type="cond" truecount="0" falsecount="4"/>
      <line num="2301" count="0" type="cond" truecount="0" falsecount="5"/>
      <line num="2302" count="0" type="stmt"/>
      <line num="2304" count="0" type="cond" truecount="0" falsecount="2"/>
      <line num="2305" count="0" type="stmt"/>
      <line num="2309" count="0" type="stmt"/>
      <line num="2310" count="0" type="stmt"/>
      <line num="2311" count="0" type="cond" truecount="0" falsecount="2"/>
      <line num="2314" count="0" type="stmt"/>
      <line num="2315" count="0" type="stmt"/>
      <line num="2318" count="0" type="cond" truecount="0" falsecount="4"/>
      <line num="2319" count="0" type="stmt"/>
      <line num="2320" count="0" type="cond" truecount="0" falsecount="2"/>
      <line num="2321" count="0" type="stmt"/>
      <line num="2322" count="0" type="cond" truecount="0" falsecount="2"/>
      <line num="2324" count="0" type="stmt"/>
      <line num="2325" count="0" type="stmt"/>
      <line num="2330" count="0" type="cond" truecount="0" falsecount="2"/>
      <line num="2331" count="0" type="stmt"/>
      <line num="2332" count="0" type="stmt"/>
      <line num="2333" count="0" type="stmt"/>
      <line num="2336" count="0" type="stmt"/>
      <line num="2337" count="0" type="cond" truecount="0" falsecount="2"/>
      <line num="2338" count="0" type="stmt"/>
      <line num="2341" count="0" type="stmt"/>
      <line num="2342" count="0" type="stmt"/>
      <line num="2343" count="0" type="stmt"/>
      <line num="2345" count="0" type="stmt"/>
      <line num="2348" count="0" type="stmt"/>
      <line num="2352" count="0" type="stmt"/>
      <line num="2353" count="0" type="cond" truecount="0" falsecount="2"/>
      <line num="2354" count="0" type="stmt"/>
      <line num="2355" count="0" type="stmt"/>
      <line num="2359" count="0" type="cond" truecount="0" falsecount="2"/>
      <line num="2360" count="0" type="stmt"/>
      <line num="2362" count="0" type="cond" truecount="0" falsecount="4"/>
      <line num="2363" count="0" type="cond" truecount="0" falsecount="2"/>
      <line num="2364" count="0" type="stmt"/>
      <line num="2366" count="0" type="cond" truecount="0" falsecount="4"/>
      <line num="2367" count="0" type="stmt"/>
      <line num="2369" count="0" type="cond" truecount="0" falsecount="2"/>
      <line num="2370" count="0" type="stmt"/>
      <line num="2372" count="0" type="cond" truecount="0" falsecount="2"/>
      <line num="2373" count="0" type="stmt"/>
      <line num="2375" count="0" type="cond" truecount="0" falsecount="2"/>
      <line num="2376" count="0" type="stmt"/>
      <line num="2378" count="0" type="stmt"/>
      <line num="2382" count="0" type="cond" truecount="0" falsecount="2"/>
      <line num="2383" count="0" type="stmt"/>
      <line num="2385" count="0" type="cond" truecount="0" falsecount="2"/>
      <line num="2386" count="0" type="stmt"/>
      <line num="2388" count="0" type="stmt"/>
      <line num="2392" count="0" type="cond" truecount="0" falsecount="4"/>
      <line num="2393" count="0" type="stmt"/>
      <line num="2395" count="0" type="cond" truecount="0" falsecount="2"/>
      <line num="2399" count="0" type="cond" truecount="0" falsecount="2"/>
      <line num="2400" count="0" type="cond" truecount="0" falsecount="2"/>
      <line num="2405" count="0" type="stmt"/>
      <line num="2407" count="0" type="stmt"/>
      <line num="2411" count="0" type="cond" truecount="0" falsecount="2"/>
      <line num="2412" count="0" type="cond" truecount="0" falsecount="4"/>
      <line num="2413" count="0" type="stmt"/>
      <line num="2415" count="0" type="stmt"/>
      <line num="2419" count="0" type="cond" truecount="0" falsecount="4"/>
      <line num="2420" count="0" type="stmt"/>
      <line num="2424" count="0" type="stmt"/>
      <line num="2425" count="0" type="stmt"/>
      <line num="2426" count="0" type="cond" truecount="0" falsecount="4"/>
      <line num="2427" count="0" type="stmt"/>
      <line num="2431" count="0" type="cond" truecount="0" falsecount="4"/>
      <line num="2432" count="0" type="stmt"/>
      <line num="2436" count="0" type="stmt"/>
      <line num="2440" count="0" type="cond" truecount="0" falsecount="5"/>
      <line num="2442" count="0" type="stmt"/>
      <line num="2444" count="0" type="stmt"/>
      <line num="2446" count="0" type="stmt"/>
      <line num="2448" count="0" type="stmt"/>
      <line num="2450" count="0" type="cond" truecount="0" falsecount="2"/>
      <line num="2455" count="0" type="cond" truecount="0" falsecount="2"/>
      <line num="2456" count="0" type="cond" truecount="0" falsecount="2"/>
      <line num="2457" count="0" type="stmt"/>
      <line num="2458" count="0" type="stmt"/>
      <line num="2459" count="0" type="stmt"/>
      <line num="2460" count="0" type="cond" truecount="0" falsecount="2"/>
      <line num="2461" count="0" type="stmt"/>
      <line num="2465" count="0" type="stmt"/>
      <line num="2466" count="0" type="stmt"/>
      <line num="2467" count="0" type="stmt"/>
      <line num="2468" count="0" type="stmt"/>
      <line num="2469" count="0" type="cond" truecount="0" falsecount="2"/>
      <line num="2473" count="0" type="stmt"/>
      <line num="2474" count="0" type="cond" truecount="0" falsecount="2"/>
      <line num="2475" count="0" type="cond" truecount="0" falsecount="2"/>
      <line num="2476" count="0" type="cond" truecount="0" falsecount="2"/>
      <line num="2477" count="0" type="cond" truecount="0" falsecount="2"/>
      <line num="2478" count="0" type="cond" truecount="0" falsecount="2"/>
      <line num="2479" count="0" type="cond" truecount="0" falsecount="2"/>
      <line num="2480" count="0" type="stmt"/>
      <line num="2487" count="0" type="cond" truecount="0" falsecount="2"/>
      <line num="2488" count="0" type="stmt"/>
      <line num="2495" count="0" type="stmt"/>
      <line num="2509" count="0" type="stmt"/>
      <line num="2510" count="0" type="cond" truecount="0" falsecount="2"/>
      <line num="2511" count="0" type="stmt"/>
      <line num="2514" count="0" type="stmt"/>
      <line num="2519" count="0" type="cond" truecount="0" falsecount="4"/>
      <line num="2520" count="0" type="stmt"/>
      <line num="2528" count="0" type="cond" truecount="0" falsecount="2"/>
      <line num="2529" count="0" type="stmt"/>
      <line num="2537" count="0" type="cond" truecount="0" falsecount="2"/>
      <line num="2538" count="0" type="stmt"/>
      <line num="2552" count="0" type="stmt"/>
      <line num="2561" count="0" type="cond" truecount="0" falsecount="2"/>
      <line num="2562" count="0" type="cond" truecount="0" falsecount="4"/>
      <line num="2563" count="0" type="stmt"/>
      <line num="2567" count="0" type="cond" truecount="0" falsecount="4"/>
      <line num="2571" count="0" type="cond" truecount="0" falsecount="2"/>
      <line num="2572" count="0" type="cond" truecount="0" falsecount="2"/>
      <line num="2573" count="0" type="cond" truecount="0" falsecount="4"/>
      <line num="2574" count="0" type="stmt"/>
      <line num="2575" count="0" type="stmt"/>
      <line num="2579" count="0" type="stmt"/>
      <line num="2585" count="0" type="stmt"/>
      <line num="2586" count="0" type="cond" truecount="0" falsecount="2"/>
      <line num="2587" count="0" type="cond" truecount="0" falsecount="2"/>
      <line num="2588" count="0" type="cond" truecount="0" falsecount="2"/>
      <line num="2589" count="0" type="cond" truecount="0" falsecount="4"/>
      <line num="2590" count="0" type="stmt"/>
      <line num="2594" count="0" type="stmt"/>
      <line num="2595" count="0" type="stmt"/>
      <line num="2596" count="0" type="stmt"/>
      <line num="2597" count="0" type="stmt"/>
      <line num="2598" count="0" type="cond" truecount="0" falsecount="2"/>
      <line num="2599" count="0" type="cond" truecount="0" falsecount="2"/>
      <line num="2604" count="0" type="stmt"/>
      <line num="2605" count="0" type="stmt"/>
      <line num="2610" count="0" type="stmt"/>
      <line num="2611" count="0" type="stmt"/>
      <line num="2612" count="0" type="stmt"/>
      <line num="2613" count="0" type="stmt"/>
      <line num="2614" count="0" type="cond" truecount="0" falsecount="2"/>
      <line num="2615" count="0" type="cond" truecount="0" falsecount="2"/>
      <line num="2620" count="0" type="stmt"/>
      <line num="2621" count="0" type="cond" truecount="0" falsecount="2"/>
      <line num="2627" count="0" type="stmt"/>
      <line num="2628" count="0" type="stmt"/>
      <line num="2629" count="0" type="stmt"/>
      <line num="2630" count="0" type="cond" truecount="0" falsecount="2"/>
      <line num="2634" count="0" type="stmt"/>
      <line num="2635" count="0" type="stmt"/>
      <line num="2637" count="0" type="stmt"/>
      <line num="2640" count="0" type="stmt"/>
      <line num="2641" count="0" type="cond" truecount="0" falsecount="2"/>
      <line num="2642" count="0" type="stmt"/>
      <line num="2644" count="0" type="stmt"/>
      <line num="2648" count="0" type="cond" truecount="0" falsecount="2"/>
      <line num="2649" count="0" type="stmt"/>
      <line num="2650" count="0" type="stmt"/>
      <line num="2652" count="0" type="cond" truecount="0" falsecount="4"/>
      <line num="2653" count="0" type="stmt"/>
      <line num="2658" count="0" type="cond" truecount="0" falsecount="2"/>
      <line num="2662" count="0" type="cond" truecount="0" falsecount="2"/>
      <line num="2663" count="0" type="cond" truecount="0" falsecount="4"/>
      <line num="2664" count="0" type="stmt"/>
      <line num="2665" count="0" type="stmt"/>
      <line num="2666" count="0" type="stmt"/>
      <line num="2667" count="0" type="stmt"/>
      <line num="2676" count="0" type="stmt"/>
      <line num="2694" count="0" type="stmt"/>
      <line num="2695" count="0" type="stmt"/>
      <line num="2697" count="0" type="stmt"/>
      <line num="2701" count="0" type="stmt"/>
      <line num="2702" count="0" type="stmt"/>
      <line num="2703" count="0" type="stmt"/>
      <line num="2705" count="0" type="stmt"/>
      <line num="2706" count="0" type="cond" truecount="0" falsecount="4"/>
      <line num="2707" count="0" type="cond" truecount="0" falsecount="4"/>
      <line num="2708" count="0" type="cond" truecount="0" falsecount="6"/>
      <line num="2709" count="0" type="cond" truecount="0" falsecount="4"/>
      <line num="2710" count="0" type="stmt"/>
      <line num="2714" count="0" type="stmt"/>
      <line num="2715" count="0" type="cond" truecount="0" falsecount="5"/>
      <line num="2717" count="0" type="cond" truecount="0" falsecount="4"/>
      <line num="2719" count="0" type="cond" truecount="0" falsecount="4"/>
      <line num="2721" count="0" type="cond" truecount="0" falsecount="4"/>
      <line num="2724" count="0" type="cond" truecount="0" falsecount="4"/>
      <line num="2728" count="0" type="stmt"/>
      <line num="2729" count="0" type="stmt"/>
      <line num="2730" count="0" type="stmt"/>
      <line num="2731" count="0" type="stmt"/>
      <line num="2732" count="0" type="stmt"/>
      <line num="2733" count="0" type="stmt"/>
      <line num="2734" count="0" type="stmt"/>
      <line num="2735" count="0" type="stmt"/>
      <line num="2739" count="0" type="cond" truecount="0" falsecount="2"/>
      <line num="2740" count="0" type="stmt"/>
      <line num="2741" count="0" type="stmt"/>
      <line num="2742" count="0" type="stmt"/>
      <line num="2743" count="0" type="stmt"/>
      <line num="2745" count="0" type="cond" truecount="0" falsecount="2"/>
      <line num="2746" count="0" type="cond" truecount="0" falsecount="2"/>
      <line num="2753" count="0" type="stmt"/>
      <line num="2755" count="0" type="stmt"/>
      <line num="2760" count="0" type="cond" truecount="0" falsecount="2"/>
      <line num="2761" count="0" type="cond" truecount="0" falsecount="2"/>
      <line num="2764" count="0" type="stmt"/>
      <line num="2765" count="0" type="stmt"/>
      <line num="2766" count="0" type="stmt"/>
      <line num="2767" count="0" type="stmt"/>
      <line num="2771" count="0" type="cond" truecount="0" falsecount="2"/>
      <line num="2772" count="0" type="stmt"/>
      <line num="2773" count="0" type="stmt"/>
      <line num="2774" count="0" type="stmt"/>
      <line num="2775" count="0" type="stmt"/>
      <line num="2776" count="0" type="cond" truecount="0" falsecount="2"/>
      <line num="2777" count="0" type="stmt"/>
      <line num="2778" count="0" type="stmt"/>
      <line num="2779" count="0" type="stmt"/>
      <line num="2780" count="0" type="stmt"/>
      <line num="2785" count="0" type="cond" truecount="0" falsecount="4"/>
      <line num="2786" count="0" type="stmt"/>
      <line num="2789" count="0" type="stmt"/>
      <line num="2790" count="0" type="stmt"/>
      <line num="2792" count="0" type="stmt"/>
      <line num="2793" count="0" type="stmt"/>
      <line num="2794" count="0" type="cond" truecount="0" falsecount="2"/>
      <line num="2795" count="0" type="stmt"/>
      <line num="2796" count="0" type="stmt"/>
      <line num="2801" count="0" type="stmt"/>
      <line num="2802" count="0" type="cond" truecount="0" falsecount="2"/>
      <line num="2803" count="0" type="cond" truecount="0" falsecount="2"/>
      <line num="2811" count="0" type="cond" truecount="0" falsecount="2"/>
      <line num="2812" count="0" type="stmt"/>
      <line num="2814" count="0" type="stmt"/>
      <line num="2818" count="0" type="cond" truecount="0" falsecount="2"/>
      <line num="2819" count="0" type="stmt"/>
      <line num="2821" count="0" type="stmt"/>
      <line num="2822" count="0" type="cond" truecount="0" falsecount="4"/>
      <line num="2823" count="0" type="stmt"/>
      <line num="2827" count="0" type="stmt"/>
      <line num="2828" count="0" type="stmt"/>
      <line num="2829" count="0" type="stmt"/>
      <line num="2830" count="0" type="stmt"/>
      <line num="2837" count="0" type="stmt"/>
      <line num="2838" count="0" type="stmt"/>
      <line num="2840" count="0" type="stmt"/>
      <line num="2874" count="0" type="stmt"/>
      <line num="2875" count="0" type="cond" truecount="0" falsecount="2"/>
      <line num="2876" count="0" type="stmt"/>
      <line num="2877" count="0" type="stmt"/>
      <line num="2883" count="0" type="cond" truecount="0" falsecount="2"/>
      <line num="2884" count="0" type="stmt"/>
      <line num="2886" count="0" type="stmt"/>
      <line num="2889" count="0" type="stmt"/>
      <line num="2890" count="0" type="stmt"/>
      <line num="2891" count="0" type="stmt"/>
      <line num="2892" count="0" type="cond" truecount="0" falsecount="2"/>
      <line num="2893" count="0" type="stmt"/>
      <line num="2894" count="0" type="stmt"/>
      <line num="2895" count="0" type="stmt"/>
      <line num="2897" count="0" type="stmt"/>
      <line num="2911" count="0" type="stmt"/>
      <line num="2912" count="0" type="cond" truecount="0" falsecount="2"/>
      <line num="2913" count="0" type="stmt"/>
      <line num="2914" count="0" type="stmt"/>
      <line num="2915" count="0" type="stmt"/>
      <line num="2916" count="0" type="stmt"/>
      <line num="2920" count="0" type="stmt"/>
      <line num="2925" count="0" type="cond" truecount="0" falsecount="2"/>
      <line num="2926" count="0" type="stmt"/>
      <line num="2928" count="0" type="stmt"/>
      <line num="2931" count="0" type="stmt"/>
      <line num="2932" count="0" type="stmt"/>
      <line num="2933" count="0" type="stmt"/>
      <line num="2934" count="0" type="stmt"/>
      <line num="2935" count="0" type="cond" truecount="0" falsecount="4"/>
      <line num="2938" count="0" type="stmt"/>
      <line num="2939" count="0" type="stmt"/>
      <line num="2940" count="0" type="cond" truecount="0" falsecount="2"/>
      <line num="2941" count="0" type="stmt"/>
      <line num="2966" count="0" type="stmt"/>
      <line num="2967" count="0" type="cond" truecount="0" falsecount="2"/>
      <line num="2968" count="0" type="stmt"/>
      <line num="2969" count="0" type="stmt"/>
      <line num="2970" count="0" type="stmt"/>
      <line num="2971" count="0" type="cond" truecount="0" falsecount="5"/>
      <line num="2972" count="0" type="stmt"/>
      <line num="2973" count="0" type="stmt"/>
      <line num="2978" count="0" type="stmt"/>
      <line num="2979" count="0" type="cond" truecount="0" falsecount="2"/>
      <line num="2980" count="0" type="stmt"/>
      <line num="2981" count="0" type="stmt"/>
      <line num="2982" count="0" type="stmt"/>
      <line num="2983" count="0" type="stmt"/>
      <line num="2987" count="0" type="stmt"/>
      <line num="2992" count="0" type="stmt"/>
      <line num="2993" count="0" type="stmt"/>
      <line num="2994" count="0" type="stmt"/>
      <line num="2995" count="0" type="stmt"/>
      <line num="2999" count="0" type="cond" truecount="0" falsecount="4"/>
      <line num="3000" count="0" type="stmt"/>
      <line num="3001" count="0" type="cond" truecount="0" falsecount="2"/>
      <line num="3002" count="0" type="stmt"/>
      <line num="3003" count="0" type="cond" truecount="0" falsecount="2"/>
      <line num="3004" count="0" type="stmt"/>
      <line num="3005" count="0" type="stmt"/>
      <line num="3009" count="0" type="cond" truecount="0" falsecount="4"/>
      <line num="3010" count="0" type="stmt"/>
      <line num="3011" count="0" type="stmt"/>
      <line num="3012" count="0" type="cond" truecount="0" falsecount="2"/>
      <line num="3013" count="0" type="stmt"/>
      <line num="3015" count="0" type="cond" truecount="0" falsecount="2"/>
      <line num="3016" count="0" type="stmt"/>
      <line num="3017" count="0" type="stmt"/>
      <line num="3020" count="0" type="cond" truecount="0" falsecount="2"/>
      <line num="3021" count="0" type="stmt"/>
      <line num="3022" count="0" type="stmt"/>
      <line num="3025" count="0" type="stmt"/>
      <line num="3029" count="0" type="cond" truecount="0" falsecount="4"/>
      <line num="3030" count="0" type="stmt"/>
      <line num="3031" count="0" type="stmt"/>
      <line num="3032" count="0" type="cond" truecount="0" falsecount="2"/>
      <line num="3033" count="0" type="stmt"/>
      <line num="3035" count="0" type="cond" truecount="0" falsecount="2"/>
      <line num="3036" count="0" type="stmt"/>
      <line num="3037" count="0" type="stmt"/>
      <line num="3040" count="0" type="cond" truecount="0" falsecount="2"/>
      <line num="3041" count="0" type="stmt"/>
      <line num="3042" count="0" type="stmt"/>
      <line num="3045" count="0" type="stmt"/>
      <line num="3051" count="0" type="stmt"/>
      <line num="3055" count="0" type="cond" truecount="0" falsecount="4"/>
      <line num="3056" count="0" type="stmt"/>
      <line num="3057" count="0" type="stmt"/>
      <line num="3059" count="0" type="stmt"/>
      <line num="3060" count="0" type="stmt"/>
      <line num="3064" count="0" type="cond" truecount="0" falsecount="4"/>
      <line num="3065" count="0" type="cond" truecount="0" falsecount="2"/>
      <line num="3066" count="0" type="cond" truecount="0" falsecount="2"/>
      <line num="3069" count="0" type="stmt"/>
      <line num="3076" count="0" type="stmt"/>
      <line num="3077" count="0" type="stmt"/>
      <line num="3078" count="0" type="stmt"/>
      <line num="3079" count="0" type="stmt"/>
      <line num="3080" count="0" type="stmt"/>
      <line num="3082" count="0" type="stmt"/>
      <line num="3086" count="0" type="stmt"/>
      <line num="3087" count="0" type="stmt"/>
      <line num="3088" count="0" type="stmt"/>
      <line num="3096" count="0" type="cond" truecount="0" falsecount="4"/>
      <line num="3097" count="0" type="stmt"/>
      <line num="3100" count="0" type="stmt"/>
      <line num="3101" count="0" type="stmt"/>
      <line num="3103" count="0" type="stmt"/>
      <line num="3104" count="0" type="stmt"/>
      <line num="3105" count="0" type="cond" truecount="0" falsecount="2"/>
      <line num="3106" count="0" type="stmt"/>
      <line num="3107" count="0" type="stmt"/>
      <line num="3112" count="0" type="cond" truecount="0" falsecount="4"/>
      <line num="3113" count="0" type="stmt"/>
      <line num="3114" count="0" type="stmt"/>
      <line num="3115" count="0" type="stmt"/>
      <line num="3116" count="0" type="cond" truecount="0" falsecount="2"/>
      <line num="3117" count="0" type="cond" truecount="0" falsecount="2"/>
      <line num="3118" count="0" type="stmt"/>
      <line num="3119" count="0" type="stmt"/>
      <line num="3121" count="0" type="stmt"/>
      <line num="3125" count="0" type="cond" truecount="0" falsecount="5"/>
      <line num="3126" count="0" type="stmt"/>
      <line num="3130" count="0" type="cond" truecount="0" falsecount="2"/>
      <line num="3137" count="0" type="stmt"/>
      <line num="3138" count="0" type="cond" truecount="0" falsecount="2"/>
      <line num="3139" count="0" type="stmt"/>
      <line num="3143" count="0" type="stmt"/>
      <line num="3144" count="0" type="stmt"/>
      <line num="3145" count="0" type="cond" truecount="0" falsecount="4"/>
      <line num="3146" count="0" type="stmt"/>
      <line num="3150" count="0" type="stmt"/>
      <line num="3151" count="0" type="cond" truecount="0" falsecount="2"/>
      <line num="3152" count="0" type="cond" truecount="0" falsecount="2"/>
      <line num="3153" count="0" type="cond" truecount="0" falsecount="2"/>
      <line num="3156" count="0" type="stmt"/>
      <line num="3160" count="0" type="cond" truecount="0" falsecount="2"/>
      <line num="3161" count="0" type="cond" truecount="0" falsecount="3"/>
      <line num="3166" count="0" type="cond" truecount="0" falsecount="2"/>
      <line num="3167" count="0" type="stmt"/>
      <line num="3171" count="0" type="cond" truecount="0" falsecount="3"/>
      <line num="3175" count="0" type="cond" truecount="0" falsecount="2"/>
      <line num="3176" count="0" type="cond" truecount="0" falsecount="2"/>
      <line num="3177" count="0" type="stmt"/>
      <line num="3179" count="0" type="stmt"/>
      <line num="3183" count="0" type="stmt"/>
      <line num="3184" count="0" type="stmt"/>
      <line num="3185" count="0" type="stmt"/>
      <line num="3186" count="0" type="stmt"/>
      <line num="3187" count="0" type="stmt"/>
      <line num="3188" count="0" type="stmt"/>
      <line num="3189" count="0" type="stmt"/>
      <line num="3190" count="0" type="cond" truecount="0" falsecount="2"/>
      <line num="3191" count="0" type="stmt"/>
      <line num="3196" count="0" type="cond" truecount="0" falsecount="2"/>
      <line num="3197" count="0" type="stmt"/>
      <line num="3198" count="0" type="stmt"/>
      <line num="3199" count="0" type="stmt"/>
      <line num="3201" count="0" type="stmt"/>
      <line num="3202" count="0" type="cond" truecount="0" falsecount="4"/>
      <line num="3203" count="0" type="cond" truecount="0" falsecount="4"/>
      <line num="3204" count="0" type="cond" truecount="0" falsecount="2"/>
      <line num="3205" count="0" type="cond" truecount="0" falsecount="4"/>
      <line num="3206" count="0" type="cond" truecount="0" falsecount="2"/>
      <line num="3207" count="0" type="stmt"/>
      <line num="3208" count="0" type="cond" truecount="0" falsecount="2"/>
      <line num="3210" count="0" type="stmt"/>
      <line num="3214" count="0" type="stmt"/>
      <line num="3215" count="0" type="cond" truecount="0" falsecount="5"/>
      <line num="3217" count="0" type="cond" truecount="0" falsecount="4"/>
      <line num="3219" count="0" type="cond" truecount="0" falsecount="4"/>
      <line num="3221" count="0" type="cond" truecount="0" falsecount="4"/>
      <line num="3224" count="0" type="cond" truecount="0" falsecount="4"/>
      <line num="3228" count="0" type="stmt"/>
      <line num="3229" count="0" type="stmt"/>
      <line num="3230" count="0" type="cond" truecount="0" falsecount="2"/>
      <line num="3235" count="0" type="cond" truecount="0" falsecount="4"/>
      <line num="3236" count="0" type="cond" truecount="0" falsecount="2"/>
      <line num="3239" count="0" type="cond" truecount="0" falsecount="6"/>
      <line num="3240" count="0" type="cond" truecount="0" falsecount="2"/>
      <line num="3242" count="0" type="stmt"/>
      <line num="3243" count="0" type="stmt"/>
      <line num="3244" count="0" type="stmt"/>
      <line num="3248" count="0" type="cond" truecount="0" falsecount="2"/>
      <line num="3249" count="0" type="cond" truecount="0" falsecount="2"/>
      <line num="3250" count="0" type="stmt"/>
      <line num="3256" count="0" type="cond" truecount="0" falsecount="2"/>
      <line num="3257" count="0" type="stmt"/>
      <line num="3259" count="0" type="stmt"/>
      <line num="3263" count="0" type="cond" truecount="0" falsecount="2"/>
      <line num="3264" count="0" type="stmt"/>
      <line num="3266" count="0" type="stmt"/>
      <line num="3267" count="0" type="cond" truecount="0" falsecount="4"/>
      <line num="3268" count="0" type="stmt"/>
      <line num="3272" count="0" type="cond" truecount="0" falsecount="2"/>
      <line num="3273" count="0" type="cond" truecount="0" falsecount="4"/>
      <line num="3274" count="0" type="cond" truecount="0" falsecount="2"/>
      <line num="3275" count="0" type="cond" truecount="0" falsecount="2"/>
      <line num="3278" count="0" type="cond" truecount="0" falsecount="2"/>
      <line num="3280" count="0" type="cond" truecount="0" falsecount="3"/>
      <line num="3281" count="0" type="cond" truecount="0" falsecount="2"/>
      <line num="3282" count="0" type="cond" truecount="0" falsecount="2"/>
      <line num="3285" count="0" type="cond" truecount="0" falsecount="2"/>
      <line num="3292" count="0" type="cond" truecount="0" falsecount="2"/>
      <line num="3295" count="0" type="stmt"/>
      <line num="3296" count="0" type="cond" truecount="0" falsecount="2"/>
      <line num="3303" count="0" type="cond" truecount="0" falsecount="2"/>
      <line num="3304" count="0" type="cond" truecount="0" falsecount="2"/>
      <line num="3306" count="0" type="stmt"/>
      <line num="3331" count="0" type="stmt"/>
      <line num="3332" count="0" type="cond" truecount="0" falsecount="2"/>
      <line num="3333" count="0" type="stmt"/>
      <line num="3334" count="0" type="stmt"/>
      <line num="3335" count="0" type="cond" truecount="0" falsecount="2"/>
      <line num="3341" count="0" type="cond" truecount="0" falsecount="2"/>
      <line num="3342" count="0" type="cond" truecount="0" falsecount="2"/>
      <line num="3343" count="0" type="stmt"/>
      <line num="3344" count="0" type="stmt"/>
      <line num="3347" count="0" type="stmt"/>
      <line num="3348" count="0" type="stmt"/>
      <line num="3349" count="0" type="stmt"/>
      <line num="3351" count="0" type="stmt"/>
      <line num="3352" count="0" type="stmt"/>
      <line num="3353" count="0" type="stmt"/>
      <line num="3354" count="0" type="cond" truecount="0" falsecount="2"/>
      <line num="3355" count="0" type="cond" truecount="0" falsecount="2"/>
      <line num="3356" count="0" type="cond" truecount="0" falsecount="4"/>
      <line num="3359" count="0" type="stmt"/>
[...]
      <line num="3462" count="0" type="stmt"/>
      <line num="3463" count="0" type="stmt"/>
      <line num="3464" count="0" type="stmt"/>
      <line num="3465" count="0" type="stmt"/>
      <line num="3466" count="0" type="stmt"/>
      <line num="3467" count="0" type="stmt"/>
      <line num="3468" count="0" type="stmt"/>
      <line num="3469" count="0" type="stmt"/>
      <line num="3470" count="0" type="stmt"/>
      <line num="3471" count="0" type="stmt"/>
      <line num="3472" count="0" type="stmt"/>
      <line num="3473" count="0" type="stmt"/>
      <line num="3474" count="0" type="stmt"/>
      <line num="3475" count="0" type="stmt"/>
      <line num="3476" count="0" type="stmt"/>
      <line num="3477" count="0" type="stmt"/>
      <line num="3480" count="0" type="stmt"/>
      <line num="3481" count="0" type="stmt"/>
      <line num="3482" count="0" type="stmt"/>
      <line num="3483" count="0" type="stmt"/>
      <line num="3484" count="0" type="stmt"/>
      <line num="3485" count="0" type="stmt"/>
      <line num="3486" count="0" type="stmt"/>
      <line num="3487" count="0" type="stmt"/>
      <line num="3488" count="0" type="stmt"/>
      <line num="3489" count="0" type="cond" truecount="0" falsecount="4"/>
      <line num="3490" count="0" type="stmt"/>
      <line num="3491" count="0" type="stmt"/>
      <line num="3492" count="0" type="stmt"/>
      <line num="3498" count="0" type="stmt"/>
      <line num="3503" count="0" type="stmt"/>
      <line num="3504" count="0" type="stmt"/>
      <line num="3506" count="0" type="stmt"/>
      <line num="3508" count="0" type="stmt"/>
      <line num="3510" count="0" type="stmt"/>
      <line num="3511" count="0" type="stmt"/>
      <line num="3512" count="0" type="stmt"/>
      <line num="3514" count="0" type="cond" truecount="0" falsecount="2"/>
      <line num="3515" count="0" type="stmt"/>
      <line num="3516" count="0" type="cond" truecount="0" falsecount="4"/>
      <line num="3517" count="0" type="stmt"/>
      <line num="3518" count="0" type="stmt"/>
      <line num="3520" count="0" type="stmt"/>
      <line num="3521" count="0" type="cond" truecount="0" falsecount="2"/>
      <line num="3523" count="0" type="cond" truecount="0" falsecount="4"/>
      <line num="3524" count="0" type="stmt"/>
      <line num="3525" count="0" type="stmt"/>
      <line num="3526" count="0" type="cond" truecount="0" falsecount="2"/>
      <line num="3529" count="0" type="cond" truecount="0" falsecount="4"/>
      <line num="3530" count="0" type="stmt"/>
      <line num="3532" count="0" type="cond" truecount="0" falsecount="4"/>
      <line num="3533" count="0" type="stmt"/>
      <line num="3535" count="0" type="stmt"/>
      <line num="3536" count="0" type="cond" truecount="0" falsecount="4"/>
      <line num="3537" count="0" type="stmt"/>
      <line num="3539" count="0" type="stmt"/>
      <line num="3541" count="0" type="cond" truecount="0" falsecount="4"/>
      <line num="3542" count="0" type="stmt"/>
      <line num="3546" count="0" type="stmt"/>
      <line num="3547" count="0" type="stmt"/>
      <line num="3548" count="0" type="stmt"/>
      <line num="3549" count="0" type="cond" truecount="0" falsecount="2"/>
      <line num="3550" count="0" type="stmt"/>
      <line num="3551" count="0" type="stmt"/>
      <line num="3552" count="0" type="stmt"/>
      <line num="3554" count="0" type="cond" truecount="0" falsecount="2"/>
      <line num="3555" count="0" type="stmt"/>
      <line num="3557" count="0" type="cond" truecount="0" falsecount="2"/>
      <line num="3558" count="0" type="stmt"/>
      <line num="3562" count="0" type="cond" truecount="0" falsecount="2"/>
      <line num="3563" count="0" type="stmt"/>
      <line num="3569" count="0" type="cond" truecount="0" falsecount="4"/>
      <line num="3570" count="0" type="stmt"/>
      <line num="3576" count="0" type="stmt"/>
      <line num="3577" count="0" type="stmt"/>
      <line num="3578" count="0" type="stmt"/>
      <line num="3579" count="0" type="stmt"/>
      <line num="3580" count="0" type="stmt"/>
      <line num="3581" count="0" type="stmt"/>
      <line num="3582" count="0" type="cond" truecount="0" falsecount="2"/>
      <line num="3583" count="0" type="stmt"/>
      <line num="3585" count="0" type="stmt"/>
      <line num="3588" count="0" type="stmt"/>
      <line num="3589" count="0" type="stmt"/>
      <line num="3590" count="0" type="stmt"/>
      <line num="3591" count="0" type="stmt"/>
      <line num="3592" count="0" type="stmt"/>
      <line num="3594" count="0" type="stmt"/>
      <line num="3595" count="0" type="stmt"/>
      <line num="3596" count="0" type="stmt"/>
      <line num="3599" count="0" type="stmt"/>
      <line num="3611" count="0" type="stmt"/>
      <line num="3614" count="0" type="stmt"/>
      <line num="3615" count="0" type="stmt"/>
      <line num="3616" count="0" type="stmt"/>
      <line num="3617" count="0" type="stmt"/>
      <line num="3621" count="0" type="stmt"/>
      <line num="3622" count="0" type="stmt"/>
      <line num="3623" count="0" type="stmt"/>
      <line num="3624" count="0" type="stmt"/>
      <line num="3628" count="0" type="stmt"/>
      <line num="3629" count="0" type="stmt"/>
      <line num="3630" count="0" type="stmt"/>
      <line num="3634" count="0" type="stmt"/>
      <line num="3635" count="0" type="stmt"/>
      <line num="3639" count="0" type="stmt"/>
      <line num="3640" count="0" type="stmt"/>
      <line num="3641" count="0" type="stmt"/>
      <line num="3645" count="0" type="stmt"/>
      <line num="3646" count="0" type="stmt"/>
      <line num="3650" count="0" type="stmt"/>
      <line num="3651" count="0" type="stmt"/>
      <line num="3652" count="0" type="stmt"/>
      <line num="3656" count="0" type="stmt"/>
      <line num="3657" count="0" type="stmt"/>
      <line num="3658" count="0" type="stmt"/>
      <line num="3662" count="0" type="stmt"/>
      <line num="3663" count="0" type="stmt"/>
      <line num="3664" count="0" type="stmt"/>
      <line num="3667" count="0" type="stmt"/>
      <line num="3668" count="0" type="stmt"/>
      <line num="3669" count="0" type="stmt"/>
      <line num="3672" count="0" type="stmt"/>
      <line num="3673" count="0" type="stmt"/>
      <line num="3674" count="0" type="stmt"/>
      <line num="3677" count="0" type="stmt"/>
      <line num="3678" count="0" type="stmt"/>
      <line num="3679" count="0" type="stmt"/>
      <line num="3681" count="0" type="stmt"/>
      <line num="3682" count="0" type="stmt"/>
      <line num="3686" count="0" type="stmt"/>
      <line num="3687" count="0" type="cond" truecount="0" falsecount="2"/>
      <line num="3688" count="0" type="stmt"/>
      <line num="3689" count="0" type="cond" truecount="0" falsecount="2"/>
      <line num="3693" count="0" type="stmt"/>
      <line num="3694" count="0" type="stmt"/>
      <line num="3695" count="0" type="stmt"/>
      <line num="3699" count="0" type="cond" truecount="0" falsecount="2"/>
      <line num="3700" count="0" type="stmt"/>
      <line num="3704" count="0" type="stmt"/>
      <line num="3705" count="0" type="stmt"/>
      <line num="3706" count="0" type="stmt"/>
      <line num="3707" count="0" type="stmt"/>
      <line num="3708" count="0" type="stmt"/>
      <line num="3709" count="0" type="stmt"/>
      <line num="3710" count="0" type="stmt"/>
      <line num="3711" count="0" type="stmt"/>
      <line num="3712" count="0" type="stmt"/>
      <line num="3713" count="0" type="stmt"/>
      <line num="3715" count="0" type="stmt"/>
      <line num="3716" count="0" type="stmt"/>
      <line num="3719" count="0" type="stmt"/>
      <line num="3720" count="0" type="stmt"/>
      <line num="3723" count="0" type="stmt"/>
      <line num="3724" count="0" type="stmt"/>
      <line num="3727" count="0" type="stmt"/>
      <line num="3728" count="0" type="stmt"/>
      <line num="3731" count="0" type="stmt"/>
      <line num="3732" count="0" type="stmt"/>
      <line num="3735" count="0" type="stmt"/>
      <line num="3736" count="0" type="stmt"/>
      <line num="3739" count="0" type="stmt"/>
      <line num="3740" count="0" type="stmt"/>
      <line num="3743" count="0" type="stmt"/>
      <line num="3744" count="0" type="stmt"/>
      <line num="3748" count="0" type="stmt"/>
      <line num="3749" count="0" type="stmt"/>
      <line num="3750" count="0" type="stmt"/>
      <line num="3753" count="0" type="stmt"/>
      <line num="3754" count="0" type="stmt"/>
      <line num="3757" count="0" type="stmt"/>
      <line num="3758" count="0" type="stmt"/>
      <line num="3759" count="0" type="cond" truecount="0" falsecount="2"/>
      <line num="3760" count="0" type="stmt"/>
      <line num="3761" count="0" type="cond" truecount="0" falsecount="2"/>
      <line num="3762" count="0" type="stmt"/>
      <line num="3763" count="0" type="cond" truecount="0" falsecount="2"/>
      <line num="3765" count="0" type="stmt"/>
      <line num="3766" count="0" type="stmt"/>
      <line num="3769" count="0" type="stmt"/>
      <line num="3770" count="0" type="cond" truecount="0" falsecount="2"/>
      <line num="3771" count="0" type="stmt"/>
      <line num="3776" count="0" type="stmt"/>
      <line num="3777" count="0" type="stmt"/>
      <line num="3778" count="0" type="stmt"/>
      <line num="3779" count="0" type="stmt"/>
      <line num="3781" count="0" type="stmt"/>
      <line num="3782" count="0" type="stmt"/>
      <line num="3783" count="0" type="stmt"/>
      <line num="3786" count="0" type="stmt"/>
      <line num="3787" count="0" type="stmt"/>
      <line num="3790" count="0" type="stmt"/>
      <line num="3791" count="0" type="cond" truecount="0" falsecount="2"/>
      <line num="3792" count="0" type="stmt"/>
      <line num="3797" count="0" type="cond" truecount="0" falsecount="2"/>
      <line num="3798" count="0" type="stmt"/>
      <line num="3807" count="0" type="stmt"/>
      <line num="3808" count="0" type="stmt"/>
      <line num="3809" count="0" type="stmt"/>
      <line num="3810" count="0" type="stmt"/>
      <line num="3811" count="0" type="stmt"/>
      <line num="3817" count="0" type="stmt"/>
      <line num="3818" count="0" type="cond" truecount="0" falsecount="2"/>
      <line num="3821" count="0" type="stmt"/>
      <line num="3822" count="0" type="cond" truecount="0" falsecount="4"/>
      <line num="3823" count="0" type="cond" truecount="0" falsecount="2"/>
      <line num="3824" count="0" type="cond" truecount="0" falsecount="2"/>
      <line num="3825" count="0" type="cond" truecount="0" falsecount="2"/>
      <line num="3827" count="0" type="stmt"/>
      <line num="3830" count="0" type="stmt"/>
      <line num="3831" count="0" type="stmt"/>
      <line num="3832" count="0" type="stmt"/>
      <line num="3833" count="0" type="stmt"/>
      <line num="3834" count="0" type="stmt"/>
      <line num="3838" count="0" type="stmt"/>
      <line num="3839" count="0" type="stmt"/>
      <line num="3840" count="0" type="stmt"/>
      <line num="3841" count="0" type="stmt"/>
      <line num="3842" count="0" type="stmt"/>
      <line num="3843" count="0" type="stmt"/>
      <line num="3844" count="0" type="stmt"/>
      <line num="3846" count="0" type="stmt"/>
      <line num="3847" count="0" type="stmt"/>
      <line num="3848" count="0" type="stmt"/>
      <line num="3851" count="0" type="stmt"/>
      <line num="3852" count="0" type="stmt"/>
      <line num="3855" count="0" type="stmt"/>
      <line num="3856" count="0" type="cond" truecount="0" falsecount="2"/>
      <line num="3857" count="0" type="stmt"/>
      <line num="3861" count="0" type="stmt"/>
      <line num="3862" count="0" type="stmt"/>
      <line num="3863" count="0" type="cond" truecount="0" falsecount="2"/>
      <line num="3864" count="0" type="stmt"/>
      <line num="3865" count="0" type="stmt"/>
      <line num="3867" count="0" type="stmt"/>
      <line num="3871" count="0" type="stmt"/>
      <line num="3872" count="0" type="stmt"/>
      <line num="3873" count="0" type="cond" truecount="0" falsecount="2"/>
      <line num="3874" count="0" type="stmt"/>
      <line num="3875" count="0" type="stmt"/>
      <line num="3877" count="0" type="stmt"/>
      <line num="3882" count="0" type="stmt"/>
      <line num="3886" count="0" type="cond" truecount="0" falsecount="2"/>
      <line num="3888" count="0" type="stmt"/>
      <line num="3902" count="0" type="stmt"/>
      <line num="3903" count="0" type="stmt"/>
      <line num="3904" count="0" type="stmt"/>
      <line num="3905" count="0" type="stmt"/>
      <line num="3911" count="0" type="stmt"/>
      <line num="3912" count="0" type="cond" truecount="0" falsecount="2"/>
      <line num="3914" count="0" type="stmt"/>
      <line num="3915" count="0" type="stmt"/>
      <line num="3917" count="0" type="stmt"/>
      <line num="3928" count="0" type="stmt"/>
      <line num="3929" count="0" type="stmt"/>
      <line num="3930" count="0" type="stmt"/>
      <line num="3934" count="0" type="stmt"/>
      <line num="3935" count="0" type="stmt"/>
      <line num="3938" count="0" type="stmt"/>
      <line num="3939" count="0" type="stmt"/>
      <line num="3940" count="0" type="stmt"/>
      <line num="3943" count="0" type="stmt"/>
      <line num="3945" count="0" type="stmt"/>
      <line num="3946" count="0" type="stmt"/>
      <line num="3947" count="0" type="stmt"/>
      <line num="3950" count="0" type="stmt"/>
      <line num="3952" count="0" type="stmt"/>
      <line num="3953" count="0" type="stmt"/>
      <line num="3954" count="0" type="stmt"/>
      <line num="3957" count="0" type="stmt"/>
      <line num="3959" count="0" type="stmt"/>
      <line num="3960" count="0" type="stmt"/>
      <line num="3961" count="0" type="stmt"/>
      <line num="3964" count="0" type="stmt"/>
      <line num="3965" count="0" type="stmt"/>
      <line num="3966" count="0" type="stmt"/>
      <line num="3969" count="0" type="stmt"/>
      <line num="3970" count="0" type="stmt"/>
      <line num="3973" count="0" type="stmt"/>
      <line num="3974" count="0" type="stmt"/>
      <line num="3975" count="0" type="stmt"/>
      <line num="3978" count="0" type="stmt"/>
      <line num="3979" count="0" type="stmt"/>
      <line num="3980" count="0" type="stmt"/>
      <line num="3981" count="0" type="stmt"/>
      <line num="3983" count="0" type="stmt"/>
      <line num="3984" count="0" type="stmt"/>
      <line num="3985" count="0" type="stmt"/>
      <line num="3986" count="0" type="stmt"/>
      <line num="3987" count="0" type="stmt"/>
      <line num="3990" count="0" type="stmt"/>
      <line num="3991" count="0" type="stmt"/>
      <line num="3992" count="0" type="cond" truecount="0" falsecount="2"/>
      <line num="3993" count="0" type="stmt"/>
      <line num="3997" count="0" type="stmt"/>
      <line num="3998" count="0" type="stmt"/>
      <line num="3999" count="0" type="cond" truecount="0" falsecount="2"/>
      <line num="4001" count="0" type="cond" truecount="0" falsecount="5"/>
      <line num="4002" count="0" type="stmt"/>
      <line num="4005" count="0" type="cond" truecount="0" falsecount="5"/>
      <line num="4006" count="0" type="stmt"/>
      <line num="4010" count="0" type="stmt"/>
      <line num="4011" count="0" type="cond" truecount="0" falsecount="2"/>
      <line num="4012" count="0" type="cond" truecount="0" falsecount="2"/>
      <line num="4013" count="0" type="cond" truecount="0" falsecount="2"/>
      <line num="4016" count="0" type="stmt"/>
      <line num="4017" count="0" type="stmt"/>
      <line num="4018" count="0" type="cond" truecount="0" falsecount="2"/>
      <line num="4019" count="0" type="cond" truecount="0" falsecount="2"/>
      <line num="4020" count="0" type="stmt"/>
      <line num="4021" count="0" type="stmt"/>
      <line num="4022" count="0" type="stmt"/>
      <line num="4024" count="0" type="cond" truecount="0" falsecount="2"/>
      <line num="4025" count="0" type="stmt"/>
      <line num="4026" count="0" type="stmt"/>
      <line num="4029" count="0" type="cond" truecount="0" falsecount="4"/>
      <line num="4030" count="0" type="stmt"/>
      <line num="4034" count="0" type="stmt"/>
      <line num="4035" count="0" type="stmt"/>
      <line num="4038" count="0" type="stmt"/>
      <line num="4039" count="0" type="stmt"/>
      <line num="4040" count="0" type="stmt"/>
      <line num="4042" count="0" type="stmt"/>
      <line num="4044" count="0" type="stmt"/>
      <line num="4045" count="0" type="stmt"/>
      <line num="4046" count="0" type="stmt"/>
      <line num="4047" count="0" type="stmt"/>
      <line num="4048" count="0" type="stmt"/>
      <line num="4049" count="0" type="stmt"/>
      <line num="4050" count="0" type="stmt"/>
      <line num="4052" count="0" type="stmt"/>
      <line num="4054" count="0" type="stmt"/>
      <line num="4056" count="0" type="stmt"/>
    </file>
    <file name="collections.js" path="/Users/koohaoming/dev/amex-dining-map/web/collections.js">
      <metrics statements="8" coveredstatements="0" conditionals="3" coveredconditionals="0" methods="8" coveredmethods="0"/>
      <line num="3" count="0" type="stmt"/>
      <line num="70" count="0" type="stmt"/>
      <line num="205" count="0" type="stmt"/>
      <line num="209" count="0" type="stmt"/>
      <line num="213" count="0" type="stmt"/>
      <line num="214" count="0" type="stmt"/>
      <line num="215" count="0" type="cond" truecount="0" falsecount="3"/>
      <line num="222" count="0" type="stmt"/>
    </file>
    <file name="i18n.js" path="/Users/koohaoming/dev/amex-dining-map/web/i18n.js">
      <metrics statements="11" coveredstatements="0" conditionals="9" coveredconditionals="0" methods="4" coveredmethods="0"/>
      <line num="2" count="0" type="stmt"/>
      <line num="104" count="0" type="cond" truecount="0" falsecount="2"/>
      <line num="107" count="0" type="stmt"/>
      <line num="108" count="0" type="stmt"/>
      <line num="112" count="0" type="cond" truecount="0" falsecount="3"/>
      <line num="117" count="0" type="stmt"/>
      <line num="118" count="0" type="stmt"/>
      <line num="119" count="0" type="stmt"/>
      <line num="120" count="0" type="cond" truecount="0" falsecount="4"/>
      <line num="121" count="0" type="stmt"/>
      <line num="123" count="0" type="stmt"/>
    </file>
    <file name="sw.js" path="/Users/koohaoming/dev/amex-dining-map/web/sw.js">
      <metrics statements="26" coveredstatements="0" conditionals="8" coveredconditionals="0" methods="16" coveredmethods="0"/>
      <line num="2" count="0" type="stmt"/>
      <line num="3" count="0" type="stmt"/>
      <line num="20" count="0" type="stmt"/>
      <line num="21" count="0" type="stmt"/>
      <line num="24" count="0" type="stmt"/>
      <line num="26" count="0" type="stmt"/>
      <line num="29" count="0" type="stmt"/>
      <line num="34" count="0" type="stmt"/>
      <line num="35" count="0" type="stmt"/>
      <line num="38" count="0" type="stmt"/>
      <line num="40" count="0" type="stmt"/>
      <line num="41" count="0" type="stmt"/>
      <line num="44" count="0" type="stmt"/>
      <line num="49" count="0" type="stmt"/>
      <line num="51" count="0" type="cond" truecount="0" falsecount="2"/>
      <line num="53" count="0" type="stmt"/>
      <line num="57" count="0" type="cond" truecount="0" falsecount="2"/>
      <line num="58" count="0" type="stmt"/>
      <line num="59" count="0" type="stmt"/>
      <line num="60" count="0" type="stmt"/>
      <line num="63" count="0" type="stmt"/>
      <line num="67" count="0" type="stmt"/>
      <line num="69" count="0" type="cond" truecount="0" falsecount="2"/>
      <line num="80" count="0" type="stmt"/>
      <line num="81" count="0" type="cond" truecount="0" falsecount="2"/>
      <line num="82" count="0" type="stmt"/>
    </file>
  </project>
</coverage>
