{"/Users/koohaoming/dev/amex-dining-map/web/app.js": {"path":"/Users/koohaoming/dev/amex-dining-map/web/app.js","statementMap":{"0":{"start":{"line":1,"column":17},"end":{"line":1,"column":48}},"1":{"start":{"line":2,"column":24},"end":{"line":2,"column":56}},"2":{"start":{"line":3,"column":23},"end":{"line":3,"column":47}},"3":{"start":{"line":4,"column":23},"end":{"line":4,"column":53}},"4":{"start":{"line":5,"column":29},"end":{"line":5,"column":54}},"5":{"start":{"line":6,"column":27},"end":{"line":6,"column":60}},"6":{"start":{"line":7,"column":27},"end":{"line":7,"column":61}},"7":{"start":{"line":8,"column":26},"end":{"line":8,"column":59}},"8":{"start":{"line":9,"column":25},"end":{"line":9,"column":59}},"9":{"start":{"line":10,"column":26},"end":{"line":10,"column":50}},"10":{"start":{"line":11,"column":26},"end":{"line":11,"column":29}},"11":{"start":{"line":12,"column":16},"end":{"line":12,"column":19}},"12":{"start":{"line":13,"column":22},"end":{"line":13,"column":23}},"13":{"start":{"line":14,"column":29},"end":{"line":14,"column":31}},"14":{"start":{"line":17,"column":23},"end":{"line":24,"column":1}},"15":{"start":{"line":26,"column":25},"end":{"line":33,"column":1}},"16":{"start":{"line":36,"column":2},"end":{"line":36,"column":50}},"17":{"start":{"line":36,"column":38},"end":{"line":36,"column":50}},"18":{"start":{"line":37,"column":15},"end":{"line":37,"column":63}},"19":{"start":{"line":38,"column":20},"end":{"line":38,"column":36}},"20":{"start":{"line":39,"column":2},"end":{"line":39,"column":30}},"21":{"start":{"line":43,"column":20},"end":{"line":43,"column":56}},"22":{"start":{"line":44,"column":2},"end":{"line":44,"column":38}},"23":{"start":{"line":44,"column":26},"end":{"line":44,"column":38}},"24":{"start":{"line":45,"column":17},"end":{"line":45,"column":55}},"25":{"start":{"line":46,"column":2},"end":{"line":46,"column":58}},"26":{"start":{"line":52,"column":2},"end":{"line":59,"column":4}},"27":{"start":{"line":53,"column":18},"end":{"line":56,"column":5}},"28":{"start":{"line":54,"column":6},"end":{"line":54,"column":28}},"29":{"start":{"line":55,"column":6},"end":{"line":55,"column":20}},"30":{"start":{"line":57,"column":4},"end":{"line":57,"column":26}},"31":{"start":{"line":58,"column":4},"end":{"line":58,"column":38}},"32":{"start":{"line":66,"column":0},"end":{"line":72,"column":1}},"33":{"start":{"line":67,"column":2},"end":{"line":71,"column":5}},"34":{"start":{"line":68,"column":4},"end":{"line":68,"column":51}},"35":{"start":{"line":70,"column":4},"end":{"line":70,"column":60}},"36":{"start":{"line":75,"column":0},"end":{"line":106,"column":3}},"37":{"start":{"line":76,"column":2},"end":{"line":76,"column":21}},"38":{"start":{"line":77,"column":2},"end":{"line":77,"column":21}},"39":{"start":{"line":80,"column":2},"end":{"line":105,"column":3}},"40":{"start":{"line":81,"column":19},"end":{"line":81,"column":56}},"41":{"start":{"line":82,"column":4},"end":{"line":104,"column":5}},"42":{"start":{"line":83,"column":6},"end":{"line":83,"column":58}},"43":{"start":{"line":84,"column":6},"end":{"line":84,"column":57}},"44":{"start":{"line":85,"column":6},"end":{"line":85,"column":54}},"45":{"start":{"line":86,"column":6},"end":{"line":86,"column":49}},"46":{"start":{"line":87,"column":6},"end":{"line":87,"column":80}},"47":{"start":{"line":89,"column":28},"end":{"line":89,"column":71}},"48":{"start":{"line":90,"column":6},"end":{"line":103,"column":7}},"49":{"start":{"line":91,"column":8},"end":{"line":91,"column":79}},"50":{"start":{"line":93,"column":8},"end":{"line":102,"column":11}},"51":{"start":{"line":94,"column":10},"end":{"line":101,"column":11}},"52":{"start":{"line":95,"column":12},"end":{"line":95,"column":36}},"53":{"start":{"line":96,"column":32},"end":{"line":96,"column":63}},"54":{"start":{"line":97,"column":12},"end":{"line":100,"column":13}},"55":{"start":{"line":98,"column":14},"end":{"line":98,"column":36}},"56":{"start":{"line":99,"column":14},"end":{"line":99,"column":54}},"57":{"start":{"line":109,"column":0},"end":{"line":115,"column":3}},"58":{"start":{"line":110,"column":2},"end":{"line":110,"column":44}},"59":{"start":{"line":111,"column":2},"end":{"line":113,"column":3}},"60":{"start":{"line":112,"column":4},"end":{"line":112,"column":44}},"61":{"start":{"line":114,"column":2},"end":{"line":114,"column":24}},"62":{"start":{"line":117,"column":20},"end":{"line":122,"column":1}},"63":{"start":{"line":124,"column":21},"end":{"line":129,"column":1}},"64":{"start":{"line":131,"column":17},"end":{"line":164,"column":1}},"65":{"start":{"line":166,"column":15},"end":{"line":417,"column":1}},"66":{"start":{"line":179,"column":19},"end":{"line":179,"column":23}},"67":{"start":{"line":192,"column":25},"end":{"line":192,"column":51}},"68":{"start":{"line":205,"column":25},"end":{"line":205,"column":55}},"69":{"start":{"line":218,"column":25},"end":{"line":218,"column":55}},"70":{"start":{"line":231,"column":25},"end":{"line":231,"column":55}},"71":{"start":{"line":244,"column":25},"end":{"line":244,"column":60}},"72":{"start":{"line":257,"column":25},"end":{"line":257,"column":52}},"73":{"start":{"line":270,"column":25},"end":{"line":270,"column":59}},"74":{"start":{"line":283,"column":25},"end":{"line":283,"column":54}},"75":{"start":{"line":296,"column":25},"end":{"line":296,"column":52}},"76":{"start":{"line":309,"column":25},"end":{"line":309,"column":53}},"77":{"start":{"line":322,"column":25},"end":{"line":322,"column":52}},"78":{"start":{"line":335,"column":25},"end":{"line":335,"column":52}},"79":{"start":{"line":361,"column":27},"end":{"line":361,"column":47}},"80":{"start":{"line":362,"column":25},"end":{"line":362,"column":43}},"81":{"start":{"line":419,"column":14},"end":{"line":452,"column":1}},"82":{"start":{"line":459,"column":17},"end":{"line":459,"column":51}},"83":{"start":{"line":460,"column":2},"end":{"line":467,"column":3}},"84":{"start":{"line":461,"column":4},"end":{"line":466,"column":5}},"85":{"start":{"line":462,"column":6},"end":{"line":462,"column":39}},"86":{"start":{"line":464,"column":6},"end":{"line":464,"column":47}},"87":{"start":{"line":465,"column":6},"end":{"line":465,"column":23}},"88":{"start":{"line":471,"column":2},"end":{"line":471,"column":66}},"89":{"start":{"line":475,"column":15},"end":{"line":482,"column":3}},"90":{"start":{"line":483,"column":2},"end":{"line":483,"column":25}},"91":{"start":{"line":484,"column":2},"end":{"line":484,"column":14}},"92":{"start":{"line":485,"column":2},"end":{"line":485,"column":30}},"93":{"start":{"line":486,"column":2},"end":{"line":486,"column":14}},"94":{"start":{"line":490,"column":15},"end":{"line":490,"column":53}},"95":{"start":{"line":490,"column":37},"end":{"line":490,"column":52}},"96":{"start":{"line":491,"column":2},"end":{"line":491,"column":26}},"97":{"start":{"line":491,"column":13},"end":{"line":491,"column":26}},"98":{"start":{"line":494,"column":2},"end":{"line":494,"column":59}},"99":{"start":{"line":494,"column":27},"end":{"line":494,"column":43}},"100":{"start":{"line":494,"column":46},"end":{"line":494,"column":59}},"101":{"start":{"line":496,"column":2},"end":{"line":499,"column":5}},"102":{"start":{"line":500,"column":2},"end":{"line":500,"column":14}},"103":{"start":{"line":501,"column":2},"end":{"line":501,"column":14}},"104":{"start":{"line":505,"column":15},"end":{"line":505,"column":53}},"105":{"start":{"line":505,"column":37},"end":{"line":505,"column":52}},"106":{"start":{"line":506,"column":2},"end":{"line":506,"column":26}},"107":{"start":{"line":506,"column":13},"end":{"line":506,"column":26}},"108":{"start":{"line":508,"column":2},"end":{"line":508,"column":55}},"109":{"start":{"line":508,"column":38},"end":{"line":508,"column":53}},"110":{"start":{"line":509,"column":2},"end":{"line":509,"column":14}},"111":{"start":{"line":510,"column":2},"end":{"line":510,"column":14}},"112":{"start":{"line":514,"column":2},"end":{"line":514,"column":57}},"113":{"start":{"line":514,"column":40},"end":{"line":514,"column":55}},"114":{"start":{"line":515,"column":2},"end":{"line":517,"column":3}},"115":{"start":{"line":516,"column":4},"end":{"line":516,"column":29}},"116":{"start":{"line":518,"column":2},"end":{"line":518,"column":14}},"117":{"start":{"line":522,"column":2},"end":{"line":522,"column":48}},"118":{"start":{"line":522,"column":31},"end":{"line":522,"column":46}},"119":{"start":{"line":526,"column":15},"end":{"line":526,"column":30}},"120":{"start":{"line":527,"column":2},"end":{"line":527,"column":23}},"121":{"start":{"line":527,"column":13},"end":{"line":527,"column":23}},"122":{"start":{"line":529,"column":18},"end":{"line":529,"column":34}},"123":{"start":{"line":530,"column":2},"end":{"line":530,"column":58}},"124":{"start":{"line":531,"column":2},"end":{"line":531,"column":65}},"125":{"start":{"line":533,"column":2},"end":{"line":541,"column":5}},"126":{"start":{"line":534,"column":4},"end":{"line":534,"column":46}},"127":{"start":{"line":535,"column":4},"end":{"line":535,"column":58}},"128":{"start":{"line":535,"column":19},"end":{"line":535,"column":58}},"129":{"start":{"line":536,"column":4},"end":{"line":536,"column":67}},"130":{"start":{"line":536,"column":22},"end":{"line":536,"column":67}},"131":{"start":{"line":537,"column":4},"end":{"line":537,"column":61}},"132":{"start":{"line":537,"column":20},"end":{"line":537,"column":61}},"133":{"start":{"line":538,"column":4},"end":{"line":538,"column":58}},"134":{"start":{"line":538,"column":19},"end":{"line":538,"column":58}},"135":{"start":{"line":539,"column":4},"end":{"line":539,"column":67}},"136":{"start":{"line":539,"column":22},"end":{"line":539,"column":67}},"137":{"start":{"line":540,"column":4},"end":{"line":540,"column":22}},"138":{"start":{"line":543,"column":2},"end":{"line":543,"column":19}},"139":{"start":{"line":551,"column":17},"end":{"line":551,"column":55}},"140":{"start":{"line":552,"column":2},"end":{"line":559,"column":3}},"141":{"start":{"line":553,"column":4},"end":{"line":558,"column":5}},"142":{"start":{"line":554,"column":6},"end":{"line":554,"column":52}},"143":{"start":{"line":556,"column":6},"end":{"line":556,"column":51}},"144":{"start":{"line":557,"column":6},"end":{"line":557,"column":34}},"145":{"start":{"line":563,"column":2},"end":{"line":563,"column":79}},"146":{"start":{"line":567,"column":2},"end":{"line":571,"column":3}},"147":{"start":{"line":568,"column":4},"end":{"line":568,"column":36}},"148":{"start":{"line":570,"column":4},"end":{"line":570,"column":33}},"149":{"start":{"line":572,"column":2},"end":{"line":572,"column":18}},"150":{"start":{"line":574,"column":16},"end":{"line":574,"column":30}},"151":{"start":{"line":575,"column":2},"end":{"line":581,"column":3}},"152":{"start":{"line":576,"column":4},"end":{"line":576,"column":24}},"153":{"start":{"line":577,"column":9},"end":{"line":581,"column":3}},"154":{"start":{"line":578,"column":4},"end":{"line":578,"column":18}},"155":{"start":{"line":579,"column":9},"end":{"line":581,"column":3}},"156":{"start":{"line":580,"column":4},"end":{"line":580,"column":23}},"157":{"start":{"line":585,"column":2},"end":{"line":585,"column":38}},"158":{"start":{"line":589,"column":2},"end":{"line":589,"column":30}},"159":{"start":{"line":597,"column":2},"end":{"line":600,"column":3}},"160":{"start":{"line":598,"column":4},"end":{"line":598,"column":34}},"161":{"start":{"line":599,"column":4},"end":{"line":599,"column":11}},"162":{"start":{"line":603,"column":15},"end":{"line":603,"column":38}},"163":{"start":{"line":604,"column":18},"end":{"line":604,"column":73}},"164":{"start":{"line":604,"column":34},"end":{"line":604,"column":62}},"165":{"start":{"line":606,"column":15},"end":{"line":613,"column":3}},"166":{"start":{"line":607,"column":4},"end":{"line":612,"column":16}},"167":{"start":{"line":608,"column":20},"end":{"line":608,"column":29}},"168":{"start":{"line":609,"column":6},"end":{"line":609,"column":37}},"169":{"start":{"line":609,"column":25},"end":{"line":609,"column":37}},"170":{"start":{"line":610,"column":18},"end":{"line":610,"column":31}},"171":{"start":{"line":611,"column":6},"end":{"line":611,"column":44}},"172":{"start":{"line":615,"column":14},"end":{"line":615,"column":43}},"173":{"start":{"line":616,"column":15},"end":{"line":616,"column":67}},"174":{"start":{"line":617,"column":15},"end":{"line":617,"column":42}},"175":{"start":{"line":618,"column":14},"end":{"line":618,"column":39}},"176":{"start":{"line":619,"column":2},"end":{"line":619,"column":33}},"177":{"start":{"line":620,"column":2},"end":{"line":620,"column":42}},"178":{"start":{"line":621,"column":2},"end":{"line":621,"column":35}},"179":{"start":{"line":622,"column":2},"end":{"line":622,"column":34}},"180":{"start":{"line":623,"column":2},"end":{"line":623,"column":15}},"181":{"start":{"line":624,"column":2},"end":{"line":624,"column":34}},"182":{"start":{"line":625,"column":2},"end":{"line":625,"column":27}},"183":{"start":{"line":629,"column":18},"end":{"line":629,"column":67}},"184":{"start":{"line":630,"column":2},"end":{"line":630,"column":40}},"185":{"start":{"line":634,"column":2},"end":{"line":638,"column":5}},"186":{"start":{"line":635,"column":4},"end":{"line":635,"column":39}},"187":{"start":{"line":637,"column":4},"end":{"line":637,"column":35}},"188":{"start":{"line":641,"column":19},"end":{"line":641,"column":83}},"189":{"start":{"line":642,"column":19},"end":{"line":642,"column":49}},"190":{"start":{"line":643,"column":24},"end":{"line":643,"column":60}},"191":{"start":{"line":644,"column":29},"end":{"line":644,"column":64}},"192":{"start":{"line":646,"column":12},"end":{"line":651,"column":8}},"193":{"start":{"line":653,"column":17},"end":{"line":658,"column":8}},"194":{"start":{"line":660,"column":16},"end":{"line":665,"column":8}},"195":{"start":{"line":667,"column":0},"end":{"line":684,"column":1}},"196":{"start":{"line":668,"column":19},"end":{"line":668,"column":82}},"197":{"start":{"line":669,"column":20},"end":{"line":673,"column":3}},"198":{"start":{"line":674,"column":2},"end":{"line":674,"column":46}},"199":{"start":{"line":675,"column":2},"end":{"line":675,"column":51}},"200":{"start":{"line":676,"column":2},"end":{"line":676,"column":50}},"201":{"start":{"line":678,"column":2},"end":{"line":679,"column":107}},"202":{"start":{"line":680,"column":2},"end":{"line":681,"column":110}},"203":{"start":{"line":682,"column":2},"end":{"line":683,"column":102}},"204":{"start":{"line":686,"column":21},"end":{"line":686,"column":61}},"205":{"start":{"line":687,"column":19},"end":{"line":687,"column":57}},"206":{"start":{"line":688,"column":25},"end":{"line":688,"column":69}},"207":{"start":{"line":689,"column":18},"end":{"line":689,"column":55}},"208":{"start":{"line":690,"column":27},"end":{"line":690,"column":68}},"209":{"start":{"line":691,"column":30},"end":{"line":691,"column":74}},"210":{"start":{"line":692,"column":31},"end":{"line":692,"column":76}},"211":{"start":{"line":693,"column":31},"end":{"line":693,"column":76}},"212":{"start":{"line":694,"column":26},"end":{"line":694,"column":65}},"213":{"start":{"line":695,"column":17},"end":{"line":695,"column":53}},"214":{"start":{"line":696,"column":19},"end":{"line":696,"column":57}},"215":{"start":{"line":697,"column":24},"end":{"line":697,"column":68}},"216":{"start":{"line":698,"column":27},"end":{"line":698,"column":74}},"217":{"start":{"line":699,"column":19},"end":{"line":699,"column":58}},"218":{"start":{"line":700,"column":21},"end":{"line":700,"column":61}},"219":{"start":{"line":701,"column":27},"end":{"line":701,"column":73}},"220":{"start":{"line":702,"column":19},"end":{"line":702,"column":57}},"221":{"start":{"line":703,"column":21},"end":{"line":703,"column":71}},"222":{"start":{"line":704,"column":21},"end":{"line":704,"column":55}},"223":{"start":{"line":705,"column":19},"end":{"line":705,"column":57}},"224":{"start":{"line":706,"column":21},"end":{"line":706,"column":71}},"225":{"start":{"line":707,"column":19},"end":{"line":707,"column":57}},"226":{"start":{"line":708,"column":18},"end":{"line":708,"column":55}},"227":{"start":{"line":709,"column":17},"end":{"line":709,"column":53}},"228":{"start":{"line":710,"column":19},"end":{"line":710,"column":65}},"229":{"start":{"line":711,"column":26},"end":{"line":711,"column":72}},"230":{"start":{"line":712,"column":21},"end":{"line":712,"column":61}},"231":{"start":{"line":713,"column":21},"end":{"line":713,"column":61}},"232":{"start":{"line":714,"column":26},"end":{"line":714,"column":72}},"233":{"start":{"line":715,"column":28},"end":{"line":715,"column":76}},"234":{"start":{"line":716,"column":25},"end":{"line":716,"column":70}},"235":{"start":{"line":717,"column":23},"end":{"line":717,"column":66}},"236":{"start":{"line":718,"column":16},"end":{"line":718,"column":57}},"237":{"start":{"line":719,"column":22},"end":{"line":719,"column":63}},"238":{"start":{"line":720,"column":26},"end":{"line":720,"column":72}},"239":{"start":{"line":721,"column":19},"end":{"line":721,"column":65}},"240":{"start":{"line":722,"column":20},"end":{"line":722,"column":59}},"241":{"start":{"line":723,"column":24},"end":{"line":723,"column":68}},"242":{"start":{"line":724,"column":20},"end":{"line":724,"column":59}},"243":{"start":{"line":725,"column":22},"end":{"line":725,"column":63}},"244":{"start":{"line":726,"column":26},"end":{"line":726,"column":72}},"245":{"start":{"line":727,"column":19},"end":{"line":727,"column":57}},"246":{"start":{"line":728,"column":23},"end":{"line":728,"column":65}},"247":{"start":{"line":729,"column":27},"end":{"line":729,"column":74}},"248":{"start":{"line":730,"column":31},"end":{"line":730,"column":83}},"249":{"start":{"line":731,"column":30},"end":{"line":731,"column":81}},"250":{"start":{"line":732,"column":26},"end":{"line":732,"column":72}},"251":{"start":{"line":733,"column":24},"end":{"line":733,"column":68}},"252":{"start":{"line":734,"column":25},"end":{"line":734,"column":70}},"253":{"start":{"line":735,"column":23},"end":{"line":735,"column":66}},"254":{"start":{"line":736,"column":23},"end":{"line":736,"column":66}},"255":{"start":{"line":737,"column":30},"end":{"line":737,"column":80}},"256":{"start":{"line":738,"column":32},"end":{"line":738,"column":141}},"257":{"start":{"line":739,"column":22},"end":{"line":739,"column":63}},"258":{"start":{"line":740,"column":27},"end":{"line":740,"column":74}},"259":{"start":{"line":741,"column":26},"end":{"line":741,"column":72}},"260":{"start":{"line":742,"column":22},"end":{"line":742,"column":63}},"261":{"start":{"line":743,"column":20},"end":{"line":743,"column":59}},"262":{"start":{"line":744,"column":21},"end":{"line":744,"column":61}},"263":{"start":{"line":745,"column":19},"end":{"line":745,"column":57}},"264":{"start":{"line":746,"column":19},"end":{"line":746,"column":57}},"265":{"start":{"line":747,"column":26},"end":{"line":747,"column":71}},"266":{"start":{"line":748,"column":27},"end":{"line":748,"column":67}},"267":{"start":{"line":749,"column":21},"end":{"line":749,"column":62}},"268":{"start":{"line":750,"column":21},"end":{"line":750,"column":62}},"269":{"start":{"line":751,"column":26},"end":{"line":751,"column":73}},"270":{"start":{"line":752,"column":26},"end":{"line":752,"column":73}},"271":{"start":{"line":753,"column":25},"end":{"line":753,"column":71}},"272":{"start":{"line":754,"column":25},"end":{"line":754,"column":71}},"273":{"start":{"line":755,"column":24},"end":{"line":755,"column":67}},"274":{"start":{"line":756,"column":23},"end":{"line":756,"column":65}},"275":{"start":{"line":757,"column":19},"end":{"line":757,"column":57}},"276":{"start":{"line":758,"column":24},"end":{"line":758,"column":68}},"277":{"start":{"line":759,"column":23},"end":{"line":759,"column":66}},"278":{"start":{"line":760,"column":23},"end":{"line":760,"column":65}},"279":{"start":{"line":761,"column":25},"end":{"line":761,"column":69}},"280":{"start":{"line":762,"column":25},"end":{"line":762,"column":70}},"281":{"start":{"line":763,"column":19},"end":{"line":763,"column":57}},"282":{"start":{"line":764,"column":20},"end":{"line":764,"column":59}},"283":{"start":{"line":765,"column":18},"end":{"line":765,"column":55}},"284":{"start":{"line":766,"column":21},"end":{"line":766,"column":61}},"285":{"start":{"line":767,"column":22},"end":{"line":767,"column":63}},"286":{"start":{"line":768,"column":25},"end":{"line":768,"column":70}},"287":{"start":{"line":769,"column":26},"end":{"line":769,"column":72}},"288":{"start":{"line":770,"column":23},"end":{"line":770,"column":66}},"289":{"start":{"line":771,"column":25},"end":{"line":771,"column":70}},"290":{"start":{"line":772,"column":16},"end":{"line":772,"column":51}},"291":{"start":{"line":773,"column":16},"end":{"line":773,"column":51}},"292":{"start":{"line":774,"column":19},"end":{"line":774,"column":57}},"293":{"start":{"line":775,"column":21},"end":{"line":775,"column":62}},"294":{"start":{"line":776,"column":19},"end":{"line":776,"column":57}},"295":{"start":{"line":777,"column":22},"end":{"line":777,"column":63}},"296":{"start":{"line":778,"column":28},"end":{"line":778,"column":77}},"297":{"start":{"line":779,"column":21},"end":{"line":779,"column":68}},"298":{"start":{"line":780,"column":27},"end":{"line":780,"column":74}},"299":{"start":{"line":781,"column":31},"end":{"line":781,"column":83}},"300":{"start":{"line":782,"column":24},"end":{"line":782,"column":76}},"301":{"start":{"line":783,"column":25},"end":{"line":783,"column":70}},"302":{"start":{"line":784,"column":29},"end":{"line":784,"column":79}},"303":{"start":{"line":785,"column":25},"end":{"line":785,"column":70}},"304":{"start":{"line":786,"column":27},"end":{"line":786,"column":74}},"305":{"start":{"line":787,"column":24},"end":{"line":787,"column":68}},"306":{"start":{"line":788,"column":23},"end":{"line":788,"column":66}},"307":{"start":{"line":789,"column":32},"end":{"line":789,"column":78}},"308":{"start":{"line":790,"column":30},"end":{"line":790,"column":81}},"309":{"start":{"line":791,"column":30},"end":{"line":791,"column":80}},"310":{"start":{"line":792,"column":27},"end":{"line":792,"column":74}},"311":{"start":{"line":793,"column":24},"end":{"line":793,"column":68}},"312":{"start":{"line":794,"column":25},"end":{"line":794,"column":70}},"313":{"start":{"line":795,"column":23},"end":{"line":795,"column":66}},"314":{"start":{"line":796,"column":26},"end":{"line":796,"column":72}},"315":{"start":{"line":797,"column":27},"end":{"line":797,"column":74}},"316":{"start":{"line":798,"column":30},"end":{"line":798,"column":81}},"317":{"start":{"line":799,"column":31},"end":{"line":799,"column":83}},"318":{"start":{"line":800,"column":22},"end":{"line":800,"column":71}},"319":{"start":{"line":801,"column":26},"end":{"line":801,"column":78}},"320":{"start":{"line":803,"column":27},"end":{"line":803,"column":74}},"321":{"start":{"line":804,"column":29},"end":{"line":804,"column":79}},"322":{"start":{"line":805,"column":27},"end":{"line":805,"column":75}},"323":{"start":{"line":806,"column":20},"end":{"line":806,"column":66}},"324":{"start":{"line":807,"column":26},"end":{"line":807,"column":72}},"325":{"start":{"line":808,"column":30},"end":{"line":808,"column":81}},"326":{"start":{"line":809,"column":24},"end":{"line":809,"column":68}},"327":{"start":{"line":810,"column":23},"end":{"line":810,"column":66}},"328":{"start":{"line":811,"column":26},"end":{"line":811,"column":72}},"329":{"start":{"line":812,"column":31},"end":{"line":812,"column":83}},"330":{"start":{"line":813,"column":28},"end":{"line":813,"column":73}},"331":{"start":{"line":814,"column":24},"end":{"line":814,"column":68}},"332":{"start":{"line":815,"column":22},"end":{"line":815,"column":64}},"333":{"start":{"line":816,"column":26},"end":{"line":816,"column":72}},"334":{"start":{"line":817,"column":30},"end":{"line":817,"column":81}},"335":{"start":{"line":818,"column":21},"end":{"line":818,"column":69}},"336":{"start":{"line":821,"column":2},"end":{"line":825,"column":31}},"337":{"start":{"line":829,"column":2},"end":{"line":829,"column":39}},"338":{"start":{"line":829,"column":29},"end":{"line":829,"column":39}},"339":{"start":{"line":830,"column":17},"end":{"line":832,"column":13}},"340":{"start":{"line":831,"column":18},"end":{"line":831,"column":73}},"341":{"start":{"line":833,"column":2},"end":{"line":838,"column":4}},"342":{"start":{"line":842,"column":2},"end":{"line":842,"column":24}},"343":{"start":{"line":842,"column":14},"end":{"line":842,"column":24}},"344":{"start":{"line":843,"column":20},"end":{"line":843,"column":61}},"345":{"start":{"line":844,"column":2},"end":{"line":844,"column":81}},"346":{"start":{"line":848,"column":2},"end":{"line":848,"column":21}},"347":{"start":{"line":848,"column":14},"end":{"line":848,"column":21}},"348":{"start":{"line":849,"column":15},"end":{"line":849,"column":35}},"349":{"start":{"line":850,"column":2},"end":{"line":850,"column":20}},"350":{"start":{"line":850,"column":13},"end":{"line":850,"column":20}},"351":{"start":{"line":851,"column":21},"end":{"line":851,"column":39}},"352":{"start":{"line":852,"column":2},"end":{"line":852,"column":35}},"353":{"start":{"line":852,"column":28},"end":{"line":852,"column":35}},"354":{"start":{"line":853,"column":2},"end":{"line":853,"column":23}},"355":{"start":{"line":854,"column":2},"end":{"line":854,"column":48}},"356":{"start":{"line":858,"column":17},"end":{"line":864,"column":3}},"357":{"start":{"line":865,"column":2},"end":{"line":865,"column":40}},"358":{"start":{"line":869,"column":2},"end":{"line":869,"column":51}},"359":{"start":{"line":869,"column":39},"end":{"line":869,"column":51}},"360":{"start":{"line":870,"column":16},"end":{"line":870,"column":29}},"361":{"start":{"line":871,"column":2},"end":{"line":871,"column":69}},"362":{"start":{"line":875,"column":2},"end":{"line":877,"column":3}},"363":{"start":{"line":876,"column":4},"end":{"line":876,"column":14}},"364":{"start":{"line":878,"column":2},"end":{"line":878,"column":33}},"365":{"start":{"line":882,"column":2},"end":{"line":882,"column":55}},"366":{"start":{"line":882,"column":45},"end":{"line":882,"column":55}},"367":{"start":{"line":883,"column":21},"end":{"line":883,"column":64}},"368":{"start":{"line":885,"column":4},"end":{"line":894,"column":22}},"369":{"start":{"line":896,"column":2},"end":{"line":896,"column":29}},"370":{"start":{"line":896,"column":19},"end":{"line":896,"column":29}},"371":{"start":{"line":898,"column":23},"end":{"line":900,"column":66}},"372":{"start":{"line":902,"column":15},"end":{"line":908,"column":13}},"373":{"start":{"line":907,"column":19},"end":{"line":907,"column":53}},"374":{"start":{"line":910,"column":15},"end":{"line":910,"column":95}},"375":{"start":{"line":912,"column":2},"end":{"line":919,"column":4}},"376":{"start":{"line":923,"column":18},"end":{"line":923,"column":40}},"377":{"start":{"line":924,"column":16},"end":{"line":927,"column":13}},"378":{"start":{"line":925,"column":21},"end":{"line":925,"column":64}},"379":{"start":{"line":928,"column":2},"end":{"line":928,"column":24}},"380":{"start":{"line":928,"column":14},"end":{"line":928,"column":24}},"381":{"start":{"line":929,"column":2},"end":{"line":934,"column":4}},"382":{"start":{"line":938,"column":2},"end":{"line":938,"column":81}},"383":{"start":{"line":938,"column":61},"end":{"line":938,"column":79}},"384":{"start":{"line":942,"column":2},"end":{"line":942,"column":32}},"385":{"start":{"line":942,"column":20},"end":{"line":942,"column":32}},"386":{"start":{"line":943,"column":2},"end":{"line":943,"column":96}},"387":{"start":{"line":943,"column":33},"end":{"line":943,"column":96}},"388":{"start":{"line":944,"column":2},"end":{"line":944,"column":48}},"389":{"start":{"line":948,"column":2},"end":{"line":948,"column":35}},"390":{"start":{"line":948,"column":23},"end":{"line":948,"column":35}},"391":{"start":{"line":949,"column":2},"end":{"line":949,"column":51}},"392":{"start":{"line":953,"column":17},"end":{"line":960,"column":3}},"393":{"start":{"line":961,"column":2},"end":{"line":961,"column":51}},"394":{"start":{"line":965,"column":13},"end":{"line":965,"column":55}},"395":{"start":{"line":966,"column":22},"end":{"line":973,"column":1}},"396":{"start":{"line":976,"column":12},"end":{"line":976,"column":26}},"397":{"start":{"line":977,"column":2},"end":{"line":977,"column":79}},"398":{"start":{"line":977,"column":60},"end":{"line":977,"column":79}},"399":{"start":{"line":978,"column":2},"end":{"line":978,"column":69}},"400":{"start":{"line":978,"column":45},"end":{"line":978,"column":69}},"401":{"start":{"line":979,"column":2},"end":{"line":980,"column":72}},"402":{"start":{"line":980,"column":56},"end":{"line":980,"column":72}},"403":{"start":{"line":981,"column":2},"end":{"line":981,"column":83}},"404":{"start":{"line":981,"column":65},"end":{"line":981,"column":83}},"405":{"start":{"line":982,"column":2},"end":{"line":982,"column":65}},"406":{"start":{"line":982,"column":48},"end":{"line":982,"column":65}},"407":{"start":{"line":983,"column":2},"end":{"line":983,"column":17}},"408":{"start":{"line":987,"column":2},"end":{"line":987,"column":71}},"409":{"start":{"line":991,"column":16},"end":{"line":991,"column":30}},"410":{"start":{"line":992,"column":15},"end":{"line":992,"column":42}},"411":{"start":{"line":993,"column":2},"end":{"line":993,"column":68}},"412":{"start":{"line":993,"column":23},"end":{"line":993,"column":68}},"413":{"start":{"line":995,"column":17},"end":{"line":995,"column":19}},"414":{"start":{"line":996,"column":2},"end":{"line":998,"column":3}},"415":{"start":{"line":997,"column":4},"end":{"line":997,"column":69}},"416":{"start":{"line":999,"column":2},"end":{"line":1001,"column":3}},"417":{"start":{"line":1000,"column":4},"end":{"line":1000,"column":69}},"418":{"start":{"line":1002,"column":2},"end":{"line":1002,"column":25}},"419":{"start":{"line":1006,"column":2},"end":{"line":1006,"column":95}},"420":{"start":{"line":1010,"column":2},"end":{"line":1021,"column":4}},"421":{"start":{"line":1025,"column":2},"end":{"line":1025,"column":58}},"422":{"start":{"line":1025,"column":48},"end":{"line":1025,"column":58}},"423":{"start":{"line":1026,"column":2},"end":{"line":1028,"column":3}},"424":{"start":{"line":1027,"column":4},"end":{"line":1027,"column":62}},"425":{"start":{"line":1029,"column":2},"end":{"line":1031,"column":3}},"426":{"start":{"line":1030,"column":4},"end":{"line":1030,"column":66}},"427":{"start":{"line":1032,"column":2},"end":{"line":1034,"column":3}},"428":{"start":{"line":1033,"column":4},"end":{"line":1033,"column":67}},"429":{"start":{"line":1035,"column":2},"end":{"line":1037,"column":3}},"430":{"start":{"line":1036,"column":4},"end":{"line":1036,"column":63}},"431":{"start":{"line":1038,"column":2},"end":{"line":1040,"column":3}},"432":{"start":{"line":1039,"column":4},"end":{"line":1039,"column":59}},"433":{"start":{"line":1041,"column":2},"end":{"line":1043,"column":3}},"434":{"start":{"line":1042,"column":4},"end":{"line":1042,"column":59}},"435":{"start":{"line":1044,"column":2},"end":{"line":1044,"column":12}},"436":{"start":{"line":1048,"column":16},"end":{"line":1048,"column":48}},"437":{"start":{"line":1049,"column":2},"end":{"line":1049,"column":26}},"438":{"start":{"line":1049,"column":14},"end":{"line":1049,"column":26}},"439":{"start":{"line":1050,"column":2},"end":{"line":1050,"column":88}},"440":{"start":{"line":1054,"column":2},"end":{"line":1054,"column":48}},"441":{"start":{"line":1059,"column":2},"end":{"line":1059,"column":31}},"442":{"start":{"line":1059,"column":19},"end":{"line":1059,"column":31}},"443":{"start":{"line":1060,"column":12},"end":{"line":1060,"column":32}},"444":{"start":{"line":1061,"column":17},"end":{"line":1061,"column":36}},"445":{"start":{"line":1062,"column":2},"end":{"line":1062,"column":57}},"446":{"start":{"line":1062,"column":35},"end":{"line":1062,"column":57}},"447":{"start":{"line":1063,"column":2},"end":{"line":1063,"column":73}},"448":{"start":{"line":1063,"column":34},"end":{"line":1063,"column":73}},"449":{"start":{"line":1064,"column":2},"end":{"line":1064,"column":73}},"450":{"start":{"line":1064,"column":34},"end":{"line":1064,"column":73}},"451":{"start":{"line":1065,"column":2},"end":{"line":1065,"column":73}},"452":{"start":{"line":1065,"column":34},"end":{"line":1065,"column":73}},"453":{"start":{"line":1066,"column":2},"end":{"line":1066,"column":73}},"454":{"start":{"line":1066,"column":34},"end":{"line":1066,"column":73}},"455":{"start":{"line":1067,"column":2},"end":{"line":1067,"column":14}},"456":{"start":{"line":1071,"column":18},"end":{"line":1071,"column":48}},"457":{"start":{"line":1072,"column":2},"end":{"line":1072,"column":59}},"458":{"start":{"line":1072,"column":35},"end":{"line":1072,"column":59}},"459":{"start":{"line":1073,"column":2},"end":{"line":1073,"column":14}},"460":{"start":{"line":1077,"column":12},"end":{"line":1077,"column":32}},"461":{"start":{"line":1078,"column":2},"end":{"line":1078,"column":40}},"462":{"start":{"line":1078,"column":30},"end":{"line":1078,"column":40}},"463":{"start":{"line":1079,"column":14},"end":{"line":1080,"column":97}},"464":{"start":{"line":1081,"column":19},"end":{"line":1081,"column":96}},"465":{"start":{"line":1082,"column":14},"end":{"line":1082,"column":32}},"466":{"start":{"line":1083,"column":16},"end":{"line":1085,"column":8}},"467":{"start":{"line":1086,"column":2},"end":{"line":1089,"column":13}},"468":{"start":{"line":1093,"column":14},"end":{"line":1093,"column":94}},"469":{"start":{"line":1094,"column":2},"end":{"line":1097,"column":3}},"470":{"start":{"line":1095,"column":18},"end":{"line":1095,"column":68}},"471":{"start":{"line":1096,"column":4},"end":{"line":1096,"column":29}},"472":{"start":{"line":1098,"column":2},"end":{"line":1098,"column":56}},"473":{"start":{"line":1102,"column":2},"end":{"line":1104,"column":3}},"474":{"start":{"line":1103,"column":4},"end":{"line":1103,"column":16}},"475":{"start":{"line":1106,"column":21},"end":{"line":1106,"column":82}},"476":{"start":{"line":1107,"column":2},"end":{"line":1109,"column":3}},"477":{"start":{"line":1108,"column":4},"end":{"line":1108,"column":16}},"478":{"start":{"line":1111,"column":2},"end":{"line":1111,"column":89}},"479":{"start":{"line":1115,"column":18},"end":{"line":1115,"column":40}},"480":{"start":{"line":1116,"column":24},"end":{"line":1116,"column":39}},"481":{"start":{"line":1117,"column":2},"end":{"line":1119,"column":3}},"482":{"start":{"line":1118,"column":4},"end":{"line":1118,"column":61}},"483":{"start":{"line":1121,"column":19},"end":{"line":1125,"column":4}},"484":{"start":{"line":1127,"column":2},"end":{"line":1129,"column":3}},"485":{"start":{"line":1128,"column":4},"end":{"line":1128,"column":20}},"486":{"start":{"line":1131,"column":2},"end":{"line":1151,"column":3}},"487":{"start":{"line":1132,"column":16},"end":{"line":1132,"column":53}},"488":{"start":{"line":1134,"column":6},"end":{"line":1136,"column":37}},"489":{"start":{"line":1138,"column":4},"end":{"line":1140,"column":5}},"490":{"start":{"line":1139,"column":6},"end":{"line":1139,"column":42}},"491":{"start":{"line":1142,"column":14},"end":{"line":1142,"column":39}},"492":{"start":{"line":1143,"column":4},"end":{"line":1145,"column":5}},"493":{"start":{"line":1144,"column":6},"end":{"line":1144,"column":22}},"494":{"start":{"line":1146,"column":4},"end":{"line":1148,"column":5}},"495":{"start":{"line":1147,"column":6},"end":{"line":1147,"column":88}},"496":{"start":{"line":1150,"column":4},"end":{"line":1150,"column":52}},"497":{"start":{"line":1153,"column":2},"end":{"line":1153,"column":50}},"498":{"start":{"line":1157,"column":18},"end":{"line":1157,"column":20}},"499":{"start":{"line":1158,"column":15},"end":{"line":1158,"column":24}},"500":{"start":{"line":1159,"column":2},"end":{"line":1161,"column":3}},"501":{"start":{"line":1160,"column":4},"end":{"line":1160,"column":71}},"502":{"start":{"line":1162,"column":2},"end":{"line":1162,"column":97}},"503":{"start":{"line":1163,"column":2},"end":{"line":1171,"column":3}},"504":{"start":{"line":1164,"column":4},"end":{"line":1164,"column":65}},"505":{"start":{"line":1165,"column":9},"end":{"line":1171,"column":3}},"506":{"start":{"line":1166,"column":4},"end":{"line":1166,"column":63}},"507":{"start":{"line":1167,"column":9},"end":{"line":1171,"column":3}},"508":{"start":{"line":1168,"column":4},"end":{"line":1168,"column":69}},"509":{"start":{"line":1169,"column":9},"end":{"line":1171,"column":3}},"510":{"start":{"line":1170,"column":4},"end":{"line":1170,"column":61}},"511":{"start":{"line":1172,"column":2},"end":{"line":1172,"column":17}},"512":{"start":{"line":1176,"column":18},"end":{"line":1176,"column":20}},"513":{"start":{"line":1177,"column":15},"end":{"line":1177,"column":24}},"514":{"start":{"line":1178,"column":2},"end":{"line":1178,"column":69}},"515":{"start":{"line":1179,"column":2},"end":{"line":1179,"column":55}},"516":{"start":{"line":1180,"column":2},"end":{"line":1180,"column":17}},"517":{"start":{"line":1184,"column":2},"end":{"line":1186,"column":3}},"518":{"start":{"line":1185,"column":4},"end":{"line":1185,"column":77}},"519":{"start":{"line":1187,"column":2},"end":{"line":1189,"column":3}},"520":{"start":{"line":1188,"column":4},"end":{"line":1188,"column":76}},"521":{"start":{"line":1190,"column":2},"end":{"line":1190,"column":12}},"522":{"start":{"line":1194,"column":2},"end":{"line":1194,"column":22}},"523":{"start":{"line":1194,"column":12},"end":{"line":1194,"column":22}},"524":{"start":{"line":1196,"column":13},"end":{"line":1196,"column":43}},"525":{"start":{"line":1198,"column":2},"end":{"line":1201,"column":3}},"526":{"start":{"line":1199,"column":28},"end":{"line":1199,"column":112}},"527":{"start":{"line":1200,"column":4},"end":{"line":1200,"column":45}},"528":{"start":{"line":1203,"column":16},"end":{"line":1203,"column":66}},"529":{"start":{"line":1203,"column":41},"end":{"line":1203,"column":49}},"530":{"start":{"line":1204,"column":18},"end":{"line":1204,"column":99}},"531":{"start":{"line":1204,"column":41},"end":{"line":1204,"column":98}},"532":{"start":{"line":1205,"column":2},"end":{"line":1205,"column":28}},"533":{"start":{"line":1209,"column":17},"end":{"line":1209,"column":46}},"534":{"start":{"line":1210,"column":2},"end":{"line":1210,"column":32}},"535":{"start":{"line":1210,"column":22},"end":{"line":1210,"column":32}},"536":{"start":{"line":1211,"column":2},"end":{"line":1211,"column":44}},"537":{"start":{"line":1211,"column":27},"end":{"line":1211,"column":44}},"538":{"start":{"line":1212,"column":2},"end":{"line":1212,"column":66}},"539":{"start":{"line":1212,"column":27},"end":{"line":1212,"column":66}},"540":{"start":{"line":1213,"column":2},"end":{"line":1213,"column":79}},"541":{"start":{"line":1217,"column":19},"end":{"line":1217,"column":57}},"542":{"start":{"line":1218,"column":2},"end":{"line":1220,"column":3}},"543":{"start":{"line":1219,"column":4},"end":{"line":1219,"column":43}},"544":{"start":{"line":1222,"column":19},"end":{"line":1222,"column":100}},"545":{"start":{"line":1223,"column":22},"end":{"line":1223,"column":113}},"546":{"start":{"line":1224,"column":2},"end":{"line":1233,"column":3}},"547":{"start":{"line":1225,"column":18},"end":{"line":1225,"column":20}},"548":{"start":{"line":1226,"column":4},"end":{"line":1228,"column":5}},"549":{"start":{"line":1227,"column":6},"end":{"line":1227,"column":56}},"550":{"start":{"line":1229,"column":4},"end":{"line":1231,"column":5}},"551":{"start":{"line":1230,"column":6},"end":{"line":1230,"column":133}},"552":{"start":{"line":1232,"column":4},"end":{"line":1232,"column":50}},"553":{"start":{"line":1235,"column":13},"end":{"line":1235,"column":45}},"554":{"start":{"line":1236,"column":2},"end":{"line":1236,"column":23}},"555":{"start":{"line":1236,"column":11},"end":{"line":1236,"column":23}},"556":{"start":{"line":1237,"column":2},"end":{"line":1237,"column":34}},"557":{"start":{"line":1241,"column":2},"end":{"line":1241,"column":31}},"558":{"start":{"line":1241,"column":19},"end":{"line":1241,"column":31}},"559":{"start":{"line":1242,"column":2},"end":{"line":1242,"column":60}},"560":{"start":{"line":1242,"column":48},"end":{"line":1242,"column":60}},"561":{"start":{"line":1244,"column":21},"end":{"line":1244,"column":98}},"562":{"start":{"line":1245,"column":20},"end":{"line":1245,"column":95}},"563":{"start":{"line":1246,"column":18},"end":{"line":1246,"column":46}},"564":{"start":{"line":1247,"column":17},"end":{"line":1253,"column":4}},"565":{"start":{"line":1255,"column":2},"end":{"line":1283,"column":5}},"566":{"start":{"line":1284,"column":2},"end":{"line":1287,"column":5}},"567":{"start":{"line":1285,"column":4},"end":{"line":1285,"column":31}},"568":{"start":{"line":1286,"column":4},"end":{"line":1286,"column":29}},"569":{"start":{"line":1288,"column":2},"end":{"line":1288,"column":16}},"570":{"start":{"line":1292,"column":18},"end":{"line":1292,"column":30}},"571":{"start":{"line":1293,"column":2},"end":{"line":1293,"column":64}},"572":{"start":{"line":1294,"column":2},"end":{"line":1299,"column":5}},"573":{"start":{"line":1295,"column":19},"end":{"line":1295,"column":51}},"574":{"start":{"line":1296,"column":4},"end":{"line":1296,"column":25}},"575":{"start":{"line":1297,"column":4},"end":{"line":1297,"column":31}},"576":{"start":{"line":1298,"column":4},"end":{"line":1298,"column":31}},"577":{"start":{"line":1300,"column":2},"end":{"line":1302,"column":3}},"578":{"start":{"line":1301,"column":4},"end":{"line":1301,"column":27}},"579":{"start":{"line":1306,"column":18},"end":{"line":1306,"column":30}},"580":{"start":{"line":1307,"column":2},"end":{"line":1307,"column":64}},"581":{"start":{"line":1308,"column":2},"end":{"line":1315,"column":7}},"582":{"start":{"line":1309,"column":22},"end":{"line":1309,"column":47}},"583":{"start":{"line":1311,"column":21},"end":{"line":1311,"column":53}},"584":{"start":{"line":1312,"column":6},"end":{"line":1312,"column":30}},"585":{"start":{"line":1313,"column":6},"end":{"line":1313,"column":58}},"586":{"start":{"line":1314,"column":6},"end":{"line":1314,"column":33}},"587":{"start":{"line":1316,"column":2},"end":{"line":1318,"column":3}},"588":{"start":{"line":1317,"column":4},"end":{"line":1317,"column":27}},"589":{"start":{"line":1322,"column":2},"end":{"line":1322,"column":57}},"590":{"start":{"line":1326,"column":2},"end":{"line":1326,"column":63}},"591":{"start":{"line":1330,"column":2},"end":{"line":1330,"column":38}},"592":{"start":{"line":1334,"column":2},"end":{"line":1334,"column":37}},"593":{"start":{"line":1338,"column":2},"end":{"line":1338,"column":80}},"594":{"start":{"line":1342,"column":2},"end":{"line":1342,"column":66}},"595":{"start":{"line":1342,"column":50},"end":{"line":1342,"column":66}},"596":{"start":{"line":1343,"column":2},"end":{"line":1343,"column":60}},"597":{"start":{"line":1343,"column":41},"end":{"line":1343,"column":60}},"598":{"start":{"line":1344,"column":2},"end":{"line":1344,"column":52}},"599":{"start":{"line":1344,"column":36},"end":{"line":1344,"column":52}},"600":{"start":{"line":1345,"column":2},"end":{"line":1345,"column":14}},"601":{"start":{"line":1349,"column":2},"end":{"line":1351,"column":3}},"602":{"start":{"line":1350,"column":4},"end":{"line":1350,"column":31}},"603":{"start":{"line":1352,"column":2},"end":{"line":1354,"column":3}},"604":{"start":{"line":1353,"column":4},"end":{"line":1353,"column":27}},"605":{"start":{"line":1355,"column":2},"end":{"line":1357,"column":3}},"606":{"start":{"line":1356,"column":4},"end":{"line":1356,"column":22}},"607":{"start":{"line":1358,"column":2},"end":{"line":1358,"column":44}},"608":{"start":{"line":1362,"column":2},"end":{"line":1362,"column":36}},"609":{"start":{"line":1362,"column":14},"end":{"line":1362,"column":36}},"610":{"start":{"line":1363,"column":15},"end":{"line":1363,"column":30}},"611":{"start":{"line":1364,"column":2},"end":{"line":1364,"column":49}},"612":{"start":{"line":1364,"column":36},"end":{"line":1364,"column":49}},"613":{"start":{"line":1365,"column":2},"end":{"line":1369,"column":5}},"614":{"start":{"line":1373,"column":15},"end":{"line":1373,"column":36}},"615":{"start":{"line":1374,"column":2},"end":{"line":1376,"column":3}},"616":{"start":{"line":1375,"column":4},"end":{"line":1375,"column":140}},"617":{"start":{"line":1378,"column":2},"end":{"line":1378,"column":163}},"618":{"start":{"line":1382,"column":15},"end":{"line":1382,"column":36}},"619":{"start":{"line":1383,"column":20},"end":{"line":1383,"column":88}},"620":{"start":{"line":1383,"column":56},"end":{"line":1383,"column":70}},"621":{"start":{"line":1384,"column":2},"end":{"line":1418,"column":4}},"622":{"start":{"line":1422,"column":16},"end":{"line":1422,"column":30}},"623":{"start":{"line":1423,"column":14},"end":{"line":1423,"column":15}},"624":{"start":{"line":1424,"column":2},"end":{"line":1424,"column":43}},"625":{"start":{"line":1424,"column":32},"end":{"line":1424,"column":43}},"626":{"start":{"line":1425,"column":2},"end":{"line":1425,"column":38}},"627":{"start":{"line":1425,"column":27},"end":{"line":1425,"column":38}},"628":{"start":{"line":1426,"column":2},"end":{"line":1426,"column":55}},"629":{"start":{"line":1426,"column":44},"end":{"line":1426,"column":55}},"630":{"start":{"line":1427,"column":2},"end":{"line":1427,"column":39}},"631":{"start":{"line":1427,"column":28},"end":{"line":1427,"column":39}},"632":{"start":{"line":1428,"column":2},"end":{"line":1428,"column":38}},"633":{"start":{"line":1428,"column":27},"end":{"line":1428,"column":38}},"634":{"start":{"line":1429,"column":2},"end":{"line":1429,"column":43}},"635":{"start":{"line":1429,"column":32},"end":{"line":1429,"column":43}},"636":{"start":{"line":1430,"column":2},"end":{"line":1430,"column":42}},"637":{"start":{"line":1430,"column":31},"end":{"line":1430,"column":42}},"638":{"start":{"line":1431,"column":2},"end":{"line":1431,"column":38}},"639":{"start":{"line":1431,"column":27},"end":{"line":1431,"column":38}},"640":{"start":{"line":1432,"column":2},"end":{"line":1432,"column":36}},"641":{"start":{"line":1432,"column":25},"end":{"line":1432,"column":36}},"642":{"start":{"line":1433,"column":2},"end":{"line":1433,"column":37}},"643":{"start":{"line":1433,"column":26},"end":{"line":1433,"column":37}},"644":{"start":{"line":1434,"column":2},"end":{"line":1434,"column":35}},"645":{"start":{"line":1434,"column":24},"end":{"line":1434,"column":35}},"646":{"start":{"line":1435,"column":2},"end":{"line":1435,"column":35}},"647":{"start":{"line":1435,"column":24},"end":{"line":1435,"column":35}},"648":{"start":{"line":1436,"column":2},"end":{"line":1436,"column":42}},"649":{"start":{"line":1436,"column":31},"end":{"line":1436,"column":42}},"650":{"start":{"line":1437,"column":2},"end":{"line":1437,"column":15}},"651":{"start":{"line":1441,"column":2},"end":{"line":1441,"column":35}},"652":{"start":{"line":1442,"column":2},"end":{"line":1442,"column":46}},"653":{"start":{"line":1443,"column":2},"end":{"line":1443,"column":62}},"654":{"start":{"line":1444,"column":15},"end":{"line":1444,"column":66}},"655":{"start":{"line":1445,"column":2},"end":{"line":1447,"column":3}},"656":{"start":{"line":1446,"column":4},"end":{"line":1446,"column":42}},"657":{"start":{"line":1451,"column":16},"end":{"line":1451,"column":35}},"658":{"start":{"line":1452,"column":2},"end":{"line":1453,"column":86}},"659":{"start":{"line":1457,"column":2},"end":{"line":1457,"column":27}},"660":{"start":{"line":1458,"column":2},"end":{"line":1458,"column":49}},"661":{"start":{"line":1459,"column":2},"end":{"line":1459,"column":60}},"662":{"start":{"line":1460,"column":15},"end":{"line":1460,"column":64}},"663":{"start":{"line":1461,"column":2},"end":{"line":1463,"column":3}},"664":{"start":{"line":1462,"column":4},"end":{"line":1462,"column":42}},"665":{"start":{"line":1467,"column":16},"end":{"line":1467,"column":37}},"666":{"start":{"line":1468,"column":2},"end":{"line":1470,"column":76}},"667":{"start":{"line":1474,"column":2},"end":{"line":1474,"column":79}},"668":{"start":{"line":1474,"column":41},"end":{"line":1474,"column":69}},"669":{"start":{"line":1478,"column":15},"end":{"line":1478,"column":77}},"670":{"start":{"line":1479,"column":18},"end":{"line":1489,"column":3}},"671":{"start":{"line":1491,"column":2},"end":{"line":1493,"column":3}},"672":{"start":{"line":1492,"column":4},"end":{"line":1492,"column":40}},"673":{"start":{"line":1495,"column":2},"end":{"line":1497,"column":3}},"674":{"start":{"line":1496,"column":4},"end":{"line":1496,"column":16}},"675":{"start":{"line":1499,"column":2},"end":{"line":1501,"column":3}},"676":{"start":{"line":1500,"column":4},"end":{"line":1500,"column":25}},"677":{"start":{"line":1503,"column":24},"end":{"line":1503,"column":39}},"678":{"start":{"line":1504,"column":18},"end":{"line":1504,"column":39}},"679":{"start":{"line":1505,"column":2},"end":{"line":1507,"column":3}},"680":{"start":{"line":1506,"column":4},"end":{"line":1506,"column":32}},"681":{"start":{"line":1509,"column":2},"end":{"line":1509,"column":38}},"682":{"start":{"line":1513,"column":2},"end":{"line":1513,"column":61}},"683":{"start":{"line":1513,"column":20},"end":{"line":1513,"column":61}},"684":{"start":{"line":1514,"column":2},"end":{"line":1514,"column":73}},"685":{"start":{"line":1514,"column":24},"end":{"line":1514,"column":73}},"686":{"start":{"line":1515,"column":2},"end":{"line":1515,"column":43}},"687":{"start":{"line":1516,"column":2},"end":{"line":1516,"column":55}},"688":{"start":{"line":1519,"column":2},"end":{"line":1522,"column":5}},"689":{"start":{"line":1520,"column":4},"end":{"line":1520,"column":24}},"690":{"start":{"line":1521,"column":4},"end":{"line":1521,"column":73}},"691":{"start":{"line":1526,"column":26},"end":{"line":1526,"column":49}},"692":{"start":{"line":1527,"column":2},"end":{"line":1529,"column":5}},"693":{"start":{"line":1528,"column":4},"end":{"line":1528,"column":78}},"694":{"start":{"line":1533,"column":2},"end":{"line":1533,"column":25}},"695":{"start":{"line":1533,"column":18},"end":{"line":1533,"column":25}},"696":{"start":{"line":1534,"column":2},"end":{"line":1538,"column":3}},"697":{"start":{"line":1535,"column":4},"end":{"line":1535,"column":28}},"698":{"start":{"line":1536,"column":4},"end":{"line":1536,"column":51}},"699":{"start":{"line":1537,"column":4},"end":{"line":1537,"column":11}},"700":{"start":{"line":1539,"column":2},"end":{"line":1539,"column":27}},"701":{"start":{"line":1540,"column":2},"end":{"line":1540,"column":46}},"702":{"start":{"line":1544,"column":2},"end":{"line":1544,"column":25}},"703":{"start":{"line":1544,"column":18},"end":{"line":1544,"column":25}},"704":{"start":{"line":1545,"column":2},"end":{"line":1547,"column":3}},"705":{"start":{"line":1546,"column":4},"end":{"line":1546,"column":59}},"706":{"start":{"line":1548,"column":2},"end":{"line":1548,"column":26}},"707":{"start":{"line":1549,"column":2},"end":{"line":1549,"column":49}},"708":{"start":{"line":1553,"column":2},"end":{"line":1553,"column":18}},"709":{"start":{"line":1554,"column":2},"end":{"line":1556,"column":3}},"710":{"start":{"line":1555,"column":4},"end":{"line":1555,"column":37}},"711":{"start":{"line":1557,"column":2},"end":{"line":1560,"column":9}},"712":{"start":{"line":1558,"column":19},"end":{"line":1558,"column":85}},"713":{"start":{"line":1559,"column":4},"end":{"line":1559,"column":67}},"714":{"start":{"line":1564,"column":2},"end":{"line":1567,"column":3}},"715":{"start":{"line":1565,"column":4},"end":{"line":1565,"column":29}},"716":{"start":{"line":1566,"column":4},"end":{"line":1566,"column":11}},"717":{"start":{"line":1569,"column":2},"end":{"line":1569,"column":28}},"718":{"start":{"line":1570,"column":2},"end":{"line":1570,"column":39}},"719":{"start":{"line":1571,"column":2},"end":{"line":1571,"column":37}},"720":{"start":{"line":1572,"column":2},"end":{"line":1572,"column":44}},"721":{"start":{"line":1574,"column":2},"end":{"line":1576,"column":5}},"722":{"start":{"line":1575,"column":4},"end":{"line":1575,"column":69}},"723":{"start":{"line":1578,"column":2},"end":{"line":1578,"column":60}},"724":{"start":{"line":1578,"column":25},"end":{"line":1578,"column":60}},"725":{"start":{"line":1582,"column":2},"end":{"line":1585,"column":3}},"726":{"start":{"line":1583,"column":4},"end":{"line":1583,"column":31}},"727":{"start":{"line":1584,"column":4},"end":{"line":1584,"column":11}},"728":{"start":{"line":1588,"column":4},"end":{"line":1588,"column":88}},"729":{"start":{"line":1590,"column":4},"end":{"line":1590,"column":94}},"730":{"start":{"line":1592,"column":4},"end":{"line":1592,"column":88}},"731":{"start":{"line":1594,"column":2},"end":{"line":1594,"column":30}},"732":{"start":{"line":1595,"column":2},"end":{"line":1595,"column":74}},"733":{"start":{"line":1596,"column":2},"end":{"line":1597,"column":88}},"734":{"start":{"line":1599,"column":2},"end":{"line":1599,"column":34}},"735":{"start":{"line":1600,"column":2},"end":{"line":1616,"column":5}},"736":{"start":{"line":1601,"column":20},"end":{"line":1601,"column":53}},"737":{"start":{"line":1602,"column":4},"end":{"line":1602,"column":37}},"738":{"start":{"line":1603,"column":18},"end":{"line":1608,"column":15}},"739":{"start":{"line":1606,"column":10},"end":{"line":1606,"column":127}},"740":{"start":{"line":1609,"column":4},"end":{"line":1614,"column":6}},"741":{"start":{"line":1615,"column":4},"end":{"line":1615,"column":42}},"742":{"start":{"line":1620,"column":2},"end":{"line":1623,"column":3}},"743":{"start":{"line":1621,"column":4},"end":{"line":1621,"column":26}},"744":{"start":{"line":1622,"column":4},"end":{"line":1622,"column":11}},"745":{"start":{"line":1624,"column":2},"end":{"line":1624,"column":61}},"746":{"start":{"line":1624,"column":36},"end":{"line":1624,"column":59}},"747":{"start":{"line":1625,"column":2},"end":{"line":1625,"column":24}},"748":{"start":{"line":1629,"column":2},"end":{"line":1632,"column":3}},"749":{"start":{"line":1630,"column":4},"end":{"line":1630,"column":30}},"750":{"start":{"line":1631,"column":4},"end":{"line":1631,"column":11}},"751":{"start":{"line":1633,"column":2},"end":{"line":1633,"column":70}},"752":{"start":{"line":1633,"column":40},"end":{"line":1633,"column":68}},"753":{"start":{"line":1634,"column":2},"end":{"line":1634,"column":28}},"754":{"start":{"line":1638,"column":16},"end":{"line":1638,"column":30}},"755":{"start":{"line":1639,"column":2},"end":{"line":1639,"column":25}},"756":{"start":{"line":1640,"column":2},"end":{"line":1640,"column":27}},"757":{"start":{"line":1641,"column":2},"end":{"line":1641,"column":28}},"758":{"start":{"line":1642,"column":2},"end":{"line":1642,"column":27}},"759":{"start":{"line":1643,"column":2},"end":{"line":1643,"column":32}},"760":{"start":{"line":1644,"column":2},"end":{"line":1644,"column":31}},"761":{"start":{"line":1645,"column":2},"end":{"line":1645,"column":27}},"762":{"start":{"line":1646,"column":2},"end":{"line":1646,"column":25}},"763":{"start":{"line":1647,"column":2},"end":{"line":1647,"column":26}},"764":{"start":{"line":1648,"column":2},"end":{"line":1648,"column":24}},"765":{"start":{"line":1649,"column":2},"end":{"line":1649,"column":24}},"766":{"start":{"line":1650,"column":2},"end":{"line":1650,"column":31}},"767":{"start":{"line":1651,"column":2},"end":{"line":1651,"column":43}},"768":{"start":{"line":1655,"column":16},"end":{"line":1655,"column":30}},"769":{"start":{"line":1656,"column":23},"end":{"line":1656,"column":41}},"770":{"start":{"line":1659,"column":26},"end":{"line":1659,"column":69}},"771":{"start":{"line":1659,"column":58},"end":{"line":1659,"column":67}},"772":{"start":{"line":1660,"column":25},"end":{"line":1660,"column":49}},"773":{"start":{"line":1661,"column":2},"end":{"line":1663,"column":3}},"774":{"start":{"line":1662,"column":4},"end":{"line":1662,"column":47}},"775":{"start":{"line":1664,"column":2},"end":{"line":1666,"column":3}},"776":{"start":{"line":1665,"column":4},"end":{"line":1665,"column":97}},"777":{"start":{"line":1665,"column":67},"end":{"line":1665,"column":76}},"778":{"start":{"line":1669,"column":26},"end":{"line":1669,"column":45}},"779":{"start":{"line":1670,"column":19},"end":{"line":1670,"column":94}},"780":{"start":{"line":1670,"column":72},"end":{"line":1670,"column":93}},"781":{"start":{"line":1671,"column":27},"end":{"line":1671,"column":66}},"782":{"start":{"line":1672,"column":2},"end":{"line":1672,"column":92}},"783":{"start":{"line":1672,"column":46},"end":{"line":1672,"column":88}},"784":{"start":{"line":1672,"column":56},"end":{"line":1672,"column":88}},"785":{"start":{"line":1673,"column":2},"end":{"line":1673,"column":72}},"786":{"start":{"line":1673,"column":26},"end":{"line":1673,"column":72}},"787":{"start":{"line":1675,"column":22},"end":{"line":1677,"column":18}},"788":{"start":{"line":1676,"column":33},"end":{"line":1676,"column":62}},"789":{"start":{"line":1679,"column":23},"end":{"line":1679,"column":58}},"790":{"start":{"line":1681,"column":2},"end":{"line":1688,"column":3}},"791":{"start":{"line":1682,"column":4},"end":{"line":1682,"column":92}},"792":{"start":{"line":1683,"column":4},"end":{"line":1683,"column":39}},"793":{"start":{"line":1684,"column":4},"end":{"line":1684,"column":31}},"794":{"start":{"line":1686,"column":4},"end":{"line":1686,"column":32}},"795":{"start":{"line":1687,"column":4},"end":{"line":1687,"column":97}},"796":{"start":{"line":1687,"column":68},"end":{"line":1687,"column":79}},"797":{"start":{"line":1690,"column":23},"end":{"line":1694,"column":4}},"798":{"start":{"line":1691,"column":4},"end":{"line":1691,"column":76}},"799":{"start":{"line":1691,"column":63},"end":{"line":1691,"column":76}},"800":{"start":{"line":1692,"column":4},"end":{"line":1692,"column":35}},"801":{"start":{"line":1692,"column":23},"end":{"line":1692,"column":35}},"802":{"start":{"line":1693,"column":4},"end":{"line":1693,"column":40}},"803":{"start":{"line":1696,"column":2},"end":{"line":1700,"column":4}},"804":{"start":{"line":1698,"column":46},"end":{"line":1698,"column":99}},"805":{"start":{"line":1701,"column":2},"end":{"line":1705,"column":4}},"806":{"start":{"line":1703,"column":49},"end":{"line":1703,"column":70}},"807":{"start":{"line":1706,"column":2},"end":{"line":1711,"column":4}},"808":{"start":{"line":1709,"column":41},"end":{"line":1709,"column":68}},"809":{"start":{"line":1712,"column":2},"end":{"line":1717,"column":4}},"810":{"start":{"line":1715,"column":41},"end":{"line":1715,"column":69}},"811":{"start":{"line":1718,"column":2},"end":{"line":1722,"column":4}},"812":{"start":{"line":1720,"column":46},"end":{"line":1720,"column":69}},"813":{"start":{"line":1726,"column":2},"end":{"line":1729,"column":3}},"814":{"start":{"line":1727,"column":4},"end":{"line":1727,"column":26}},"815":{"start":{"line":1728,"column":4},"end":{"line":1728,"column":11}},"816":{"start":{"line":1731,"column":2},"end":{"line":1733,"column":3}},"817":{"start":{"line":1731,"column":57},"end":{"line":1731,"column":85}},"818":{"start":{"line":1732,"column":4},"end":{"line":1732,"column":26}},"819":{"start":{"line":1737,"column":17},"end":{"line":1737,"column":55}},"820":{"start":{"line":1738,"column":16},"end":{"line":1738,"column":30}},"821":{"start":{"line":1739,"column":18},"end":{"line":1739,"column":37}},"822":{"start":{"line":1740,"column":15},"end":{"line":1740,"column":50}},"823":{"start":{"line":1741,"column":19},"end":{"line":1741,"column":39}},"824":{"start":{"line":1742,"column":18},"end":{"line":1742,"column":37}},"825":{"start":{"line":1743,"column":21},"end":{"line":1743,"column":45}},"826":{"start":{"line":1744,"column":21},"end":{"line":1744,"column":91}},"827":{"start":{"line":1745,"column":18},"end":{"line":1745,"column":37}},"828":{"start":{"line":1746,"column":20},"end":{"line":1746,"column":37}},"829":{"start":{"line":1747,"column":21},"end":{"line":1747,"column":39}},"830":{"start":{"line":1748,"column":15},"end":{"line":1748,"column":31}},"831":{"start":{"line":1749,"column":15},"end":{"line":1749,"column":31}},"832":{"start":{"line":1750,"column":22},"end":{"line":1750,"column":45}},"833":{"start":{"line":1752,"column":2},"end":{"line":1785,"column":5}},"834":{"start":{"line":1753,"column":4},"end":{"line":1753,"column":60}},"835":{"start":{"line":1753,"column":47},"end":{"line":1753,"column":60}},"836":{"start":{"line":1754,"column":4},"end":{"line":1754,"column":51}},"837":{"start":{"line":1754,"column":38},"end":{"line":1754,"column":51}},"838":{"start":{"line":1755,"column":4},"end":{"line":1755,"column":103}},"839":{"start":{"line":1755,"column":90},"end":{"line":1755,"column":103}},"840":{"start":{"line":1756,"column":4},"end":{"line":1756,"column":76}},"841":{"start":{"line":1756,"column":63},"end":{"line":1756,"column":76}},"842":{"start":{"line":1759,"column":4},"end":{"line":1759,"column":63}},"843":{"start":{"line":1759,"column":50},"end":{"line":1759,"column":63}},"844":{"start":{"line":1760,"column":4},"end":{"line":1764,"column":5}},"845":{"start":{"line":1761,"column":16},"end":{"line":1761,"column":36}},"846":{"start":{"line":1762,"column":21},"end":{"line":1762,"column":56}},"847":{"start":{"line":1763,"column":6},"end":{"line":1763,"column":66}},"848":{"start":{"line":1763,"column":53},"end":{"line":1763,"column":66}},"849":{"start":{"line":1766,"column":26},"end":{"line":1766,"column":56}},"850":{"start":{"line":1767,"column":4},"end":{"line":1767,"column":64}},"851":{"start":{"line":1767,"column":51},"end":{"line":1767,"column":64}},"852":{"start":{"line":1768,"column":19},"end":{"line":1768,"column":97}},"853":{"start":{"line":1769,"column":4},"end":{"line":1769,"column":82}},"854":{"start":{"line":1769,"column":69},"end":{"line":1769,"column":82}},"855":{"start":{"line":1770,"column":4},"end":{"line":1770,"column":82}},"856":{"start":{"line":1770,"column":69},"end":{"line":1770,"column":82}},"857":{"start":{"line":1771,"column":4},"end":{"line":1771,"column":80}},"858":{"start":{"line":1771,"column":67},"end":{"line":1771,"column":80}},"859":{"start":{"line":1772,"column":4},"end":{"line":1772,"column":82}},"860":{"start":{"line":1772,"column":69},"end":{"line":1772,"column":82}},"861":{"start":{"line":1773,"column":4},"end":{"line":1773,"column":77}},"862":{"start":{"line":1773,"column":64},"end":{"line":1773,"column":77}},"863":{"start":{"line":1774,"column":4},"end":{"line":1774,"column":80}},"864":{"start":{"line":1774,"column":67},"end":{"line":1774,"column":80}},"865":{"start":{"line":1775,"column":4},"end":{"line":1777,"column":5}},"866":{"start":{"line":1776,"column":6},"end":{"line":1776,"column":19}},"867":{"start":{"line":1778,"column":4},"end":{"line":1778,"column":94}},"868":{"start":{"line":1778,"column":81},"end":{"line":1778,"column":94}},"869":{"start":{"line":1779,"column":4},"end":{"line":1779,"column":61}},"870":{"start":{"line":1779,"column":48},"end":{"line":1779,"column":61}},"871":{"start":{"line":1780,"column":4},"end":{"line":1780,"column":59}},"872":{"start":{"line":1780,"column":46},"end":{"line":1780,"column":59}},"873":{"start":{"line":1781,"column":4},"end":{"line":1781,"column":77}},"874":{"start":{"line":1781,"column":64},"end":{"line":1781,"column":77}},"875":{"start":{"line":1782,"column":4},"end":{"line":1782,"column":77}},"876":{"start":{"line":1782,"column":64},"end":{"line":1782,"column":77}},"877":{"start":{"line":1783,"column":4},"end":{"line":1783,"column":72}},"878":{"start":{"line":1783,"column":59},"end":{"line":1783,"column":72}},"879":{"start":{"line":1784,"column":4},"end":{"line":1784,"column":16}},"880":{"start":{"line":1788,"column":2},"end":{"line":1800,"column":5}},"881":{"start":{"line":1789,"column":4},"end":{"line":1799,"column":5}},"882":{"start":{"line":1791,"column":8},"end":{"line":1791,"column":58}},"883":{"start":{"line":1793,"column":8},"end":{"line":1793,"column":79}},"884":{"start":{"line":1795,"column":8},"end":{"line":1795,"column":79}},"885":{"start":{"line":1798,"column":8},"end":{"line":1798,"column":58}},"886":{"start":{"line":1803,"column":2},"end":{"line":1805,"column":3}},"887":{"start":{"line":1804,"column":4},"end":{"line":1804,"column":52}},"888":{"start":{"line":1807,"column":2},"end":{"line":1807,"column":23}},"889":{"start":{"line":1808,"column":2},"end":{"line":1808,"column":16}},"890":{"start":{"line":1809,"column":2},"end":{"line":1809,"column":18}},"891":{"start":{"line":1810,"column":2},"end":{"line":1810,"column":33}},"892":{"start":{"line":1811,"column":2},"end":{"line":1811,"column":20}},"893":{"start":{"line":1812,"column":2},"end":{"line":1812,"column":16}},"894":{"start":{"line":1813,"column":2},"end":{"line":1813,"column":22}},"895":{"start":{"line":1817,"column":2},"end":{"line":1817,"column":34}},"896":{"start":{"line":1817,"column":27},"end":{"line":1817,"column":34}},"897":{"start":{"line":1819,"column":2},"end":{"line":1822,"column":3}},"898":{"start":{"line":1820,"column":4},"end":{"line":1820,"column":115}},"899":{"start":{"line":1821,"column":4},"end":{"line":1821,"column":11}},"900":{"start":{"line":1824,"column":2},"end":{"line":1850,"column":14}},"901":{"start":{"line":1824,"column":57},"end":{"line":1850,"column":3}},"902":{"start":{"line":1854,"column":16},"end":{"line":1854,"column":30}},"903":{"start":{"line":1855,"column":25},"end":{"line":1855,"column":107}},"904":{"start":{"line":1855,"column":59},"end":{"line":1855,"column":99}},"905":{"start":{"line":1856,"column":25},"end":{"line":1856,"column":79}},"906":{"start":{"line":1856,"column":68},"end":{"line":1856,"column":77}},"907":{"start":{"line":1857,"column":28},"end":{"line":1857,"column":78}},"908":{"start":{"line":1857,"column":67},"end":{"line":1857,"column":76}},"909":{"start":{"line":1858,"column":22},"end":{"line":1858,"column":83}},"910":{"start":{"line":1858,"column":70},"end":{"line":1858,"column":81}},"911":{"start":{"line":1859,"column":25},"end":{"line":1859,"column":82}},"912":{"start":{"line":1859,"column":69},"end":{"line":1859,"column":80}},"913":{"start":{"line":1860,"column":22},"end":{"line":1860,"column":41}},"914":{"start":{"line":1861,"column":18},"end":{"line":1861,"column":43}},"915":{"start":{"line":1863,"column":19},"end":{"line":1865,"column":36}},"916":{"start":{"line":1866,"column":22},"end":{"line":1868,"column":83}},"917":{"start":{"line":1870,"column":2},"end":{"line":1877,"column":12}},"918":{"start":{"line":1879,"column":2},"end":{"line":1879,"column":122}},"919":{"start":{"line":1880,"column":2},"end":{"line":1881,"column":104}},"920":{"start":{"line":1882,"column":2},"end":{"line":1882,"column":140}},"921":{"start":{"line":1883,"column":2},"end":{"line":1883,"column":123}},"922":{"start":{"line":1884,"column":2},"end":{"line":1884,"column":24}},"923":{"start":{"line":1885,"column":2},"end":{"line":1885,"column":22}},"924":{"start":{"line":1889,"column":2},"end":{"line":1889,"column":34}},"925":{"start":{"line":1889,"column":27},"end":{"line":1889,"column":34}},"926":{"start":{"line":1890,"column":2},"end":{"line":1890,"column":19}},"927":{"start":{"line":1891,"column":2},"end":{"line":1891,"column":61}},"928":{"start":{"line":1891,"column":36},"end":{"line":1891,"column":59}},"929":{"start":{"line":1892,"column":2},"end":{"line":1892,"column":24}},"930":{"start":{"line":1895,"column":30},"end":{"line":1895,"column":33}},"931":{"start":{"line":1896,"column":26},"end":{"line":1896,"column":70}},"932":{"start":{"line":1898,"column":2},"end":{"line":1903,"column":5}},"933":{"start":{"line":1899,"column":19},"end":{"line":1899,"column":39}},"934":{"start":{"line":1900,"column":4},"end":{"line":1900,"column":24}},"935":{"start":{"line":1900,"column":17},"end":{"line":1900,"column":24}},"936":{"start":{"line":1901,"column":4},"end":{"line":1901,"column":22}},"937":{"start":{"line":1902,"column":4},"end":{"line":1902,"column":41}},"938":{"start":{"line":1906,"column":2},"end":{"line":1908,"column":3}},"939":{"start":{"line":1907,"column":4},"end":{"line":1907,"column":104}},"940":{"start":{"line":1912,"column":17},"end":{"line":1912,"column":31}},"941":{"start":{"line":1913,"column":2},"end":{"line":1926,"column":3}},"942":{"start":{"line":1914,"column":4},"end":{"line":1920,"column":87}},"943":{"start":{"line":1922,"column":4},"end":{"line":1924,"column":5}},"944":{"start":{"line":1923,"column":6},"end":{"line":1923,"column":35}},"945":{"start":{"line":1925,"column":4},"end":{"line":1925,"column":11}},"946":{"start":{"line":1929,"column":2},"end":{"line":1936,"column":3}},"947":{"start":{"line":1930,"column":4},"end":{"line":1930,"column":34}},"948":{"start":{"line":1932,"column":18},"end":{"line":1932,"column":68}},"949":{"start":{"line":1933,"column":4},"end":{"line":1935,"column":5}},"950":{"start":{"line":1934,"column":6},"end":{"line":1934,"column":26}},"951":{"start":{"line":1938,"column":18},"end":{"line":1938,"column":44}},"952":{"start":{"line":1939,"column":25},"end":{"line":1939,"column":89}},"953":{"start":{"line":1940,"column":24},"end":{"line":1940,"column":86}},"954":{"start":{"line":1941,"column":24},"end":{"line":1941,"column":68}},"955":{"start":{"line":1942,"column":25},"end":{"line":1942,"column":102}},"956":{"start":{"line":1944,"column":15},"end":{"line":1958,"column":13}},"957":{"start":{"line":1960,"column":24},"end":{"line":1960,"column":54}},"958":{"start":{"line":1961,"column":23},"end":{"line":1961,"column":78}},"959":{"start":{"line":1962,"column":23},"end":{"line":1967,"column":8}},"960":{"start":{"line":1969,"column":17},"end":{"line":1969,"column":42}},"961":{"start":{"line":1970,"column":23},"end":{"line":1970,"column":112}},"962":{"start":{"line":1971,"column":24},"end":{"line":1971,"column":80}},"963":{"start":{"line":1972,"column":21},"end":{"line":1972,"column":102}},"964":{"start":{"line":1973,"column":18},"end":{"line":1973,"column":46}},"965":{"start":{"line":1975,"column":2},"end":{"line":2034,"column":4}},"966":{"start":{"line":2036,"column":23},"end":{"line":2036,"column":73}},"967":{"start":{"line":2037,"column":2},"end":{"line":2041,"column":3}},"968":{"start":{"line":2038,"column":4},"end":{"line":2040,"column":7}},"969":{"start":{"line":2039,"column":6},"end":{"line":2039,"column":31}},"970":{"start":{"line":2045,"column":2},"end":{"line":2049,"column":3}},"971":{"start":{"line":2046,"column":4},"end":{"line":2047,"column":104}},"972":{"start":{"line":2048,"column":4},"end":{"line":2048,"column":11}},"973":{"start":{"line":2051,"column":13},"end":{"line":2051,"column":49}},"974":{"start":{"line":2052,"column":20},"end":{"line":2059,"column":20}},"975":{"start":{"line":2054,"column":8},"end":{"line":2057,"column":63}},"976":{"start":{"line":2061,"column":2},"end":{"line":2061,"column":34}},"977":{"start":{"line":2062,"column":2},"end":{"line":2066,"column":3}},"978":{"start":{"line":2063,"column":4},"end":{"line":2064,"column":103}},"979":{"start":{"line":2065,"column":4},"end":{"line":2065,"column":11}},"980":{"start":{"line":2068,"column":2},"end":{"line":2126,"column":5}},"981":{"start":{"line":2069,"column":16},"end":{"line":2069,"column":44}},"982":{"start":{"line":2070,"column":4},"end":{"line":2070,"column":65}},"983":{"start":{"line":2071,"column":4},"end":{"line":2074,"column":7}},"984":{"start":{"line":2072,"column":6},"end":{"line":2072,"column":33}},"985":{"start":{"line":2073,"column":6},"end":{"line":2073,"column":31}},"986":{"start":{"line":2076,"column":23},"end":{"line":2076,"column":49}},"987":{"start":{"line":2077,"column":17},"end":{"line":2077,"column":37}},"988":{"start":{"line":2078,"column":24},"end":{"line":2080,"column":11}},"989":{"start":{"line":2082,"column":4},"end":{"line":2114,"column":6}},"990":{"start":{"line":2116,"column":21},"end":{"line":2116,"column":60}},"991":{"start":{"line":2117,"column":4},"end":{"line":2123,"column":5}},"992":{"start":{"line":2118,"column":6},"end":{"line":2122,"column":9}},"993":{"start":{"line":2119,"column":8},"end":{"line":2119,"column":28}},"994":{"start":{"line":2120,"column":8},"end":{"line":2120,"column":34}},"995":{"start":{"line":2121,"column":8},"end":{"line":2121,"column":47}},"996":{"start":{"line":2125,"column":4},"end":{"line":2125,"column":38}},"997":{"start":{"line":2129,"column":25},"end":{"line":2129,"column":27}},"998":{"start":{"line":2130,"column":21},"end":{"line":2130,"column":22}},"999":{"start":{"line":2131,"column":25},"end":{"line":2131,"column":26}},"1000":{"start":{"line":2134,"column":2},"end":{"line":2134,"column":36}},"1001":{"start":{"line":2134,"column":17},"end":{"line":2134,"column":36}},"1002":{"start":{"line":2135,"column":2},"end":{"line":2139,"column":3}},"1003":{"start":{"line":2136,"column":4},"end":{"line":2137,"column":85}},"1004":{"start":{"line":2138,"column":4},"end":{"line":2138,"column":11}},"1005":{"start":{"line":2141,"column":20},"end":{"line":2141,"column":53}},"1006":{"start":{"line":2142,"column":18},"end":{"line":2142,"column":52}},"1007":{"start":{"line":2143,"column":20},"end":{"line":2143,"column":58}},"1008":{"start":{"line":2145,"column":2},"end":{"line":2145,"column":35}},"1009":{"start":{"line":2146,"column":2},"end":{"line":2251,"column":5}},"1010":{"start":{"line":2147,"column":17},"end":{"line":2147,"column":50}},"1011":{"start":{"line":2148,"column":4},"end":{"line":2148,"column":83}},"1012":{"start":{"line":2149,"column":20},"end":{"line":2149,"column":46}},"1013":{"start":{"line":2150,"column":23},"end":{"line":2150,"column":115}},"1014":{"start":{"line":2151,"column":22},"end":{"line":2151,"column":112}},"1015":{"start":{"line":2152,"column":27},"end":{"line":2152,"column":104}},"1016":{"start":{"line":2153,"column":20},"end":{"line":2153,"column":40}},"1017":{"start":{"line":2154,"column":31},"end":{"line":2156,"column":10}},"1018":{"start":{"line":2157,"column":22},"end":{"line":2157,"column":122}},"1019":{"start":{"line":2158,"column":24},"end":{"line":2158,"column":52}},"1020":{"start":{"line":2160,"column":4},"end":{"line":2227,"column":6}},"1021":{"start":{"line":2229,"column":24},"end":{"line":2229,"column":65}},"1022":{"start":{"line":2230,"column":4},"end":{"line":2239,"column":5}},"1023":{"start":{"line":2231,"column":6},"end":{"line":2238,"column":9}},"1024":{"start":{"line":2232,"column":8},"end":{"line":2232,"column":35}},"1025":{"start":{"line":2233,"column":8},"end":{"line":2233,"column":33}},"1026":{"start":{"line":2234,"column":8},"end":{"line":2237,"column":9}},"1027":{"start":{"line":2235,"column":25},"end":{"line":2235,"column":93}},"1028":{"start":{"line":2236,"column":10},"end":{"line":2236,"column":76}},"1029":{"start":{"line":2241,"column":21},"end":{"line":2241,"column":61}},"1030":{"start":{"line":2242,"column":4},"end":{"line":2248,"column":5}},"1031":{"start":{"line":2243,"column":6},"end":{"line":2247,"column":9}},"1032":{"start":{"line":2244,"column":8},"end":{"line":2244,"column":28}},"1033":{"start":{"line":2245,"column":8},"end":{"line":2245,"column":34}},"1034":{"start":{"line":2246,"column":8},"end":{"line":2246,"column":47}},"1035":{"start":{"line":2250,"column":4},"end":{"line":2250,"column":40}},"1036":{"start":{"line":2253,"column":2},"end":{"line":2262,"column":3}},"1037":{"start":{"line":2254,"column":21},"end":{"line":2254,"column":53}},"1038":{"start":{"line":2255,"column":4},"end":{"line":2255,"column":44}},"1039":{"start":{"line":2256,"column":4},"end":{"line":2256,"column":140}},"1040":{"start":{"line":2257,"column":4},"end":{"line":2260,"column":7}},"1041":{"start":{"line":2258,"column":6},"end":{"line":2258,"column":26}},"1042":{"start":{"line":2259,"column":6},"end":{"line":2259,"column":31}},"1043":{"start":{"line":2261,"column":4},"end":{"line":2261,"column":44}},"1044":{"start":{"line":2265,"column":2},"end":{"line":2268,"column":5}},"1045":{"start":{"line":2266,"column":23},"end":{"line":2266,"column":77}},"1046":{"start":{"line":2267,"column":4},"end":{"line":2267,"column":68}},"1047":{"start":{"line":2267,"column":20},"end":{"line":2267,"column":68}},"1048":{"start":{"line":2272,"column":2},"end":{"line":2272,"column":22}},"1049":{"start":{"line":2273,"column":2},"end":{"line":2273,"column":20}},"1050":{"start":{"line":2274,"column":2},"end":{"line":2274,"column":16}},"1051":{"start":{"line":2276,"column":2},"end":{"line":2282,"column":3}},"1052":{"start":{"line":2277,"column":16},"end":{"line":2277,"column":60}},"1053":{"start":{"line":2277,"column":48},"end":{"line":2277,"column":59}},"1054":{"start":{"line":2278,"column":4},"end":{"line":2281,"column":5}},"1055":{"start":{"line":2279,"column":25},"end":{"line":2279,"column":64}},"1056":{"start":{"line":2280,"column":6},"end":{"line":2280,"column":67}},"1057":{"start":{"line":2280,"column":39},"end":{"line":2280,"column":67}},"1058":{"start":{"line":2283,"column":2},"end":{"line":2283,"column":27}},"1059":{"start":{"line":2284,"column":2},"end":{"line":2284,"column":22}},"1060":{"start":{"line":2288,"column":2},"end":{"line":2288,"column":32}},"1061":{"start":{"line":2288,"column":25},"end":{"line":2288,"column":32}},"1062":{"start":{"line":2289,"column":19},"end":{"line":2289,"column":57}},"1063":{"start":{"line":2290,"column":17},"end":{"line":2290,"column":31}},"1064":{"start":{"line":2291,"column":2},"end":{"line":2294,"column":3}},"1065":{"start":{"line":2292,"column":4},"end":{"line":2292,"column":55}},"1066":{"start":{"line":2293,"column":4},"end":{"line":2293,"column":11}},"1067":{"start":{"line":2295,"column":2},"end":{"line":2295,"column":54}},"1068":{"start":{"line":2296,"column":2},"end":{"line":2296,"column":36}},"1069":{"start":{"line":2297,"column":18},"end":{"line":2297,"column":38}},"1070":{"start":{"line":2298,"column":20},"end":{"line":2300,"column":8}},"1071":{"start":{"line":2301,"column":18},"end":{"line":2301,"column":76}},"1072":{"start":{"line":2302,"column":2},"end":{"line":2302,"column":49}},"1073":{"start":{"line":2304,"column":18},"end":{"line":2304,"column":74}},"1074":{"start":{"line":2305,"column":2},"end":{"line":2308,"column":4}},"1075":{"start":{"line":2309,"column":2},"end":{"line":2312,"column":5}},"1076":{"start":{"line":2310,"column":23},"end":{"line":2310,"column":77}},"1077":{"start":{"line":2311,"column":4},"end":{"line":2311,"column":87}},"1078":{"start":{"line":2311,"column":20},"end":{"line":2311,"column":87}},"1079":{"start":{"line":2314,"column":2},"end":{"line":2314,"column":34}},"1080":{"start":{"line":2315,"column":2},"end":{"line":2315,"column":79}},"1081":{"start":{"line":2315,"column":30},"end":{"line":2315,"column":77}},"1082":{"start":{"line":2318,"column":2},"end":{"line":2318,"column":34}},"1083":{"start":{"line":2318,"column":27},"end":{"line":2318,"column":34}},"1084":{"start":{"line":2319,"column":17},"end":{"line":2319,"column":31}},"1085":{"start":{"line":2320,"column":2},"end":{"line":2320,"column":22}},"1086":{"start":{"line":2320,"column":15},"end":{"line":2320,"column":22}},"1087":{"start":{"line":2321,"column":17},"end":{"line":2321,"column":45}},"1088":{"start":{"line":2322,"column":2},"end":{"line":2322,"column":22}},"1089":{"start":{"line":2322,"column":15},"end":{"line":2322,"column":22}},"1090":{"start":{"line":2324,"column":21},"end":{"line":2324,"column":48}},"1091":{"start":{"line":2325,"column":17},"end":{"line":2325,"column":35}},"1092":{"start":{"line":2330,"column":2},"end":{"line":2346,"column":3}},"1093":{"start":{"line":2331,"column":21},"end":{"line":2331,"column":52}},"1094":{"start":{"line":2332,"column":24},"end":{"line":2332,"column":35}},"1095":{"start":{"line":2333,"column":25},"end":{"line":2333,"column":28}},"1096":{"start":{"line":2336,"column":18},"end":{"line":2336,"column":19}},"1097":{"start":{"line":2337,"column":4},"end":{"line":2339,"column":5}},"1098":{"start":{"line":2338,"column":6},"end":{"line":2338,"column":42}},"1099":{"start":{"line":2341,"column":23},"end":{"line":2341,"column":59}},"1100":{"start":{"line":2342,"column":27},"end":{"line":2342,"column":64}},"1101":{"start":{"line":2343,"column":4},"end":{"line":2343,"colum
[...]
3":[0,0],"184":[0,0],"185":[0,0],"186":[0,0],"187":[0,0],"188":[0,0],"189":[0,0],"190":[0,0],"191":[0,0],"192":[0,0],"193":[0,0],"194":[0],"195":[0],"196":[0],"197":[0,0,0],"198":[0],"199":[0,0],"200":[0,0],"201":[0,0],"202":[0,0],"203":[0,0],"204":[0,0],"205":[0,0],"206":[0,0],"207":[0,0],"208":[0,0],"209":[0,0],"210":[0,0],"211":[0,0],"212":[0,0],"213":[0,0],"214":[0,0,0],"215":[0,0],"216":[0,0],"217":[0,0],"218":[0,0],"219":[0,0],"220":[0,0],"221":[0,0],"222":[0,0],"223":[0,0],"224":[0,0],"225":[0,0],"226":[0,0],"227":[0,0],"228":[0,0],"229":[0,0],"230":[0,0],"231":[0,0],"232":[0,0],"233":[0,0],"234":[0,0],"235":[0,0],"236":[0,0],"237":[0,0],"238":[0,0],"239":[0,0],"240":[0,0],"241":[0,0],"242":[0,0],"243":[0,0],"244":[0,0],"245":[0],"246":[0,0],"247":[0,0],"248":[0,0],"249":[0],"250":[0],"251":[0,0],"252":[0,0],"253":[0,0],"254":[0,0],"255":[0,0],"256":[0,0],"257":[0,0],"258":[0,0],"259":[0,0],"260":[0,0],"261":[0,0],"262":[0,0],"263":[0,0],"264":[0,0],"265":[0,0],"266":[0,0],"267":[0,0],"268":[0,0],"269":[0,0],"270":[0,0],"271":[0,0],"272":[0,0],"273":[0,0],"274":[0,0],"275":[0,0],"276":[0,0],"277":[0,0],"278":[0,0],"279":[0,0],"280":[0,0],"281":[0,0],"282":[0,0],"283":[0,0],"284":[0,0,0],"285":[0,0],"286":[0,0],"287":[0,0],"288":[0,0],"289":[0,0],"290":[0,0],"291":[0,0],"292":[0,0],"293":[0,0],"294":[0,0],"295":[0,0],"296":[0,0],"297":[0,0,0],"298":[0,0],"299":[0,0],"300":[0,0],"301":[0,0],"302":[0,0],"303":[0,0],"304":[0,0],"305":[0,0],"306":[0,0],"307":[0,0],"308":[0,0],"309":[0,0],"310":[0,0],"311":[0,0],"312":[0,0],"313":[0,0],"314":[0,0],"315":[0,0],"316":[0,0],"317":[0,0],"318":[0,0],"319":[0,0],"320":[0,0],"321":[0,0],"322":[0,0],"323":[0,0],"324":[0,0],"325":[0,0],"326":[0,0],"327":[0,0],"328":[0,0],"329":[0,0],"330":[0,0,0],"331":[0,0],"332":[0,0],"333":[0,0],"334":[0,0],"335":[0,0],"336":[0,0],"337":[0,0],"338":[0,0],"339":[0,0],"340":[0,0],"341":[0,0],"342":[0,0,0,0,0],"343":[0,0],"344":[0,0],"345":[0,0],"346":[0,0],"347":[0,0],"348":[0,0],"349":[0,0],"350":[0,0],"351":[0,0],"352":[0,0],"353":[0,0],"354":[0,0],"355":[0,0],"356":[0,0],"357":[0,0],"358":[0,0],"359":[0,0],"360":[0,0],"361":[0,0],"362":[0,0],"363":[0,0],"364":[0,0],"365":[0,0],"366":[0,0],"367":[0,0],"368":[0,0],"369":[0,0],"370":[0,0],"371":[0,0],"372":[0,0],"373":[0,0],"374":[0,0],"375":[0,0],"376":[0,0],"377":[0,0],"378":[0,0],"379":[0,0],"380":[0,0],"381":[0,0,0],"382":[0,0,0],"383":[0,0],"384":[0,0,0],"385":[0,0],"386":[0,0,0],"387":[0,0],"388":[0,0],"389":[0,0],"390":[0,0],"391":[0,0],"392":[0,0],"393":[0,0],"394":[0,0],"395":[0,0,0],"396":[0,0],"397":[0,0],"398":[0,0],"399":[0,0],"400":[0,0],"401":[0,0],"402":[0,0],"403":[0,0],"404":[0,0],"405":[0,0],"406":[0,0],"407":[0,0],"408":[0,0],"409":[0,0],"410":[0,0],"411":[0,0],"412":[0,0],"413":[0,0],"414":[0,0],"415":[0,0],"416":[0,0],"417":[0,0],"418":[0,0],"419":[0,0],"420":[0,0],"421":[0,0],"422":[0,0],"423":[0,0],"424":[0,0],"425":[0,0],"426":[0,0,0,0],"427":[0,0],"428":[0,0],"429":[0,0],"430":[0,0],"431":[0,0],"432":[0,0],"433":[0,0],"434":[0,0],"435":[0,0],"436":[0,0],"437":[0,0],"438":[0,0],"439":[0,0],"440":[0,0,0,0,0],"441":[0,0],"442":[0,0],"443":[0,0],"444":[0,0],"445":[0,0],"446":[0,0,0],"447":[0,0],"448":[0,0],"449":[0,0],"450":[0],"451":[0,0],"452":[0,0],"453":[0,0],"454":[0,0],"455":[0,0],"456":[0,0,0],"457":[0,0],"458":[0,0],"459":[0,0],"460":[0,0],"461":[0,0],"462":[0,0],"463":[0,0],"464":[0,0],"465":[0,0],"466":[0,0],"467":[0,0],"468":[0,0],"469":[0,0],"470":[0,0],"471":[0,0],"472":[0,0],"473":[0,0],"474":[0,0],"475":[0,0],"476":[0,0],"477":[0,0],"478":[0,0],"479":[0,0],"480":[0,0,0],"481":[0,0],"482":[0,0],"483":[0,0],"484":[0,0],"485":[0,0],"486":[0,0],"487":[0,0],"488":[0,0],"489":[0,0],"490":[0,0],"491":[0,0],"492":[0,0],"493":[0,0,0],"494":[0,0],"495":[0,0],"496":[0,0],"497":[0,0],"498":[0,0],"499":[0,0],"500":[0,0],"501":[0,0],"502":[0,0],"503":[0,0],"504":[0,0],"505":[0,0],"506":[0,0],"507":[0,0],"508":[0,0],"509":[0,0],"510":[0,0],"511":[0,0],"512":[0,0],"513":[0,0],"514":[0,0],"515":[0,0],"516":[0,0],"517":[0,0],"518":[0,0],"519":[0,0],"520":[0,0],"521":[0,0,0],"522":[0,0],"523":[0,0],"524":[0,0],"525":[0,0],"526":[0,0],"527":[0,0],"528":[0,0],"529":[0,0],"530":[0,0],"531":[0,0,0,0,0],"532":[0,0],"533":[0,0],"534":[0,0],"535":[0,0],"536":[0,0],"537":[0,0],"538":[0,0],"539":[0,0],"540":[0,0],"541":[0,0],"542":[0,0],"543":[0,0],"544":[0,0],"545":[0,0],"546":[0,0],"547":[0,0],"548":[0,0],"549":[0,0],"550":[0,0],"551":[0,0],"552":[0,0],"553":[0,0],"554":[0,0],"555":[0,0],"556":[0,0],"557":[0,0],"558":[0,0],"559":[0,0],"560":[0,0],"561":[0,0],"562":[0,0],"563":[0,0],"564":[0,0],"565":[0,0],"566":[0,0],"567":[0,0],"568":[0,0],"569":[0,0],"570":[0,0],"571":[0,0],"572":[0,0],"573":[0,0],"574":[0,0],"575":[0,0],"576":[0,0],"577":[0,0],"578":[0,0],"579":[0,0],"580":[0,0],"581":[0,0],"582":[0,0],"583":[0,0],"584":[0,0],"585":[0,0],"586":[0,0],"587":[0,0],"588":[0,0],"589":[0,0],"590":[0,0],"591":[0,0],"592":[0,0],"593":[0,0],"594":[0,0],"595":[0,0],"596":[0,0],"597":[0,0],"598":[0,0],"599":[0,0],"600":[0,0],"601":[0,0],"602":[0,0],"603":[0,0],"604":[0,0],"605":[0,0,0,0,0],"606":[0,0],"607":[0,0],"608":[0,0],"609":[0,0],"610":[0,0],"611":[0,0],"612":[0,0],"613":[0,0],"614":[0,0],"615":[0,0],"616":[0,0],"617":[0,0],"618":[0,0],"619":[0,0],"620":[0,0],"621":[0,0],"622":[0,0],"623":[0,0],"624":[0,0],"625":[0,0],"626":[0,0],"627":[0,0],"628":[0,0],"629":[0,0],"630":[0,0],"631":[0,0],"632":[0,0],"633":[0,0],"634":[0,0],"635":[0,0],"636":[0,0],"637":[0,0],"638":[0,0],"639":[0,0],"640":[0,0],"641":[0,0],"642":[0,0],"643":[0,0],"644":[0,0],"645":[0,0],"646":[0,0],"647":[0,0],"648":[0,0],"649":[0,0],"650":[0,0],"651":[0,0],"652":[0,0],"653":[0,0],"654":[0,0],"655":[0,0],"656":[0,0],"657":[0,0],"658":[0,0],"659":[0,0],"660":[0,0],"661":[0,0],"662":[0,0],"663":[0,0],"664":[0,0,0],"665":[0,0],"666":[0,0],"667":[0,0],"668":[0,0],"669":[0,0],"670":[0,0],"671":[0,0],"672":[0,0],"673":[0,0],"674":[0,0],"675":[0,0],"676":[0,0],"677":[0,0],"678":[0,0],"679":[0,0],"680":[0],"681":[0,0],"682":[0,0],"683":[0,0],"684":[0,0],"685":[0,0],"686":[0,0],"687":[0,0],"688":[0,0],"689":[0,0],"690":[0,0],"691":[0,0],"692":[0,0],"693":[0,0],"694":[0,0],"695":[0,0],"696":[0,0],"697":[0,0],"698":[0,0],"699":[0,0,0],"700":[0,0],"701":[0,0],"702":[0,0],"703":[0,0],"704":[0,0],"705":[0,0],"706":[0,0],"707":[0,0],"708":[0,0,0],"709":[0,0],"710":[0,0,0],"711":[0,0],"712":[0,0],"713":[0,0],"714":[0,0],"715":[0,0],"716":[0,0],"717":[0,0],"718":[0,0],"719":[0,0],"720":[0,0],"721":[0,0],"722":[0,0],"723":[0,0],"724":[0,0,0,0,0],"725":[0,0],"726":[0,0],"727":[0,0],"728":[0,0],"729":[0,0],"730":[0,0],"731":[0,0],"732":[0,0],"733":[0,0],"734":[0,0],"735":[0,0],"736":[0,0],"737":[0,0],"738":[0,0],"739":[0,0],"740":[0,0],"741":[0,0],"742":[0,0],"743":[0,0],"744":[0,0],"745":[0,0],"746":[0,0],"747":[0,0],"748":[0,0],"749":[0,0],"750":[0,0],"751":[0,0],"752":[0,0],"753":[0,0],"754":[0,0,0],"755":[0,0],"756":[0,0],"757":[0,0],"758":[0,0],"759":[0,0],"760":[0,0],"761":[0,0],"762":[0,0],"763":[0,0],"764":[0,0],"765":[0,0],"766":[0,0],"767":[0,0],"768":[0,0],"769":[0,0],"770":[0,0],"771":[0,0],"772":[0,0],"773":[0],"774":[0,0],"775":[0,0],"776":[0,0],"777":[0,0],"778":[0,0],"779":[0,0],"780":[0,0],"781":[0,0],"782":[0,0],"783":[0,0],"784":[0,0],"785":[0,0],"786":[0,0],"787":[0,0],"788":[0,0],"789":[0,0],"790":[0,0],"791":[0,0],"792":[0,0],"793":[0,0],"794":[0,0],"795":[0,0],"796":[0,0],"797":[0,0],"798":[0,0],"799":[0,0],"800":[0,0],"801":[0,0],"802":[0,0],"803":[0,0],"804":[0,0],"805":[0,0],"806":[0,0],"807":[0,0],"808":[0,0],"809":[0,0],"810":[0,0],"811":[0,0],"812":[0,0],"813":[0,0],"814":[0,0],"815":[0,0],"816":[0,0],"817":[0,0],"818":[0,0],"819":[0,0],"820":[0,0],"821":[0,0],"822":[0,0],"823":[0,0],"824":[0,0],"825":[0,0],"826":[0,0],"827":[0,0],"828":[0,0],"829":[0,0],"830":[0,0],"831":[0,0],"832":[0,0],"833":[0,0],"834":[0,0],"835":[0,0],"836":[0,0],"837":[0,0],"838":[0,0],"839":[0,0],"840":[0,0],"841":[0,0],"842":[0,0],"843":[0,0],"844":[0,0],"845":[0,0],"846":[0,0],"847":[0,0,0],"848":[0,0],"849":[0,0,0],"850":[0,0],"851":[0,0],"852":[0,0],"853":[0,0],"854":[0,0],"855":[0,0],"856":[0,0],"857":[0,0]}}
,"/Users/koohaoming/dev/amex-dining-map/web/collections.js": {"path":"/Users/koohaoming/dev/amex-dining-map/web/collections.js","statementMap":{"0":{"start":{"line":3,"column":20},"end":{"line":68,"column":1}},"1":{"start":{"line":70,"column":19},"end":{"line":202,"column":1}},"2":{"start":{"line":205,"column":2},"end":{"line":205,"column":54}},"3":{"start":{"line":205,"column":31},"end":{"line":205,"column":52}},"4":{"start":{"line":209,"column":2},"end":{"line":209,"column":47}},"5":{"start":{"line":209,"column":30},"end":{"line":209,"column":45}},"6":{"start":{"line":213,"column":16},"end":{"line":213,"column":35}},"7":{"start":{"line":214,"column":2},"end":{"line":218,"column":4}},"8":{"start":{"line":215,"column":4},"end":{"line":217,"column":47}},"9":{"start":{"line":222,"column":2},"end":{"line":222,"column":63}},"10":{"start":{"line":222,"column":35},"end":{"line":222,"column":61}}},"fnMap":{"0":{"name":"getCollectionInfo","decl":{"start":{"line":204,"column":9},"end":{"line":204,"column":26}},"loc":{"start":{"line":204,"column":41},"end":{"line":206,"column":1}},"line":204},"1":{"name":"(anonymous_1)","decl":{"start":{"line":205,"column":26},"end":{"line":205,"column":27}},"loc":{"start":{"line":205,"column":31},"end":{"line":205,"column":52}},"line":205},"2":{"name":"getBlogPost","decl":{"start":{"line":208,"column":9},"end":{"line":208,"column":20}},"loc":{"start":{"line":208,"column":29},"end":{"line":210,"column":1}},"line":208},"3":{"name":"(anonymous_3)","decl":{"start":{"line":209,"column":25},"end":{"line":209,"column":26}},"loc":{"start":{"line":209,"column":30},"end":{"line":209,"column":45}},"line":209},"4":{"name":"searchBlogPosts","decl":{"start":{"line":212,"column":9},"end":{"line":212,"column":24}},"loc":{"start":{"line":212,"column":32},"end":{"line":219,"column":1}},"line":212},"5":{"name":"(anonymous_5)","decl":{"start":{"line":214,"column":27},"end":{"line":214,"column":28}},"loc":{"start":{"line":215,"column":4},"end":{"line":217,"column":47}},"line":215},"6":{"name":"getPostsByCategory","decl":{"start":{"line":221,"column":9},"end":{"line":221,"column":27}},"loc":{"start":{"line":221,"column":38},"end":{"line":223,"column":1}},"line":221},"7":{"name":"(anonymous_7)","decl":{"start":{"line":222,"column":27},"end":{"line":222,"column":28}},"loc":{"start":{"line":222,"column":35},"end":{"line":222,"column":61}},"line":222}},"branchMap":{"0":{"loc":{"start":{"line":215,"column":4},"end":{"line":217,"column":47}},"type":"binary-expr","locations":[{"start":{"line":215,"column":4},"end":{"line":215,"column":44}},{"start":{"line":216,"column":4},"end":{"line":216,"column":46}},{"start":{"line":217,"column":4},"end":{"line":217,"column":47}}],"line":215}},"s":{"0":0,"1":0,"2":0,"3":0,"4":0,"5":0,"6":0,"7":0,"8":0,"9":0,"10":0},"f":{"0":0,"1":0,"2":0,"3":0,"4":0,"5":0,"6":0,"7":0},"b":{"0":[0,0,0]}}
,"/Users/koohaoming/dev/amex-dining-map/web/i18n.js": {"path":"/Users/koohaoming/dev/amex-dining-map/web/i18n.js","statementMap":{"0":{"start":{"line":2,"column":21},"end":{"line":102,"column":1}},"1":{"start":{"line":104,"column":22},"end":{"line":104,"column":67}},"2":{"start":{"line":107,"column":2},"end":{"line":107,"column":25}},"3":{"start":{"line":108,"column":2},"end":{"line":108,"column":46}},"4":{"start":{"line":112,"column":2},"end":{"line":112,"column":82}},"5":{"start":{"line":117,"column":19},"end":{"line":117,"column":59}},"6":{"start":{"line":118,"column":2},"end":{"line":125,"column":5}},"7":{"start":{"line":119,"column":16},"end":{"line":119,"column":44}},"8":{"start":{"line":120,"column":4},"end":{"line":124,"column":5}},"9":{"start":{"line":121,"column":6},"end":{"line":121,"column":30}},"10":{"start":{"line":123,"column":6},"end":{"line":123,"column":30}}},"fnMap":{"0":{"name":"setLanguage","decl":{"start":{"line":106,"column":9},"end":{"line":106,"column":20}},"loc":{"start":{"line":106,"column":27},"end":{"line":109,"column":1}},"line":106},"1":{"name":"t","decl":{"start":{"line":111,"column":9},"end":{"line":111,"column":10}},"loc":{"start":{"line":111,"column":16},"end":{"line":113,"column":1}},"line":111},"2":{"name":"updatePageLanguage","decl":{"start":{"line":115,"column":9},"end":{"line":115,"column":27}},"loc":{"start":{"line":115,"column":30},"end":{"line":126,"column":1}},"line":115},"3":{"name":"(anonymous_3)","decl":{"start":{"line":118,"column":19},"end":{"line":118,"column":20}},"loc":{"start":{"line":118,"column":25},"end":{"line":125,"column":3}},"line":118}},"branchMap":{"0":{"loc":{"start":{"line":104,"column":22},"end":{"line":104,"column":67}},"type":"binary-expr","locations":[{"start":{"line":104,"column":22},"end":{"line":104,"column":59}},{"start":{"line":104,"column":63},"end":{"line":104,"column":67}}],"line":104},"1":{"loc":{"start":{"line":112,"column":9},"end":{"line":112,"column":81}},"type":"binary-expr","locations":[{"start":{"line":112,"column":9},"end":{"line":112,"column":45}},{"start":{"line":112,"column":49},"end":{"line":112,"column":74}},{"start":{"line":112,"column":78},"end":{"line":112,"column":81}}],"line":112},"2":{"loc":{"start":{"line":120,"column":4},"end":{"line":124,"column":5}},"type":"if","locations":[{"start":{"line":120,"column":4},"end":{"line":124,"column":5}},{"start":{"line":122,"column":11},"end":{"line":124,"column":5}}],"line":120},"3":{"loc":{"start":{"line":120,"column":8},"end":{"line":120,"column":57}},"type":"binary-expr","locations":[{"start":{"line":120,"column":8},"end":{"line":120,"column":30}},{"start":{"line":120,"column":34},"end":{"line":120,"column":57}}],"line":120}},"s":{"0":0,"1":0,"2":0,"3":0,"4":0,"5":0,"6":0,"7":0,"8":0,"9":0,"10":0},"f":{"0":0,"1":0,"2":0,"3":0},"b":{"0":[0,0],"1":[0,0,0],"2":[0,0],"3":[0,0]}}
,"/Users/koohaoming/dev/amex-dining-map/web/sw.js": {"path":"/Users/koohaoming/dev/amex-dining-map/web/sw.js","statementMap":{"0":{"start":{"line":2,"column":19},"end":{"line":2,"column":35}},"1":{"start":{"line":3,"column":22},"end":{"line":17,"column":1}},"2":{"start":{"line":20,"column":0},"end":{"line":31,"column":3}},"3":{"start":{"line":21,"column":2},"end":{"line":30,"column":4}},"4":{"start":{"line":24,"column":8},"end":{"line":27,"column":11}},"5":{"start":{"line":26,"column":10},"end":{"line":26,"column":82}},"6":{"start":{"line":26,"column":58},"end":{"line":26,"column":79}},"7":{"start":{"line":29,"column":18},"end":{"line":29,"column":36}},"8":{"start":{"line":34,"column":0},"end":{"line":46,"column":3}},"9":{"start":{"line":35,"column":2},"end":{"line":45,"column":4}},"10":{"start":{"line":38,"column":8},"end":{"line":42,"column":10}},"11":{"start":{"line":40,"column":35},"end":{"line":40,"column":59}},"12":{"start":{"line":41,"column":32},"end":{"line":41,"column":56}},"13":{"start":{"line":44,"column":18},"end":{"line":44,"column":38}},"14":{"start":{"line":49,"column":0},"end":{"line":77,"column":3}},"15":{"start":{"line":51,"column":2},"end":{"line":51,"column":45}},"16":{"start":{"line":51,"column":38},"end":{"line":51,"column":45}},"17":{"start":{"line":53,"column":2},"end":{"line":76,"column":4}},"18":{"start":{"line":57,"column":8},"end":{"line":62,"column":9}},"19":{"start":{"line":58,"column":34},"end":{"line":58,"column":50}},"20":{"start":{"line":59,"column":10},"end":{"line":61,"column":13}},"21":{"start":{"line":60,"column":12},"end":{"line":60,"column":54}},"22":{"start":{"line":63,"column":8},"end":{"line":63,"column":24}},"23":{"start":{"line":67,"column":8},"end":{"line":74,"column":13}},"24":{"start":{"line":69,"column":12},"end":{"line":73,"column":15}},"25":{"start":{"line":80,"column":0},"end":{"line":87,"column":3}},"26":{"start":{"line":81,"column":2},"end":{"line":86,"column":3}},"27":{"start":{"line":82,"column":4},"end":{"line":85,"column":6}}},"fnMap":{"0":{"name":"(anonymous_0)","decl":{"start":{"line":20,"column":33},"end":{"line":20,"column":34}},"loc":{"start":{"line":20,"column":44},"end":{"line":31,"column":1}},"line":20},"1":{"name":"(anonymous_1)","decl":{"start":{"line":23,"column":12},"end":{"line":23,"column":13}},"loc":{"start":{"line":23,"column":23},"end":{"line":28,"column":7}},"line":23},"2":{"name":"(anonymous_2)","decl":{"start":{"line":24,"column":49},"end":{"line":24,"column":50}},"loc":{"start":{"line":24,"column":55},"end":{"line":27,"column":9}},"line":24},"3":{"name":"(anonymous_3)","decl":{"start":{"line":26,"column":51},"end":{"line":26,"column":52}},"loc":{"start":{"line":26,"column":58},"end":{"line":26,"column":79}},"line":26},"4":{"name":"(anonymous_4)","decl":{"start":{"line":29,"column":12},"end":{"line":29,"column":13}},"loc":{"start":{"line":29,"column":18},"end":{"line":29,"column":36}},"line":29},"5":{"name":"(anonymous_5)","decl":{"start":{"line":34,"column":34},"end":{"line":34,"column":35}},"loc":{"start":{"line":34,"column":45},"end":{"line":46,"column":1}},"line":34},"6":{"name":"(anonymous_6)","decl":{"start":{"line":37,"column":12},"end":{"line":37,"column":13}},"loc":{"start":{"line":37,"column":28},"end":{"line":43,"column":7}},"line":37},"7":{"name":"(anonymous_7)","decl":{"start":{"line":40,"column":20},"end":{"line":40,"column":21}},"loc":{"start":{"line":40,"column":35},"end":{"line":40,"column":59}},"line":40},"8":{"name":"(anonymous_8)","decl":{"start":{"line":41,"column":17},"end":{"line":41,"column":18}},"loc":{"start":{"line":41,"column":32},"end":{"line":41,"column":56}},"line":41},"9":{"name":"(anonymous_9)","decl":{"start":{"line":44,"column":12},"end":{"line":44,"column":13}},"loc":{"start":{"line":44,"column":18},"end":{"line":44,"column":38}},"line":44},"10":{"name":"(anonymous_10)","decl":{"start":{"line":49,"column":31},"end":{"line":49,"column":32}},"loc":{"start":{"line":49,"column":42},"end":{"line":77,"column":1}},"line":49},"11":{"name":"(anonymous_11)","decl":{"start":{"line":55,"column":12},"end":{"line":55,"column":13}},"loc":{"start":{"line":55,"column":26},"end":{"line":64,"column":7}},"line":55},"12":{"name":"(anonymous_12)","decl":{"start":{"line":59,"column":39},"end":{"line":59,"column":40}},"loc":{"start":{"line":59,"column":50},"end":{"line":61,"column":11}},"line":59},"13":{"name":"(anonymous_13)","decl":{"start":{"line":65,"column":13},"end":{"line":65,"column":14}},"loc":{"start":{"line":65,"column":19},"end":{"line":75,"column":7}},"line":65},"14":{"name":"(anonymous_14)","decl":{"start":{"line":68,"column":16},"end":{"line":68,"column":17}},"loc":{"start":{"line":68,"column":30},"end":{"line":74,"column":11}},"line":68},"15":{"name":"(anonymous_15)","decl":{"start":{"line":80,"column":30},"end":{"line":80,"column":31}},"loc":{"start":{"line":80,"column":41},"end":{"line":87,"column":1}},"line":80}},"branchMap":{"0":{"loc":{"start":{"line":51,"column":2},"end":{"line":51,"column":45}},"type":"if","locations":[{"start":{"line":51,"column":2},"end":{"line":51,"column":45}},{"start":{},"end":{}}],"line":51},"1":{"loc":{"start":{"line":57,"column":8},"end":{"line":62,"column":9}},"type":"if","locations":[{"start":{"line":57,"column":8},"end":{"line":62,"column":9}},{"start":{},"end":{}}],"line":57},"2":{"loc":{"start":{"line":69,"column":19},"end":{"line":73,"column":14}},"type":"binary-expr","locations":[{"start":{"line":69,"column":19},"end":{"line":69,"column":27}},{"start":{"line":69,"column":31},"end":{"line":73,"column":14}}],"line":69},"3":{"loc":{"start":{"line":81,"column":2},"end":{"line":86,"column":3}},"type":"if","locations":[{"start":{"line":81,"column":2},"end":{"line":86,"column":3}},{"start":{},"end":{}}],"line":81}},"s":{"0":0,"1":0,"2":0,"3":0,"4":0,"5":0,"6":0,"7":0,"8":0,"9":0,"10":0,"11":0,"12":0,"13":0,"14":0,"15":0,"16":0,"17":0,"18":0,"19":0,"20":0,"21":0,"22":0,"23":0,"24":0,"25":0,"26":0,"27":0},"f":{"0":0,"1":0,"2":0,"3":0,"4":0,"5":0,"6":0,"7":0,"8":0,"9":0,"10":0,"11":0,"12":0,"13":0,"14":0,"15":0},"b":{"0":[0,0],"1":[0,0],"2":[0,0],"3":[0,0]}}
}
