TN:
SF:web/app.js
FN:35,convertCurrency
FN:42,formatPrice
FN:50,debounce
FN:52,executedFunction
FN:53,(anonymous_4)
FN:67,(anonymous_5)
FN:69,(anonymous_6)
FN:75,(anonymous_7)
FN:93,(anonymous_8)
FN:109,(anonymous_9)
FN:179,(anonymous_10)
FN:192,(anonymous_11)
FN:205,(anonymous_12)
FN:218,(anonymous_13)
FN:231,(anonymous_14)
FN:244,(anonymous_15)
FN:257,(anonymous_16)
FN:270,(anonymous_17)
FN:283,(anonymous_18)
FN:296,(anonymous_19)
FN:309,(anonymous_20)
FN:322,(anonymous_21)
FN:335,(anonymous_22)
FN:361,(anonymous_23)
FN:362,(anonymous_24)
FN:458,loadTrips
FN:470,saveTrips
FN:474,createTrip
FN:489,addToTrip
FN:490,(anonymous_29)
FN:494,(anonymous_30)
FN:504,removeFromTrip
FN:505,(anonymous_32)
FN:508,(anonymous_33)
FN:513,deleteTrip
FN:514,(anonymous_35)
FN:521,getTrip
FN:522,(anonymous_37)
FN:525,exportTripItinerary
FN:533,(anonymous_39)
FN:550,loadFavorites
FN:562,saveFavorites
FN:566,toggleFavorite
FN:584,isFavorite
FN:588,getFavoriteCount
FN:596,exportToCSV
FN:604,(anonymous_46)
FN:606,(anonymous_47)
FN:607,(anonymous_48)
FN:628,getShareableUrl
FN:633,copyToClipboard
FN:634,(anonymous_51)
FN:636,(anonymous_52)
FN:820,escapeHtml
FN:828,tagSection
FN:831,(anonymous_55)
FN:841,labeledBadge
FN:847,pushLabeledBadge
FN:857,sourceConfidenceLabel
FN:868,formatReviewCount
FN:874,qualitySignals
FN:881,externalSignalCard
FN:907,(anonymous_62)
FN:922,externalSignalsSection
FN:925,(anonymous_64)
FN:937,uniqueValues
FN:938,(anonymous_66)
FN:941,yens
FN:947,priceBandLabel
FN:952,kidLabel
FN:975,regionForRecord
FN:986,markerColor
FN:990,priceMarkup
FN:1005,hasSourceCoordinates
FN:1009,hasVerifiedCoordinates
FN:1024,diningLocationBadge
FN:1047,googleMapsSearchUrl
FN:1053,googleRating
FN:1058,matchesGoogleRating
FN:1070,bestGoogleMapsUrl
FN:1076,googleRatingBadge
FN:1092,diningKicker
FN:1101,tabelogSearchUrl
FN:1114,diningGoogleMapsUrl
FN:1156,diningLocationTags
FN:1175,stayLocationTags
FN:1183,focusLocationNote
FN:1193,formatAddress
FN:1203,(anonymous_88)
FN:1204,(anonymous_89)
FN:1208,naturalList
FN:1216,diningSummaryPayload
FN:1240,createMarker
FN:1284,(anonymous_93)
FN:1291,fillSelect
FN:1294,(anonymous_95)
FN:1305,fillBandSelect
FN:1309,(anonymous_97)
FN:1310,(anonymous_98)
FN:1321,currentRoute
FN:1325,currentProgram
FN:1329,isDiningRoute
FN:1333,isStayRoute
FN:1337,isLiveDataRoute
FN:1341,currentJourneyId
FN:1348,visibleProgramIdsForJourney
FN:1361,formatTimestamp
FN:1372,buildAlertsSummary
FN:1381,buildAlertsCards
FN:1383,(anonymous_109)
FN:1421,activeFilterCount
FN:1440,setToolbarOpen
FN:1450,renderToolbarToggle
FN:1456,setTableOpen
FN:1466,renderTableToggle
FN:1473,activeRecord
FN:1474,(anonymous_116)
FN:1477,resolveRouteFromHash
FN:1512,renderProgramShell
FN:1519,(anonymous_119)
FN:1525,renderJourneyShell
FN:1527,(anonymous_121)
FN:1532,showIntroGate
FN:1543,hideIntroGate
FN:1552,jumpIntoExplorer
FN:1557,(anonymous_125)
FN:1563,renderScopeShell
FN:1574,(anonymous_127)
FN:1581,renderProgramBrief
FN:1600,(anonymous_129)
FN:1605,(anonymous_130)
FN:1619,clearMarkers
FN:1624,(anonymous_132)
FN:1628,clearStayMarkers
FN:1633,(anonymous_134)
FN:1637,resetFilterControls
FN:1654,refreshFilterOptions
FN:1659,(anonymous_137)
FN:1665,(anonymous_138)
FN:1670,(anonymous_139)
FN:1672,(anonymous_140)
FN:1676,(anonymous_141)
FN:1687,(anonymous_142)
FN:1690,(anonymous_143)
FN:1698,(anonymous_144)
FN:1703,(anonymous_145)
FN:1709,(anonymous_146)
FN:1715,(anonymous_147)
FN:1720,(anonymous_148)
FN:1725,ensureActiveRecord
FN:1731,(anonymous_150)
FN:1736,filterRestaurants
FN:1752,(anonymous_152)
FN:1788,(anonymous_153)
FN:1816,renderTripsList
FN:1824,(anonymous_155)
FN:1853,renderStats
FN:1855,(anonymous_157)
FN:1856,(anonymous_158)
FN:1857,(anonymous_159)
FN:1858,(anonymous_160)
FN:1859,(anonymous_161)
FN:1888,renderMarkers
FN:1891,(anonymous_163)
FN:1898,(anonymous_164)
FN:1911,renderFocusCard
FN:2038,(anonymous_166)
FN:2044,renderTable
FN:2053,(anonymous_168)
FN:2068,(anonymous_169)
FN:2071,(anonymous_170)
FN:2118,(anonymous_171)
FN:2133,renderMobileCards
FN:2146,(anonymous_173)
FN:2231,(anonymous_174)
FN:2243,(anonymous_175)
FN:2257,(anonymous_176)
FN:2265,(anonymous_177)
FN:2271,setActiveRecord
FN:2277,(anonymous_179)
FN:2287,renderMobileSheet
FN:2309,(anonymous_181)
FN:2315,(anonymous_182)
FN:2317,focusActiveRecordOnMap
FN:2351,stayGoogleMapsUrl
FN:2358,stayLocationBadge
FN:2381,stayLocationNote
FN:2391,stayReservationPrimaryLabel
FN:2398,stayReservationSummaryHtml
FN:2410,staySourceMetaLink
FN:2418,stayOfficialSourceAction
FN:2423,stayReservationActions
FN:2439,stayReservationModeLabel
FN:2454,stayDateRange
FN:2464,stayRangeOverlaps
FN:2472,stayAvailability
FN:2509,(anonymous_196)
FN:2514,(anonymous_197)
FN:2560,stayAvailabilityBadgeClass
FN:2566,stayFocusSummary
FN:2570,stayBlackoutHtml
FN:2574,(anonymous_201)
FN:2574,(anonymous_202)
FN:2579,(anonymous_203)
FN:2584,activeStayFilterCount
FN:2593,setStayToolbarOpen
FN:2603,renderStayToolbarToggle
FN:2609,setStayTableOpen
FN:2619,renderStayTableToggle
FN:2626,resetStayFilterControls
FN:2633,refreshStayFilterOptions
FN:2637,(anonymous_211)
FN:2640,(anonymous_212)
FN:2644,(anonymous_213)
FN:2647,ensureActiveStayRecord
FN:2652,(anonymous_215)
FN:2657,activeStayRecord
FN:2658,(anonymous_217)
FN:2661,createStayMarker
FN:2694,(anonymous_219)
FN:2700,filterStays
FN:2705,(anonymous_221)
FN:2714,(anonymous_222)
FN:2738,renderStayStats
FN:2739,(anonymous_224)
FN:2740,(anonymous_225)
FN:2741,(anonymous_226)
FN:2770,renderStayDownloads
FN:2774,(anonymous_228)
FN:2784,renderStayMarkers
FN:2792,(anonymous_230)
FN:2800,renderStayFocusCard
FN:2876,(anonymous_232)
FN:2882,renderStayTable
FN:2890,(anonymous_234)
FN:2893,(anonymous_235)
FN:2913,(anonymous_236)
FN:2924,renderStayMobileCards
FN:2932,(anonymous_238)
FN:2968,(anonymous_239)
FN:2980,(anonymous_240)
FN:2991,setActiveStayRecord
FN:2998,focusActiveStayOnMap
FN:3008,fitDiningMapToVisibleMarkers
FN:3012,(anonymous_244)
FN:3013,(anonymous_245)
FN:3028,fitStayMapToVisibleMarkers
FN:3032,(anonymous_247)
FN:3033,(anonymous_248)
FN:3050,isLoveDiningRoute
FN:3054,clearLoveDiningMarkers
FN:3059,(anonymous_251)
FN:3063,createLoveDiningMarker
FN:3076,(anonymous_253)
FN:3085,updateLoveDiningMarkerStyles
FN:3086,(anonymous_255)
FN:3095,renderLoveDiningMarkers
FN:3103,(anonymous_257)
FN:3111,fitLoveDiningMap
FN:3114,(anonymous_259)
FN:3115,(anonymous_260)
FN:3124,focusLoveDiningOnMap
FN:3129,normalizeInlineText
FN:3136,loveDiningPhoneCount
FN:3142,loveDiningRepeatsNameInNotes
FN:3149,loveDiningAddressBlockCount
FN:3159,loveDiningHasMultipleLocations
FN:3165,loveDiningShouldHideMapPin
FN:3170,loveDiningHasMapPin
FN:3174,loveDiningLocationNote
FN:3182,refreshLoveDiningCuisineOptions
FN:3183,(anonymous_271)
FN:3186,(anonymous_272)
FN:3195,filterLoveDining
FN:3201,(anonymous_274)
FN:3214,(anonymous_275)
FN:3247,renderLoveDiningCard
FN:3248,(anonymous_277)
FN:3333,(anonymous_278)
FN:3334,(anonymous_279)
FN:3340,renderLoveDiningMobileList
FN:3352,(anonymous_281)
FN:3375,(anonymous_282)
FN:3382,(anonymous_283)
FN:3396,(anonymous_284)
FN:3403,(anonymous_285)
FN:3409,setLoveToolbarOpen
FN:3418,applyRoute
FN:3437,(anonymous_288)
FN:3453,(anonymous_289)
FN:3484,(anonymous_290)
FN:3490,(anonymous_291)
FN:3497,handleHashRoute
FN:3501,init
FN:3508,(anonymous_294)
FN:3510,(anonymous_295)
FN:3511,(anonymous_296)
FN:3512,(anonymous_297)
FN:3520,(anonymous_298)
FN:3525,(anonymous_299)
FN:3535,(anonymous_300)
FN:3551,(anonymous_301)
FN:3568,(anonymous_302)
FN:3589,(anonymous_303)
FN:3594,(anonymous_304)
FN:3610,(anonymous_305)
FN:3614,(anonymous_306)
FN:3621,(anonymous_307)
FN:3628,(anonymous_308)
FN:3634,(anonymous_309)
FN:3639,(anonymous_310)
FN:3645,(anonymous_311)
FN:3650,(anonymous_312)
FN:3656,(anonymous_313)
FN:3662,(anonymous_314)
FN:3667,(anonymous_315)
FN:3672,(anonymous_316)
FN:3677,(anonymous_317)
FN:3693,(anonymous_318)
FN:3708,(anonymous_319)
FN:3715,(anonymous_320)
FN:3719,(anonymous_321)
FN:3723,(anonymous_322)
FN:3727,(anonymous_323)
FN:3731,(anonymous_324)
FN:3735,(anonymous_325)
FN:3739,(anonymous_326)
FN:3743,(anonymous_327)
FN:3748,(anonymous_328)
FN:3753,(anonymous_329)
FN:3757,(anonymous_330)
FN:3769,(anonymous_331)
FN:3781,(anonymous_332)
FN:3786,(anonymous_333)
FN:3790,(anonymous_334)
FN:3796,renderCollections
FN:3798,(anonymous_336)
FN:3807,(anonymous_337)
FN:3808,(anonymous_338)
FN:3816,applyCollectionFilter
FN:3821,(anonymous_340)
FN:3846,(anonymous_341)
FN:3851,(anonymous_342)
FN:3855,(anonymous_343)
FN:3861,(anonymous_344)
FN:3871,(anonymous_345)
FN:3881,renderBlogPosts
FN:3885,renderBlogPostsList
FN:3888,(anonymous_348)
FN:3902,(anonymous_349)
FN:3903,(anonymous_350)
FN:3910,showBlogPostDetail
FN:3928,(anonymous_352)
FN:3934,(anonymous_353)
FN:3938,(anonymous_354)
FN:3943,(anonymous_355)
FN:3950,(anonymous_356)
FN:3957,(anonymous_357)
FN:3964,(anonymous_358)
FN:3969,(anonymous_359)
FN:3973,(anonymous_360)
FN:3979,(anonymous_361)
FN:3984,(anonymous_362)
FN:3990,(anonymous_363)
FN:3991,(anonymous_364)
FN:3997,(anonymous_365)
FN:4010,(anonymous_366)
FN:4017,(anonymous_367)
FN:4034,(anonymous_368)
FN:4038,(anonymous_369)
FNF:370
FNH:0
FNDA:0,convertCurrency
FNDA:0,formatPrice
FNDA:0,debounce
FNDA:0,executedFunction
FNDA:0,(anonymous_4)
FNDA:0,(anonymous_5)
FNDA:0,(anonymous_6)
FNDA:0,(anonymous_7)
FNDA:0,(anonymous_8)
FNDA:0,(anonymous_9)
FNDA:0,(anonymous_10)
FNDA:0,(anonymous_11)
FNDA:0,(anonymous_12)
FNDA:0,(anonymous_13)
FNDA:0,(anonymous_14)
FNDA:0,(anonymous_15)
FNDA:0,(anonymous_16)
FNDA:0,(anonymous_17)
FNDA:0,(anonymous_18)
FNDA:0,(anonymous_19)
FNDA:0,(anonymous_20)
FNDA:0,(anonymous_21)
FNDA:0,(anonymous_22)
FNDA:0,(anonymous_23)
FNDA:0,(anonymous_24)
FNDA:0,loadTrips
FNDA:0,saveTrips
FNDA:0,createTrip
FNDA:0,addToTrip
FNDA:0,(anonymous_29)
FNDA:0,(anonymous_30)
FNDA:0,removeFromTrip
FNDA:0,(anonymous_32)
FNDA:0,(anonymous_33)
FNDA:0,deleteTrip
FNDA:0,(anonymous_35)
FNDA:0,getTrip
FNDA:0,(anonymous_37)
FNDA:0,exportTripItinerary
FNDA:0,(anonymous_39)
FNDA:0,loadFavorites
FNDA:0,saveFavorites
FNDA:0,toggleFavorite
FNDA:0,isFavorite
FNDA:0,getFavoriteCount
FNDA:0,exportToCSV
FNDA:0,(anonymous_46)
FNDA:0,(anonymous_47)
FNDA:0,(anonymous_48)
FNDA:0,getShareableUrl
FNDA:0,copyToClipboard
FNDA:0,(anonymous_51)
FNDA:0,(anonymous_52)
FNDA:0,escapeHtml
FNDA:0,tagSection
FNDA:0,(anonymous_55)
FNDA:0,labeledBadge
FNDA:0,pushLabeledBadge
FNDA:0,sourceConfidenceLabel
FNDA:0,formatReviewCount
FNDA:0,qualitySignals
FNDA:0,externalSignalCard
FNDA:0,(anonymous_62)
FNDA:0,externalSignalsSection
FNDA:0,(anonymous_64)
FNDA:0,uniqueValues
FNDA:0,(anonymous_66)
FNDA:0,yens
FNDA:0,priceBandLabel
FNDA:0,kidLabel
FNDA:0,regionForRecord
FNDA:0,markerColor
FNDA:0,priceMarkup
FNDA:0,hasSourceCoordinates
FNDA:0,hasVerifiedCoordinates
FNDA:0,diningLocationBadge
FNDA:0,googleMapsSearchUrl
FNDA:0,googleRating
FNDA:0,matchesGoogleRating
FNDA:0,bestGoogleMapsUrl
FNDA:0,googleRatingBadge
FNDA:0,diningKicker
FNDA:0,tabelogSearchUrl
FNDA:0,diningGoogleMapsUrl
FNDA:0,diningLocationTags
FNDA:0,stayLocationTags
FNDA:0,focusLocationNote
FNDA:0,formatAddress
FNDA:0,(anonymous_88)
FNDA:0,(anonymous_89)
FNDA:0,naturalList
FNDA:0,diningSummaryPayload
FNDA:0,createMarker
FNDA:0,(anonymous_93)
FNDA:0,fillSelect
FNDA:0,(anonymous_95)
FNDA:0,fillBandSelect
FNDA:0,(anonymous_97)
FNDA:0,(anonymous_98)
FNDA:0,currentRoute
FNDA:0,currentProgram
FNDA:0,isDiningRoute
FNDA:0,isStayRoute
FNDA:0,isLiveDataRoute
FNDA:0,currentJourneyId
FNDA:0,visibleProgramIdsForJourney
FNDA:0,formatTimestamp
FNDA:0,buildAlertsSummary
FNDA:0,buildAlertsCards
FNDA:0,(anonymous_109)
FNDA:0,activeFilterCount
FNDA:0,setToolbarOpen
FNDA:0,renderToolbarToggle
FNDA:0,setTableOpen
FNDA:0,renderTableToggle
FNDA:0,activeRecord
FNDA:0,(anonymous_116)
FNDA:0,resolveRouteFromHash
FNDA:0,renderProgramShell
FNDA:0,(anonymous_119)
FNDA:0,renderJourneyShell
FNDA:0,(anonymous_121)
FNDA:0,showIntroGate
FNDA:0,hideIntroGate
FNDA:0,jumpIntoExplorer
FNDA:0,(anonymous_125)
FNDA:0,renderScopeShell
FNDA:0,(anonymous_127)
FNDA:0,renderProgramBrief
FNDA:0,(anonymous_129)
FNDA:0,(anonymous_130)
FNDA:0,clearMarkers
FNDA:0,(anonymous_132)
FNDA:0,clearStayMarkers
FNDA:0,(anonymous_134)
FNDA:0,resetFilterControls
FNDA:0,refreshFilterOptions
FNDA:0,(anonymous_137)
FNDA:0,(anonymous_138)
FNDA:0,(anonymous_139)
FNDA:0,(anonymous_140)
FNDA:0,(anonymous_141)
FNDA:0,(anonymous_142)
FNDA:0,(anonymous_143)
FNDA:0,(anonymous_144)
FNDA:0,(anonymous_145)
FNDA:0,(anonymous_146)
FNDA:0,(anonymous_147)
FNDA:0,(anonymous_148)
FNDA:0,ensureActiveRecord
FNDA:0,(anonymous_150)
FNDA:0,filterRestaurants
FNDA:0,(anonymous_152)
FNDA:0,(anonymous_153)
FNDA:0,renderTripsList
FNDA:0,(anonymous_155)
FNDA:0,renderStats
FNDA:0,(anonymous_157)
FNDA:0,(anonymous_158)
FNDA:0,(anonymous_159)
FNDA:0,(anonymous_160)
FNDA:0,(anonymous_161)
FNDA:0,renderMarkers
FNDA:0,(anonymous_163)
FNDA:0,(anonymous_164)
FNDA:0,renderFocusCard
FNDA:0,(anonymous_166)
FNDA:0,renderTable
FNDA:0,(anonymous_168)
FNDA:0,(anonymous_169)
FNDA:0,(anonymous_170)
FNDA:0,(anonymous_171)
FNDA:0,renderMobileCards
FNDA:0,(anonymous_173)
FNDA:0,(anonymous_174)
FNDA:0,(anonymous_175)
FNDA:0,(anonymous_176)
FNDA:0,(anonymous_177)
FNDA:0,setActiveRecord
FNDA:0,(anonymous_179)
FNDA:0,renderMobileSheet
FNDA:0,(anonymous_181)
FNDA:0,(anonymous_182)
FNDA:0,focusActiveRecordOnMap
FNDA:0,stayGoogleMapsUrl
FNDA:0,stayLocationBadge
FNDA:0,stayLocationNote
FNDA:0,stayReservationPrimaryLabel
FNDA:0,stayReservationSummaryHtml
FNDA:0,staySourceMetaLink
FNDA:0,stayOfficialSourceAction
FNDA:0,stayReservationActions
FNDA:0,stayReservationModeLabel
FNDA:0,stayDateRange
FNDA:0,stayRangeOverlaps
FNDA:0,stayAvailability
FNDA:0,(anonymous_196)
FNDA:0,(anonymous_197)
FNDA:0,stayAvailabilityBadgeClass
FNDA:0,stayFocusSummary
FNDA:0,stayBlackoutHtml
FNDA:0,(anonymous_201)
FNDA:0,(anonymous_202)
FNDA:0,(anonymous_203)
FNDA:0,activeStayFilterCount
FNDA:0,setStayToolbarOpen
FNDA:0,renderStayToolbarToggle
FNDA:0,setStayTableOpen
FNDA:0,renderStayTableToggle
FNDA:0,resetStayFilterControls
FNDA:0,refreshStayFilterOptions
FNDA:0,(anonymous_211)
FNDA:0,(anonymous_212)
FNDA:0,(anonymous_213)
FNDA:0,ensureActiveStayRecord
FNDA:0,(anonymous_215)
FNDA:0,activeStayRecord
FNDA:0,(anonymous_217)
FNDA:0,createStayMarker
FNDA:0,(anonymous_219)
FNDA:0,filterStays
FNDA:0,(anonymous_221)
FNDA:0,(anonymous_222)
FNDA:0,renderStayStats
FNDA:0,(anonymous_224)
FNDA:0,(anonymous_225)
FNDA:0,(anonymous_226)
FNDA:0,renderStayDownloads
FNDA:0,(anonymous_228)
FNDA:0,renderStayMarkers
FNDA:0,(anonymous_230)
FNDA:0,renderStayFocusCard
FNDA:0,(anonymous_232)
FNDA:0,renderStayTable
FNDA:0,(anonymous_234)
FNDA:0,(anonymous_235)
FNDA:0,(anonymous_236)
FNDA:0,renderStayMobileCards
FNDA:0,(anonymous_238)
FNDA:0,(anonymous_239)
FNDA:0,(anonymous_240)
FNDA:0,setActiveStayRecord
FNDA:0,focusActiveStayOnMap
FNDA:0,fitDiningMapToVisibleMarkers
FNDA:0,(anonymous_244)
FNDA:0,(anonymous_245)
FNDA:0,fitStayMapToVisibleMarkers
FNDA:0,(anonymous_247)
FNDA:0,(anonymous_248)
FNDA:0,isLoveDiningRoute
FNDA:0,clearLoveDiningMarkers
FNDA:0,(anonymous_251)
FNDA:0,createLoveDiningMarker
FNDA:0,(anonymous_253)
FNDA:0,updateLoveDiningMarkerStyles
FNDA:0,(anonymous_255)
FNDA:0,renderLoveDiningMarkers
FNDA:0,(anonymous_257)
FNDA:0,fitLoveDiningMap
FNDA:0,(anonymous_259)
FNDA:0,(anonymous_260)
FNDA:0,focusLoveDiningOnMap
FNDA:0,normalizeInlineText
FNDA:0,loveDiningPhoneCount
FNDA:0,loveDiningRepeatsNameInNotes
FNDA:0,loveDiningAddressBlockCount
FNDA:0,loveDiningHasMultipleLocations
FNDA:0,loveDiningShouldHideMapPin
FNDA:0,loveDiningHasMapPin
FNDA:0,loveDiningLocationNote
FNDA:0,refreshLoveDiningCuisineOptions
FNDA:0,(anonymous_271)
FNDA:0,(anonymous_272)
FNDA:0,filterLoveDining
FNDA:0,(anonymous_274)
FNDA:0,(anonymous_275)
FNDA:0,renderLoveDiningCard
FNDA:0,(anonymous_277)
FNDA:0,(anonymous_278)
FNDA:0,(anonymous_279)
FNDA:0,renderLoveDiningMobileList
FNDA:0,(anonymous_281)
FNDA:0,(anonymous_282)
FNDA:0,(anonymous_283)
FNDA:0,(anonymous_284)
FNDA:0,(anonymous_285)
FNDA:0,setLoveToolbarOpen
FNDA:0,applyRoute
FNDA:0,(anonymous_288)
FNDA:0,(anonymous_289)
FNDA:0,(anonymous_290)
FNDA:0,(anonymous_291)
FNDA:0,handleHashRoute
FNDA:0,init
FNDA:0,(anonymous_294)
FNDA:0,(anonymous_295)
FNDA:0,(anonymous_296)
FNDA:0,(anonymous_297)
FNDA:0,(anonymous_298)
FNDA:0,(anonymous_299)
FNDA:0,(anonymous_300)
FNDA:0,(anonymous_301)
FNDA:0,(anonymous_302)
FNDA:0,(anonymous_303)
FNDA:0,(anonymous_304)
FNDA:0,(anonymous_305)
FNDA:0,(anonymous_306)
FNDA:0,(anonymous_307)
FNDA:0,(anonymous_308)
FNDA:0,(anonymous_309)
FNDA:0,(anonymous_310)
FNDA:0,(anonymous_311)
FNDA:0,(anonymous_312)
FNDA:0,(anonymous_313)
FNDA:0,(anonymous_314)
FNDA:0,(anonymous_315)
FNDA:0,(anonymous_316)
FNDA:0,(anonymous_317)
FNDA:0,(anonymous_318)
FNDA:0,(anonymous_319)
FNDA:0,(anonymous_320)
FNDA:0,(anonymous_321)
FNDA:0,(anonymous_322)
FNDA:0,(anonymous_323)
FNDA:0,(anonymous_324)
FNDA:0,(anonymous_325)
FNDA:0,(anonymous_326)
FNDA:0,(anonymous_327)
FNDA:0,(anonymous_328)
FNDA:0,(anonymous_329)
FNDA:0,(anonymous_330)
FNDA:0,(anonymous_331)
FNDA:0,(anonymous_332)
FNDA:0,(anonymous_333)
FNDA:0,(anonymous_334)
FNDA:0,renderCollections
FNDA:0,(anonymous_336)
FNDA:0,(anonymous_337)
FNDA:0,(anonymous_338)
FNDA:0,applyCollectionFilter
FNDA:0,(anonymous_340)
FNDA:0,(anonymous_341)
FNDA:0,(anonymous_342)
FNDA:0,(anonymous_343)
FNDA:0,(anonymous_344)
FNDA:0,(anonymous_345)
FNDA:0,renderBlogPosts
FNDA:0,renderBlogPostsList
FNDA:0,(anonymous_348)
FNDA:0,(anonymous_349)
FNDA:0,(anonymous_350)
FNDA:0,showBlogPostDetail
FNDA:0,(anonymous_352)
FNDA:0,(anonymous_353)
FNDA:0,(anonymous_354)
FNDA:0,(anonymous_355)
FNDA:0,(anonymous_356)
FNDA:0,(anonymous_357)
FNDA:0,(anonymous_358)
FNDA:0,(anonymous_359)
FNDA:0,(anonymous_360)
FNDA:0,(anonymous_361)
FNDA:0,(anonymous_362)
FNDA:0,(anonymous_363)
FNDA:0,(anonymous_364)
FNDA:0,(anonymous_365)
FNDA:0,(anonymous_366)
FNDA:0,(anonymous_367)
FNDA:0,(anonymous_368)
FNDA:0,(anonymous_369)
DA:1,0
DA:2,0
DA:3,0
DA:4,0
DA:5,0
DA:6,0
DA:7,0
DA:8,0
DA:9,0
DA:10,0
DA:11,0
DA:12,0
DA:13,0
DA:14,0
DA:17,0
DA:26,0
DA:36,0
DA:37,0
DA:38,0
DA:39,0
DA:43,0
DA:44,0
DA:45,0
DA:46,0
DA:52,0
DA:53,0
DA:54,0
DA:55,0
DA:57,0
DA:58,0
DA:66,0
DA:67,0
DA:68,0
DA:70,0
DA:75,0
DA:76,0
DA:77,0
DA:80,0
DA:81,0
DA:82,0
DA:83,0
DA:84,0
DA:85,0
DA:86,0
DA:87,0
DA:89,0
DA:90,0
DA:91,0
DA:93,0
DA:94,0
DA:95,0
DA:96,0
DA:97,0
DA:98,0
DA:99,0
DA:109,0
DA:110,0
DA:111,0
DA:112,0
DA:114,0
DA:117,0
DA:124,0
DA:131,0
DA:166,0
DA:179,0
DA:192,0
DA:205,0
DA:218,0
DA:231,0
DA:244,0
DA:257,0
DA:270,0
DA:283,0
DA:296,0
DA:309,0
DA:322,0
DA:335,0
DA:361,0
DA:362,0
DA:419,0
DA:459,0
DA:460,0
DA:461,0
DA:462,0
DA:464,0
DA:465,0
DA:471,0
DA:475,0
DA:483,0
DA:484,0
DA:485,0
DA:486,0
DA:490,0
DA:491,0
DA:494,0
DA:496,0
DA:500,0
DA:501,0
DA:505,0
DA:506,0
DA:508,0
DA:509,0
DA:510,0
DA:514,0
DA:515,0
DA:516,0
DA:518,0
DA:522,0
DA:526,0
DA:527,0
DA:529,0
DA:530,0
DA:531,0
DA:533,0
DA:534,0
DA:535,0
DA:536,0
DA:537,0
DA:538,0
DA:539,0
DA:540,0
DA:543,0
DA:551,0
DA:552,0
DA:553,0
DA:554,0
DA:556,0
DA:557,0
DA:563,0
DA:567,0
DA:568,0
DA:570,0
DA:572,0
DA:574,0
DA:575,0
DA:576,0
DA:577,0
DA:578,0
DA:579,0
DA:580,0
DA:585,0
DA:589,0
DA:597,0
DA:598,0
DA:599,0
DA:603,0
DA:604,0
DA:606,0
DA:607,0
DA:608,0
DA:609,0
DA:610,0
DA:611,0
DA:615,0
DA:616,0
DA:617,0
DA:618,0
DA:619,0
DA:620,0
DA:621,0
DA:622,0
DA:623,0
DA:624,0
DA:625,0
DA:629,0
DA:630,0
DA:634,0
DA:635,0
DA:637,0
DA:641,0
DA:642,0
DA:643,0
DA:644,0
DA:646,0
DA:653,0
DA:660,0
DA:667,0
DA:668,0
DA:669,0
DA:674,0
DA:675,0
DA:676,0
DA:678,0
DA:680,0
DA:682,0
DA:686,0
DA:687,0
DA:688,0
DA:689,0
DA:690,0
DA:691,0
DA:692,0
DA:693,0
DA:694,0
DA:695,0
DA:696,0
DA:697,0
DA:698,0
DA:699,0
DA:700,0
DA:701,0
DA:702,0
DA:703,0
DA:704,0
DA:705,0
DA:706,0
DA:707,0
DA:708,0
DA:709,0
DA:710,0
DA:711,0
DA:712,0
DA:713,0
DA:714,0
DA:715,0
DA:716,0
DA:717,0
DA:718,0
DA:719,0
DA:720,0
DA:721,0
DA:722,0
DA:723,0
DA:724,0
DA:725,0
DA:726,0
DA:727,0
DA:728,0
DA:729,0
DA:730,0
DA:731,0
DA:732,0
DA:733,0
DA:734,0
DA:735,0
DA:736,0
DA:737,0
DA:738,0
DA:739,0
DA:740,0
DA:741,0
DA:742,0
DA:743,0
DA:744,0
DA:745,0
DA:746,0
DA:747,0
DA:748,0
DA:749,0
DA:750,0
DA:751,0
DA:752,0
DA:753,0
DA:754,0
DA:755,0
DA:756,0
DA:757,0
DA:758,0
DA:759,0
DA:760,0
DA:761,0
DA:762,0
DA:763,0
DA:764,0
DA:765,0
DA:766,0
DA:767,0
DA:768,0
DA:769,0
DA:770,0
DA:771,0
DA:772,0
DA:773,0
DA:774,0
DA:775,0
DA:776,0
DA:777,0
DA:778,0
DA:779,0
DA:780,0
DA:781,0
DA:782,0
DA:783,0
DA:784,0
DA:785,0
DA:786,0
DA:787,0
DA:788,0
DA:789,0
DA:790,0
DA:791,0
DA:792,0
DA:793,0
DA:794,0
DA:795,0
DA:796,0
DA:797,0
DA:798,0
DA:799,0
DA:800,0
DA:801,0
DA:803,0
DA:804,0
DA:805,0
DA:806,0
DA:807,0
DA:808,0
DA:809,0
DA:810,0
DA:811,0
DA:812,0
DA:813,0
DA:814,0
DA:815,0
DA:816,0
DA:817,0
DA:818,0
DA:821,0
DA:829,0
DA:830,0
DA:831,0
DA:833,0
DA:842,0
DA:843,0
DA:844,0
DA:848,0
DA:849,0
DA:850,0
DA:851,0
DA:852,0
DA:853,0
DA:854,0
DA:858,0
DA:865,0
DA:869,0
DA:870,0
DA:871,0
DA:875,0
DA:876,0
DA:878,0
DA:882,0
DA:883,0
DA:885,0
DA:896,0
DA:898,0
DA:902,0
DA:907,0
DA:910,0
DA:912,0
DA:923,0
DA:924,0
DA:925,0
DA:928,0
DA:929,0
DA:938,0
DA:942,0
DA:943,0
DA:944,0
DA:948,0
DA:949,0
DA:953,0
DA:961,0
DA:965,0
DA:966,0
DA:976,0
DA:977,0
DA:978,0
DA:979,0
DA:980,0
DA:981,0
DA:982,0
DA:983,0
DA:987,0
DA:991,0
DA:992,0
DA:993,0
DA:995,0
DA:996,0
DA:997,0
DA:999,0
DA:1000,0
DA:1002,0
DA:1006,0
DA:1010,0
DA:1025,0
DA:1026,0
DA:1027,0
DA:1029,0
DA:1030,0
DA:1032,0
DA:1033,0
DA:1035,0
DA:1036,0
DA:1038,0
DA:1039,0
DA:1041,0
DA:1042,0
DA:1044,0
DA:1048,0
DA:1049,0
DA:1050,0
DA:1054,0
DA:1059,0
DA:1060,0
DA:1061,0
DA:1062,0
DA:1063,0
DA:1064,0
DA:1065,0
DA:1066,0
DA:1067,0
DA:1071,0
DA:1072,0
DA:1073,0
DA:1077,0
DA:1078,0
DA:1079,0
DA:1081,0
DA:1082,0
DA:1083,0
DA:1086,0
DA:1093,0
DA:1094,0
DA:1095,0
DA:1096,0
DA:1098,0
DA:1102,0
DA:1103,0
DA:1106,0
DA:1107,0
DA:1108,0
DA:1111,0
DA:1115,0
DA:1116,0
DA:1117,0
DA:1118,0
DA:1121,0
DA:1127,0
DA:1128,0
DA:1131,0
DA:1132,0
DA:1134,0
DA:1138,0
DA:1139,0
DA:1142,0
DA:1143,0
DA:1144,0
DA:1146,0
DA:1147,0
DA:1150,0
DA:1153,0
DA:1157,0
DA:1158,0
DA:1159,0
DA:1160,0
DA:1162,0
DA:1163,0
DA:1164,0
DA:1165,0
DA:1166,0
DA:1167,0
DA:1168,0
DA:1169,0
DA:1170,0
DA:1172,0
DA:1176,0
DA:1177,0
DA:1178,0
DA:1179,0
DA:1180,0
DA:1184,0
DA:1185,0
DA:1187,0
DA:1188,0
DA:1190,0
DA:1194,0
DA:1196,0
DA:1198,0
DA:1199,0
DA:1200,0
DA:1203,0
DA:1204,0
DA:1205,0
DA:1209,0
DA:1210,0
DA:1211,0
DA:1212,0
DA:1213,0
DA:1217,0
DA:1218,0
DA:1219,0
DA:1222,0
DA:1223,0
DA:1224,0
DA:1225,0
DA:1226,0
DA:1227,0
DA:1229,0
DA:1230,0
DA:1232,0
DA:1235,0
DA:1236,0
DA:1237,0
DA:1241,0
DA:1242,0
DA:1244,0
DA:1245,0
DA:1246,0
DA:1247,0
DA:1255,0
DA:1284,0
DA:1285,0
DA:1286,0
DA:1288,0
DA:1292,0
DA:1293,0
DA:1294,0
DA:1295,0
DA:1296,0
DA:1297,0
DA:1298,0
DA:1300,0
DA:1301,0
DA:1306,0
DA:1307,0
DA:1308,0
DA:1309,0
DA:1311,0
DA:1312,0
DA:1313,0
DA:1314,0
DA:1316,0
DA:1317,0
DA:1322,0
DA:1326,0
DA:1330,0
DA:1334,0
DA:1338,0
DA:1342,0
DA:1343,0
DA:1344,0
DA:1345,0
DA:1349,0
DA:1350,0
DA:1352,0
DA:1353,0
DA:1355,0
DA:1356,0
DA:1358,0
DA:1362,0
DA:1363,0
DA:1364,0
DA:1365,0
DA:1373,0
DA:1374,0
DA:1375,0
DA:1378,0
DA:1382,0
DA:1383,0
DA:1384,0
DA:1422,0
DA:1423,0
DA:1424,0
DA:1425,0
DA:1426,0
DA:1427,0
DA:1428,0
DA:1429,0
DA:1430,0
DA:1431,0
DA:1432,0
DA:1433,0
DA:1434,0
DA:1435,0
DA:1436,0
DA:1437,0
DA:1441,0
DA:1442,0
DA:1443,0
DA:1444,0
DA:1445,0
DA:1446,0
DA:1451,0
DA:1452,0
DA:1457,0
DA:1458,0
DA:1459,0
DA:1460,0
DA:1461,0
DA:1462,0
DA:1467,0
DA:1468,0
DA:1474,0
DA:1478,0
DA:1479,0
DA:1491,0
DA:1492,0
DA:1495,0
DA:1496,0
DA:1499,0
DA:1500,0
DA:1503,0
DA:1504,0
DA:1505,0
DA:1506,0
DA:1509,0
DA:1513,0
DA:1514,0
DA:1515,0
DA:1516,0
DA:1519,0
DA:1520,0
DA:1521,0
DA:1526,0
DA:1527,0
DA:1528,0
DA:1533,0
DA:1534,0
DA:1535,0
DA:1536,0
DA:1537,0
DA:1539,0
DA:1540,0
DA:1544,0
DA:1545,0
DA:1546,0
DA:1548,0
DA:1549,0
DA:1553,0
DA:1554,0
DA:1555,0
DA:1557,0
DA:1558,0
DA:1559,0
DA:1564,0
DA:1565,0
DA:1566,0
DA:1569,0
DA:1570,0
DA:1571,0
DA:1572,0
DA:1574,0
DA:1575,0
DA:1578,0
DA:1582,0
DA:1583,0
DA:1584,0
DA:1588,0
DA:1590,0
DA:1592,0
DA:1594,0
DA:1595,0
DA:1596,0
DA:1599,0
DA:1600,0
DA:1601,0
DA:1602,0
DA:1603,0
DA:1606,0
DA:1609,0
DA:1615,0
DA:1620,0
DA:1621,0
DA:1622,0
DA:1624,0
DA:1625,0
DA:1629,0
DA:1630,0
DA:1631,0
DA:1633,0
DA:1634,0
DA:1638,0
DA:1639,0
DA:1640,0
DA:1641,0
DA:1642,0
DA:1643,0
DA:1644,0
DA:1645,0
DA:1646,0
DA:1647,0
DA:1648,0
DA:1649,0
DA:1650,0
DA:1651,0
DA:1655,0
DA:1656,0
DA:1659,0
DA:1660,0
DA:1661,0
DA:1662,0
DA:1664,0
DA:1665,0
DA:1669,0
DA:1670,0
DA:1671,0
DA:1672,0
DA:1673,0
DA:1675,0
DA:1676,0
DA:1679,0
DA:1681,0
DA:1682,0
DA:1683,0
DA:1684,0
DA:1686,0
DA:1687,0
DA:1690,0
DA:1691,0
DA:1692,0
DA:1693,0
DA:1696,0
DA:1698,0
DA:1701,0
DA:1703,0
DA:1706,0
DA:1709,0
DA:1712,0
DA:1715,0
DA:1718,0
DA:1720,0
DA:1726,0
DA:1727,0
DA:1728,0
DA:1731,0
DA:1732,0
DA:1737,0
DA:1738,0
DA:1739,0
DA:1740,0
DA:1741,0
DA:1742,0
DA:1743,0
DA:1744,0
DA:1745,0
DA:1746,0
DA:1747,0
DA:1748,0
DA:1749,0
DA:1750,0
DA:1752,0
DA:1753,0
DA:1754,0
DA:1755,0
DA:1756,0
DA:1759,0
DA:1760,0
DA:1761,0
DA:1762,0
DA:1763,0
DA:1766,0
DA:1767,0
DA:1768,0
DA:1769,0
DA:1770,0
DA:1771,0
DA:1772,0
DA:1773,0
DA:1774,0
DA:1775,0
DA:1776,0
DA:1778,0
DA:1779,0
DA:1780,0
DA:1781,0
DA:1782,0
DA:1783,0
DA:1784,0
DA:1788,0
DA:1789,0
DA:1791,0
DA:1793,0
DA:1795,0
DA:1798,0
DA:1803,0
DA:1804,0
DA:1807,0
DA:1808,0
DA:1809,0
DA:1810,0
DA:1811,0
DA:1812,0
DA:1813,0
DA:1817,0
DA:1819,0
DA:1820,0
DA:1821,0
DA:1824,0
DA:1854,0
DA:1855,0
DA:1856,0
DA:1857,0
DA:1858,0
DA:1859,0
DA:1860,0
DA:1861,0
DA:1863,0
DA:1866,0
DA:1870,0
DA:1879,0
DA:1880,0
DA:1882,0
DA:1883,0
DA:1884,0
DA:1885,0
DA:1889,0
DA:1890,0
DA:1891,0
DA:1892,0
DA:1895,0
DA:1896,0
DA:1898,0
DA:1899,0
DA:1900,0
DA:1901,0
DA:1902,0
DA:1906,0
DA:1907,0
DA:1912,0
DA:1913,0
DA:1914,0
DA:1922,0
DA:1923,0
DA:1925,0
DA:1929,0
DA:1930,0
DA:1932,0
DA:1933,0
DA:1934,0
DA:1938,0
DA:1939,0
DA:1940,0
DA:1941,0
DA:1942,0
DA:1944,0
DA:1960,0
DA:1961,0
DA:1962,0
DA:1969,0
DA:1970,0
DA:1971,0
DA:1972,0
DA:1973,0
DA:1975,0
DA:2036,0
DA:2037,0
DA:2038,0
DA:2039,0
DA:2045,0
DA:2046,0
DA:2048,0
DA:2051,0
DA:2052,0
DA:2054,0
DA:2061,0
DA:2062,0
DA:2063,0
DA:2065,0
DA:2068,0
DA:2069,0
DA:2070,0
DA:2071,0
DA:2072,0
DA:2073,0
DA:2076,0
DA:2077,0
DA:2078,0
DA:2082,0
DA:2116,0
DA:2117,0
DA:2118,0
DA:2119,0
DA:2120,0
DA:2121,0
DA:2125,0
DA:2129,0
DA:2130,0
DA:2131,0
DA:2134,0
DA:2135,0
DA:2136,0
DA:2138,0
DA:2141,0
DA:2142,0
DA:2143,0
DA:2145,0
DA:2146,0
DA:2147,0
DA:2148,0
DA:2149,0
DA:2150,0
DA:2151,0
DA:2152,0
DA:2153,0
DA:2154,0
DA:2157,0
DA:2158,0
DA:2160,0
DA:2229,0
DA:2230,0
DA:2231,0
DA:2232,0
DA:2233,0
DA:2234,0
DA:2235,0
DA:2236,0
DA:2241,0
DA:2242,0
DA:2243,0
DA:2244,0
DA:2245,0
DA:2246,0
DA:2250,0
DA:2253,0
DA:2254,0
DA:2255,0
DA:2256,0
DA:2257,0
DA:2258,0
DA:2259,0
DA:2261,0
DA:2265,0
DA:2266,0
DA:2267,0
DA:2272,0
DA:2273,0
DA:2274,0
DA:2276,0
DA:2277,0
DA:2278,0
DA:2279,0
DA:2280,0
DA:2283,0
DA:2284,0
DA:2288,0
DA:2289,0
DA:2290,0
DA:2291,0
DA:2292,0
DA:2293,0
DA:2295,0
DA:2296,0
DA:2297,0
DA:2298,0
DA:2301,0
DA:2302,0
DA:2304,0
DA:2305,0
DA:2309,0
DA:2310,0
DA:2311,0
DA:2314,0
DA:2315,0
DA:2318,0
DA:2319,0
DA:2320,0
DA:2321,0
DA:2322,0
DA:2324,0
DA:2325,0
DA:2330,0
DA:2331,0
DA:2332,0
DA:2333,0
DA:2336,0
DA:2337,0
DA:2338,0
DA:2341,0
DA:2342,0
DA:2343,0
DA:2345,0
DA:2348,0
DA:2352,0
DA:2353,0
DA:2354,0
DA:2355,0
DA:2359,0
DA:2360,0
DA:2362,0
DA:2363,0
DA:2364,0
DA:2366,0
DA:2367,0
DA:2369,0
DA:2370,0
DA:2372,0
DA:2373,0
DA:2375,0
DA:2376,0
DA:2378,0
DA:2382,0
DA:2383,0
DA:2385,0
DA:2386,0
DA:2388,0
DA:2392,0
DA:2393,0
DA:2395,0
DA:2399,0
DA:2400,0
DA:2405,0
DA:2407,0
DA:2411,0
DA:2412,0
DA:2413,0
DA:2415,0
DA:2419,0
DA:2420,0
DA:2424,0
DA:2425,0
DA:2426,0
DA:2427,0
DA:2431,0
DA:2432,0
DA:2436,0
DA:2440,0
DA:2442,0
DA:2444,0
DA:2446,0
DA:2448,0
DA:2450,0
DA:2455,0
DA:2456,0
DA:2457,0
DA:2458,0
DA:2459,0
DA:2460,0
DA:2461,0
DA:2465,0
DA:2466,0
DA:2467,0
DA:2468,0
DA:2469,0
DA:2473,0
DA:2474,0
DA:2475,0
DA:2476,0
DA:2477,0
DA:2478,0
DA:2479,0
DA:2480,0
DA:2487,0
DA:2488,0
DA:2495,0
DA:2509,0
DA:2510,0
DA:2511,0
DA:2514,0
DA:2519,0
DA:2520,0
DA:2528,0
DA:2529,0
DA:2537,0
DA:2538,0
DA:2552,0
DA:2561,0
DA:2562,0
DA:2563,0
DA:2567,0
DA:2571,0
DA:2572,0
DA:2573,0
DA:2574,0
DA:2575,0
DA:2579,0
DA:2585,0
DA:2586,0
DA:2587,0
DA:2588,0
DA:2589,0
DA:2590,0
DA:2594,0
DA:2595,0
DA:2596,0
DA:2597,0
DA:2598,0
DA:2599,0
DA:2604,0
DA:2605,0
DA:2610,0
DA:2611,0
DA:2612,0
DA:2613,0
DA:2614,0
DA:2615,0
DA:2620,0
DA:2621,0
DA:2627,0
DA:2628,0
DA:2629,0
DA:2630,0
DA:2634,0
DA:2635,0
DA:2637,0
DA:2640,0
DA:2641,0
DA:2642,0
DA:2644,0
DA:2648,0
DA:2649,0
DA:2650,0
DA:2652,0
DA:2653,0
DA:2658,0
DA:2662,0
DA:2663,0
DA:2664,0
DA:2665,0
DA:2666,0
DA:2667,0
DA:2676,0
DA:2694,0
DA:2695,0
DA:2697,0
DA:2701,0
DA:2702,0
DA:2703,0
DA:2705,0
DA:2706,0
DA:2707,0
DA:2708,0
DA:2709,0
DA:2710,0
DA:2714,0
DA:2715,0
DA:2717,0
DA:2719,0
DA:2721,0
DA:2724,0
DA:2728,0
DA:2729,0
DA:2730,0
DA:2731,0
DA:2732,0
DA:2733,0
DA:2734,0
DA:2735,0
DA:2739,0
DA:2740,0
DA:2741,0
DA:2742,0
DA:2743,0
DA:2745,0
DA:2746,0
DA:2753,0
DA:2755,0
DA:2760,0
DA:2761,0
DA:2764,0
DA:2765,0
DA:2766,0
DA:2767,0
DA:2771,0
DA:2772,0
DA:2773,0
DA:2774,0
DA:2775,0
DA:2776,0
DA:2777,0
DA:2778,0
DA:2779,0
DA:2780,0
DA:2785,0
DA:2786,0
DA:2789,0
DA:2790,0
DA:2792,0
DA:2793,0
DA:2794,0
DA:2795,0
DA:2796,0
DA:2801,0
DA:2802,0
DA:2803,0
DA:2811,0
DA:2812,0
DA:2814,0
DA:2818,0
DA:2819,0
DA:2821,0
DA:2822,0
DA:2823,0
DA:2827,0
DA:2828,0
DA:2829,0
DA:2830,0
DA:2837,0
DA:2838,0
DA:2840,0
DA:2874,0
DA:2875,0
DA:2876,0
DA:2877,0
DA:2883,0
DA:2884,0
DA:2886,0
DA:2889,0
DA:2890,0
DA:2891,0
DA:2892,0
DA:2893,0
DA:2894,0
DA:2895,0
DA:2897,0
DA:2911,0
DA:2912,0
DA:2913,0
DA:2914,0
DA:2915,0
DA:2916,0
DA:2920,0
DA:2925,0
DA:2926,0
DA:2928,0
DA:2931,0
DA:2932,0
DA:2933,0
DA:2934,0
DA:2935,0
DA:2938,0
DA:2939,0
DA:2940,0
DA:2941,0
DA:2966,0
DA:2967,0
DA:2968,0
DA:2969,0
DA:2970,0
DA:2971,0
DA:2972,0
DA:2973,0
DA:2978,0
DA:2979,0
DA:2980,0
DA:2981,0
DA:2982,0
DA:2983,0
DA:2987,0
DA:2992,0
DA:2993,0
DA:2994,0
DA:2995,0
DA:2999,0
DA:3000,0
DA:3001,0
DA:3002,0
DA:3003,0
DA:3004,0
DA:3005,0
DA:3009,0
DA:3010,0
DA:3011,0
DA:3012,0
DA:3013,0
DA:3015,0
DA:3016,0
DA:3017,0
DA:3020,0
DA:3021,0
DA:3022,0
DA:3025,0
DA:3029,0
DA:3030,0
DA:3031,0
DA:3032,0
DA:3033,0
DA:3035,0
DA:3036,0
DA:3037,0
DA:3040,0
DA:3041,0
DA:3042,0
DA:3045,0
DA:3051,0
DA:3055,0
DA:3056,0
DA:3057,0
DA:3059,0
DA:3060,0
DA:3064,0
DA:3065,0
DA:3066,0
DA:3069,0
DA:3076,0
DA:3077,0
DA:3078,0
DA:3079,0
DA:3080,0
DA:3082,0
DA:3086,0
DA:3087,0
DA:3088,0
DA:3096,0
DA:3097,0
DA:3100,0
DA:3101,0
DA:3103,0
DA:3104,0
DA:3105,0
DA:3106,0
DA:3107,0
DA:3112,0
DA:3113,0
DA:3114,0
DA:3115,0
DA:3116,0
DA:3117,0
DA:3118,0
DA:3119,0
DA:3121,0
DA:3125,0
DA:3126,0
DA:3130,0
DA:3137,0
DA:3138,0
DA:3139,0
DA:3143,0
DA:3144,0
DA:3145,0
DA:3146,0
DA:3150,0
DA:3151,0
DA:3152,0
DA:3153,0
DA:3156,0
DA:3160,0
DA:3161,0
DA:3166,0
DA:3167,0
DA:3171,0
DA:3175,0
DA:3176,0
DA:3177,0
DA:3179,0
DA:3183,0
DA:3184,0
DA:3185,0
DA:3186,0
DA:3187,0
DA:3188,0
DA:3189,0
DA:3190,0
DA:3191,0
DA:3196,0
DA:3197,0
DA:3198,0
DA:3199,0
DA:3201,0
DA:3202,0
DA:3203,0
DA:3204,0
DA:3205,0
DA:3206,0
DA:3207,0
DA:3208,0
DA:3210,0
DA:3214,0
DA:3215,0
DA:3217,0
DA:3219,0
DA:3221,0
DA:3224,0
DA:3228,0
DA:3229,0
DA:3230,0
DA:3235,0
DA:3236,0
DA:3239,0
DA:3240,0
DA:3242,0
DA:3243,0
DA:3244,0
DA:3248,0
DA:3249,0
DA:3250,0
DA:3256,0
DA:3257,0
DA:3259,0
DA:3263,0
DA:3264,0
DA:3266,0
DA:3267,0
DA:3268,0
DA:3272,0
DA:3273,0
DA:3274,0
DA:3275,0
DA:3278,0
DA:3280,0
DA:3281,0
DA:3282,0
DA:3285,0
DA:3292,0
DA:3295,0
DA:3296,0
DA:3303,0
DA:3304,0
DA:3306,0
DA:3331,0
DA:3332,0
DA:3333,0
DA:3334,0
DA:3335,0
DA:3341,0
DA:3342,0
DA:3343,0
DA:3344,0
DA:3347,0
DA:3348,0
DA:3349,0
DA:3351,0
DA:3352,0
DA:3353,0
DA:3354,0
DA:3355,0
DA:3356,0
DA:3359,0
DA:3373,0
DA:3374,0
DA:3375,0
DA:3376,0
DA:3377,0
DA:3378,0
DA:3382,0
DA:3383,0
DA:3384,0
DA:3385,0
DA:3386,0
DA:3387,0
DA:3389,0
DA:3392,0
DA:3393,0
DA:3394,0
DA:3395,0
DA:3396,0
DA:3397,0
DA:3398,0
DA:3400,0
DA:3403,0
DA:3404,0
DA:3405,0
DA:3410,0
DA:3411,0
DA:3412,0
DA:3413,0
DA:3419,0
DA:3420,0
DA:3421,0
DA:3423,0
DA:3424,0
DA:3425,0
DA:3426,0
DA:3427,0
DA:3429,0
DA:3430,0
DA:3431,0
DA:3432,0
DA:3433,0
DA:3434,0
DA:3435,0
DA:3436,0
DA:3437,0
DA:3438,0
DA:3439,0
DA:3442,0
DA:3445,0
DA:3446,0
DA:3447,0
DA:3448,0
DA:3449,0
DA:3450,0
DA:3451,0
DA:3452,0
DA:3453,0
DA:3454,0
DA:3455,0
DA:3458,0
DA:3461,0
DA:3462,0
DA:3463,0
DA:3464,0
DA:3465,0
DA:3466,0
DA:3467,0
DA:3468,0
DA:3469,0
DA:3470,0
DA:3471,0
DA:3472,0
DA:3473,0
DA:3474,0
DA:3475,0
DA:3476,0
DA:3477,0
DA:3480,0
DA:3481,0
DA:3482,0
DA:3483,0
DA:3484,0
DA:3485,0
DA:3486,0
DA:3487,0
DA:3488,0
DA:3489,0
DA:3490,0
DA:3491,0
DA:3492,0
DA:3498,0
DA:3503,0
DA:3504,0
DA:3506,0
DA:3508,0
DA:3510,0
DA:3511,0
DA:3512,0
DA:3514,0
DA:3515,0
DA:3516,0
DA:3517,0
DA:3518,0
DA:3520,0
DA:3521,0
DA:3523,0
DA:3524,0
DA:3525,0
DA:3526,0
DA:3529,0
DA:3530,0
DA:3532,0
DA:3533,0
DA:3535,0
DA:3536,0
DA:3537,0
DA:3539,0
DA:3541,0
DA:3542,0
DA:3546,0
DA:3547,0
DA:3548,0
DA:3549,0
DA:3550,0
DA:3551,0
DA:3552,0
DA:3554,0
DA:3555,0
DA:3557,0
DA:3558,0
DA:3562,0
DA:3563,0
DA:3569,0
DA:3570,0
DA:3576,0
DA:3577,0
DA:3578,0
DA:3579,0
DA:3580,0
DA:3581,0
DA:3582,0
DA:3583,0
DA:3585,0
DA:3588,0
DA:3589,0
DA:3590,0
DA:3591,0
DA:3592,0
DA:3594,0
DA:3595,0
DA:3596,0
DA:3599,0
DA:3611,0
DA:3614,0
DA:3615,0
DA:3616,0
DA:3617,0
DA:3621,0
DA:3622,0
DA:3623,0
DA:3624,0
DA:3628,0
DA:3629,0
DA:3630,0
DA:3634,0
DA:3635,0
DA:3639,0
DA:3640,0
DA:3641,0
DA:3645,0
DA:3646,0
DA:3650,0
DA:3651,0
DA:3652,0
DA:3656,0
DA:3657,0
DA:3658,0
DA:3662,0
DA:3663,0
DA:3664,0
DA:3667,0
DA:3668,0
DA:3669,0
DA:3672,0
DA:3673,0
DA:3674,0
DA:3677,0
DA:3678,0
DA:3679,0
DA:3681,0
DA:3682,0
DA:3686,0
DA:3687,0
DA:3688,0
DA:3689,0
DA:3693,0
DA:3694,0
DA:3695,0
DA:3699,0
DA:3700,0
DA:3704,0
DA:3705,0
DA:3706,0
DA:3707,0
DA:3708,0
DA:3709,0
DA:3710,0
DA:3711,0
DA:3712,0
DA:3713,0
DA:3715,0
DA:3716,0
DA:3719,0
DA:3720,0
DA:3723,0
DA:3724,0
DA:3727,0
DA:3728,0
DA:3731,0
DA:3732,0
DA:3735,0
DA:3736,0
DA:3739,0
DA:3740,0
DA:3743,0
DA:3744,0
DA:3748,0
DA:3749,0
DA:3750,0
DA:3753,0
DA:3754,0
DA:3757,0
DA:3758,0
DA:3759,0
DA:3760,0
DA:3761,0
DA:3762,0
DA:3763,0
DA:3765,0
DA:3766,0
DA:3769,0
DA:3770,0
DA:3771,0
DA:3776,0
DA:3777,0
DA:3778,0
DA:3779,0
DA:3781,0
DA:3782,0
DA:3783,0
DA:3786,0
DA:3787,0
DA:3790,0
DA:3791,0
DA:3792,0
DA:3797,0
DA:3798,0
DA:3807,0
DA:3808,0
DA:3809,0
DA:3810,0
DA:3811,0
DA:3817,0
DA:3818,0
DA:3821,0
DA:3822,0
DA:3823,0
DA:3824,0
DA:3825,0
DA:3827,0
DA:3830,0
DA:3831,0
DA:3832,0
DA:3833,0
DA:3834,0
DA:3838,0
DA:3839,0
DA:3840,0
DA:3841,0
DA:3842,0
DA:3843,0
DA:3844,0
DA:3846,0
DA:3847,0
DA:3848,0
DA:3851,0
DA:3852,0
DA:3855,0
DA:3856,0
DA:3857,0
DA:3861,0
DA:3862,0
DA:3863,0
DA:3864,0
DA:3865,0
DA:3867,0
DA:3871,0
DA:3872,0
DA:3873,0
DA:3874,0
DA:3875,0
DA:3877,0
DA:3882,0
DA:3886,0
DA:3888,0
DA:3902,0
DA:3903,0
DA:3904,0
DA:3905,0
DA:3911,0
DA:3912,0
DA:3914,0
DA:3915,0
DA:3917,0
DA:3928,0
DA:3929,0
DA:3930,0
DA:3934,0
DA:3935,0
DA:3938,0
DA:3939,0
DA:3940,0
DA:3943,0
DA:3945,0
DA:3946,0
DA:3947,0
DA:3950,0
DA:3952,0
DA:3953,0
DA:3954,0
DA:3957,0
DA:3959,0
DA:3960,0
DA:3961,0
DA:3964,0
DA:3965,0
DA:3966,0
DA:3969,0
DA:3970,0
DA:3973,0
DA:3974,0
DA:3975,0
DA:3978,0
DA:3979,0
DA:3980,0
DA:3981,0
DA:3983,0
DA:3984,0
DA:3985,0
DA:3986,0
DA:3987,0
DA:3990,0
DA:3991,0
DA:3992,0
DA:3993,0
DA:3997,0
DA:3998,0
DA:3999,0
DA:4001,0
DA:4002,0
DA:4005,0
DA:4006,0
DA:4010,0
DA:4011,0
DA:4012,0
DA:4013,0
DA:4016,0
DA:4017,0
DA:4018,0
DA:4019,0
DA:4020,0
DA:4021,0
DA:4022,0
DA:4024,0
DA:4025,0
DA:4026,0
DA:4029,0
DA:4030,0
DA:4034,0
DA:4035,0
DA:4038,0
DA:4039,0
DA:4040,0
DA:4042,0
DA:4044,0
DA:4045,0
DA:4046,0
DA:4047,0
DA:4048,0
DA:4049,0
DA:4050,0
DA:4052,0
DA:4054,0
DA:4056,0
LF:1811
LH:0
BRDA:36,0,0,0
BRDA:36,0,1,0
BRDA:36,1,0,0
BRDA:36,1,1,0
BRDA:37,2,0,0
BRDA:37,2,1,0
BRDA:42,3,0,0
BRDA:44,4,0,0
BRDA:44,4,1,0
BRDA:45,5,0,0
BRDA:45,5,1,0
BRDA:66,6,0,0
BRDA:66,6,1,0
BRDA:80,7,0,0
BRDA:80,7,1,0
BRDA:82,8,0,0
BRDA:82,8,1,0
BRDA:82,9,0,0
BRDA:82,9,1,0
BRDA:90,10,0,0
BRDA:90,10,1,0
BRDA:94,11,0,0
BRDA:94,11,1,0
BRDA:97,12,0,0
BRDA:97,12,1,0
BRDA:111,13,0,0
BRDA:111,13,1,0
BRDA:460,14,0,0
BRDA:460,14,1,0
BRDA:491,15,0,0
BRDA:491,15,1,0
BRDA:494,16,0,0
BRDA:494,16,1,0
BRDA:506,17,0,0
BRDA:506,17,1,0
BRDA:515,18,0,0
BRDA:515,18,1,0
BRDA:527,19,0,0
BRDA:527,19,1,0
BRDA:535,20,0,0
BRDA:535,20,1,0
BRDA:536,21,0,0
BRDA:536,21,1,0
BRDA:537,22,0,0
BRDA:537,22,1,0
BRDA:538,23,0,0
BRDA:538,23,1,0
BRDA:539,24,0,0
BRDA:539,24,1,0
BRDA:552,25,0,0
BRDA:552,25,1,0
BRDA:567,26,0,0
BRDA:567,26,1,0
BRDA:575,27,0,0
BRDA:575,27,1,0
BRDA:575,28,0,0
BRDA:575,28,1,0
BRDA:577,29,0,0
BRDA:577,29,1,0
BRDA:577,30,0,0
BRDA:577,30,1,0
BRDA:579,31,0,0
BRDA:579,31,1,0
BRDA:579,32,0,0
BRDA:579,32,1,0
BRDA:596,33,0,0
BRDA:597,34,0,0
BRDA:597,34,1,0
BRDA:609,35,0,0
BRDA:609,35,1,0
BRDA:641,36,0,0
BRDA:641,36,1,0
BRDA:646,37,0,0
BRDA:646,37,1,0
BRDA:653,38,0,0
BRDA:653,38,1,0
BRDA:660,39,0,0
BRDA:660,39,1,0
BRDA:667,40,0,0
BRDA:667,40,1,0
BRDA:828,41,0,0
BRDA:829,42,0,0
BRDA:829,42,1,0
BRDA:829,43,0,0
BRDA:829,43,1,0
BRDA:841,44,0,0
BRDA:842,45,0,0
BRDA:842,45,1,0
BRDA:847,46,0,0
BRDA:848,47,0,0
BRDA:848,47,1,0
BRDA:850,48,0,0
BRDA:850,48,1,0
BRDA:852,49,0,0
BRDA:852,49,1,0
BRDA:865,50,0,0
BRDA:865,50,1,0
BRDA:865,50,2,0
BRDA:869,51,0,0
BRDA:869,51,1,0
BRDA:871,52,0,0
BRDA:871,52,1,0
BRDA:875,53,0,0
BRDA:875,53,1,0
BRDA:875,54,0,0
BRDA:875,54,1,0
BRDA:875,54,2,0
BRDA:882,55,0,0
BRDA:882,55,1,0
BRDA:882,56,0,0
BRDA:882,56,1,0
BRDA:883,57,0,0
BRDA:883,57,1,0
BRDA:885,58,0,0
BRDA:885,58,1,0
BRDA:887,59,0,0
BRDA:887,59,1,0
BRDA:888,60,0,0
BRDA:888,60,1,0
BRDA:892,61,0,0
BRDA:892,61,1,0
BRDA:892,62,0,0
BRDA:892,62,1,0
BRDA:896,63,0,0
BRDA:896,63,1,0
BRDA:898,64,0,0
BRDA:898,64,1,0
BRDA:910,65,0,0
BRDA:910,65,1,0
BRDA:916,66,0,0
BRDA:916,66,1,0
BRDA:928,67,0,0
BRDA:928,67,1,0
BRDA:942,68,0,0
BRDA:942,68,1,0
BRDA:942,69,0,0
BRDA:942,69,1,0
BRDA:943,70,0,0
BRDA:943,70,1,0
BRDA:943,71,0,0
BRDA:943,71,1,0
BRDA:943,71,2,0
BRDA:944,72,0,0
BRDA:944,72,1,0
BRDA:948,73,0,0
BRDA:948,73,1,0
BRDA:948,74,0,0
BRDA:948,74,1,0
BRDA:961,75,0,0
BRDA:961,75,1,0
BRDA:967,76,0,0
BRDA:967,76,1,0
BRDA:968,77,0,0
BRDA:968,77,1,0
BRDA:969,78,0,0
BRDA:969,78,1,0
BRDA:970,79,0,0
BRDA:970,79,1,0
BRDA:971,80,0,0
BRDA:971,80,1,0
BRDA:977,81,0,0
BRDA:977,81,1,0
BRDA:977,82,0,0
BRDA:977,82,1,0
BRDA:977,82,2,0
BRDA:978,83,0,0
BRDA:978,83,1,0
BRDA:978,84,0,0
BRDA:978,84,1,0
BRDA:979,85,0,0
BRDA:979,85,1,0
BRDA:979,86,0,0
BRDA:979,86,1,0
BRDA:979,86,2,0
BRDA:979,86,3,0
BRDA:979,86,4,0
BRDA:979,86,5,0
BRDA:979,86,6,0
BRDA:981,87,0,0
BRDA:981,87,1,0
BRDA:981,88,0,0
BRDA:981,88,1,0
BRDA:981,88,2,0
BRDA:982,89,0,0
BRDA:982,89,1,0
BRDA:982,90,0,0
BRDA:982,90,1,0
BRDA:987,91,0,0
BRDA:987,91,1,0
BRDA:993,92,0,0
BRDA:993,92,1,0
BRDA:993,93,0,0
BRDA:993,93,1,0
BRDA:996,94,0,0
BRDA:996,94,1,0
BRDA:999,95,0,0
BRDA:999,95,1,0
BRDA:1006,96,0,0
BRDA:1006,96,1,0
BRDA:1006,96,2,0
BRDA:1011,97,0,0
BRDA:1011,97,1,0
BRDA:1011,97,2,0
BRDA:1025,98,0,0
BRDA:1025,98,1,0
BRDA:1025,99,0,0
BRDA:1025,99,1,0
BRDA:1026,100,0,0
BRDA:1026,100,1,0
BRDA:1029,101,0,0
BRDA:1029,101,1,0
BRDA:1032,102,0,0
BRDA:1032,102,1,0
BRDA:1035,103,0,0
BRDA:1035,103,1,0
BRDA:1038,104,0,0
BRDA:1038,104,1,0
BRDA:1041,105,0,0
BRDA:1041,105,1,0
BRDA:1049,106,0,0
BRDA:1049,106,1,0
BRDA:1054,107,0,0
BRDA:1054,107,1,0
BRDA:1059,108,0,0
BRDA:1059,108,1,0
BRDA:1061,109,0,0
BRDA:1061,109,1,0
BRDA:1062,110,0,0
BRDA:1062,110,1,0
BRDA:1063,111,0,0
BRDA:1063,111,1,0
BRDA:1063,112,0,0
BRDA:1063,112,1,0
BRDA:1064,113,0,0
BRDA:1064,113,1,0
BRDA:1064,114,0,0
BRDA:1064,114,1,0
BRDA:1065,115,0,0
BRDA:1065,115,1,0
BRDA:1065,116,0,0
BRDA:1065,116,1,0
BRDA:1066,117,0,0
BRDA:1066,117,1,0
BRDA:1066,118,0,0
BRDA:1066,118,1,0
BRDA:1072,119,0,0
BRDA:1072,119,1,0
BRDA:1072,120,0,0
BRDA:1072,120,1,0
BRDA:1078,121,0,0
BRDA:1078,121,1,0
BRDA:1078,122,0,0
BRDA:1078,122,1,0
BRDA:1079,123,0,0
BRDA:1079,123,1,0
BRDA:1080,124,0,0
BRDA:1080,124,1,0
BRDA:1081,125,0,0
BRDA:1081,125,1,0
BRDA:1082,126,0,0
BRDA:1082,126,1,0
BRDA:1083,127,0,0
BRDA:1083,127,1,0
BRDA:1093,128,0,0
BRDA:1093,128,1,0
BRDA:1093,128,2,0
BRDA:1093,128,3,0
BRDA:1093,128,4,0
BRDA:1094,129,0,0
BRDA:1094,129,1,0
BRDA:1094,130,0,0
BRDA:1094,130,1,0
BRDA:1102,131,0,0
BRDA:1102,131,1,0
BRDA:1102,132,0,0
BRDA:1102,132,1,0
BRDA:1102,132,2,0
BRDA:1107,133,0,0
BRDA:1107,133,1,0
BRDA:1117,134,0,0
BRDA:1117,134,1,0
BRDA:1117,135,0,0
BRDA:1117,135,1,0
BRDA:1117,135,2,0
BRDA:1123,136,0,0
BRDA:1123,136,1,0
BRDA:1123,136,2,0
BRDA:1124,137,0,0
BRDA:1124,137,1,0
BRDA:1124,138,0,0
BRDA:1124,138,1,0
BRDA:1127,139,0,0
BRDA:1127,139,1,0
BRDA:1134,140,0,0
BRDA:1134,140,1,0
BRDA:1134,140,2,0
BRDA:1138,141,0,0
BRDA:1138,141,1,0
BRDA:1143,142,0,0
BRDA:1143,142,1,0
BRDA:1146,143,0,0
BRDA:1146,143,1,0
BRDA:1150,144,0,0
BRDA:1150,144,1,0
BRDA:1153,145,0,0
BRDA:1153,145,1,0
BRDA:1159,146,0,0
BRDA:1159,146,1,0
BRDA:1159,147,0,0
BRDA:1159,147,1,0
BRDA:1162,148,0,0
BRDA:1162,148,1,0
BRDA:1163,149,0,0
BRDA:1163,149,1,0
BRDA:1165,150,0,0
BRDA:1165,150,1,0
BRDA:1167,151,0,0
BRDA:1167,151,1,0
BRDA:1169,152,0,0
BRDA:1169,152,1,0
BRDA:1184,153,0,0
BRDA:1184,153,1,0
BRDA:1187,154,0,0
BRDA:1187,154,1,0
BRDA:1194,155,0,0
BRDA:1194,155,1,0
BRDA:1198,156,0,0
BRDA:1198,156,1,0
BRDA:1204,157,0,0
BRDA:1204,157,1,0
BRDA:1209,158,0,0
BRDA:1209,158,1,0
BRDA:1210,159,0,0
BRDA:1210,159,1,0
BRDA:1211,160,0,0
BRDA:1211,160,1,0
BRDA:1212,161,0,0
BRDA:1212,161,1,0
BRDA:1217,162,0,0
BRDA:1217,162,1,0
BRDA:1218,163,0,0
BRDA:1218,163,1,0
BRDA:1222,164,0,0
BRDA:1222,164,1,0
BRDA:1223,165,0,0
BRDA:1223,165,1,0
BRDA:1224,166,0,0
BRDA:1224,166,1,0
BRDA:1224,167,0,0
BRDA:1224,167,1,0
BRDA:1226,168,0,0
BRDA:1226,168,1,0
BRDA:1229,169,0,0
BRDA:1229,169,1,0
BRDA:1230,170,0,0
BRDA:1230,170,1,0
BRDA:1235,171,0,0
BRDA:1235,171,1,0
BRDA:1236,172,0,0
BRDA:1236,172,1,0
BRDA:1241,173,0,0
BRDA:1241,173,1,0
BRDA:1242,174,0,0
BRDA:1242,174,1,0
BRDA:1242,175,0,0
BRDA:1242,175,1,0
BRDA:1259,176,0,0
BRDA:1259,176,1,0
BRDA:1260,177,0,0
BRDA:1260,177,1,0
BRDA:1260,178,0,0
BRDA:1260,178,1,0
BRDA:1261,179,0,0
BRDA:1261,179,1,0
BRDA:1262,180,0,0
BRDA:1262,180,1,0
BRDA:1263,181,0,0
BRDA:1263,181,1,0
BRDA:1264,182,0,0
BRDA:1264,182,1,0
BRDA:1265,183,0,0
BRDA:1265,183,1,0
BRDA:1266,184,0,0
BRDA:1266,184,1,0
BRDA:1268,185,0,0
BRDA:1268,185,1,0
BRDA:1273,186,0,0
BRDA:1273,186,1,0
BRDA:1273,187,0,0
BRDA:1273,187,1,0
BRDA:1278,188,0,0
BRDA:1278,188,1,0
BRDA:1278,189,0,0
BRDA:1278,189,1,0
BRDA:1300,190,0,0
BRDA:1300,190,1,0
BRDA:1316,191,0,0
BRDA:1316,191,1,0
BRDA:1322,192,0,0
BRDA:1322,192,1,0
BRDA:1326,193,0,0
BRDA:1326,193,1,0
BRDA:1329,194,0,0
BRDA:1333,195,0,0
BRDA:1337,196,0,0
BRDA:1338,197,0,0
BRDA:1338,197,1,0
BRDA:1338,197,2,0
BRDA:1341,198,0,0
BRDA:1342,199,0,0
BRDA:1342,199,1,0
BRDA:1342,200,0,0
BRDA:1342,200,1,0
BRDA:1343,201,0,0
BRDA:1343,201,1,0
BRDA:1344,202,0,0
BRDA:1344,202,1,0
BRDA:1349,203,0,0
BRDA:1349,203,1,0
BRDA:1352,204,0,0
BRDA:1352,204,1,0
BRDA:1355,205,0,0
BRDA:1355,205,1,0
BRDA:1362,206,0,0
BRDA:1362,206,1,0
BRDA:1364,207,0,0
BRDA:1364,207,1,0
BRDA:1374,208,0,0
BRDA:1374,208,1,0
BRDA:1378,209,0,0
BRDA:1378,209,1,0
BRDA:1388,210,0,0
BRDA:1388,210,1,0
BRDA:1389,211,0,0
BRDA:1389,211,1,0
BRDA:1389,212,0,0
BRDA:1389,212,1,0
BRDA:1391,213,0,0
BRDA:1391,213,1,0
BRDA:1395,214,0,0
BRDA:1395,214,1,0
BRDA:1395,214,2,0
BRDA:1424,215,0,0
BRDA:1424,215,1,0
BRDA:1425,216,0,0
BRDA:1425,216,1,0
BRDA:1426,217,0,0
BRDA:1426,217,1,0
BRDA:1426,218,0,0
BRDA:1426,218,1,0
BRDA:1427,219,0,0
BRDA:1427,219,1,0
BRDA:1428,220,0,0
BRDA:1428,220,1,0
BRDA:1429,221,0,0
BRDA:1429,221,1,0
BRDA:1430,222,0,0
BRDA:1430,222,1,0
BRDA:1431,223,0,0
BRDA:1431,223,1,0
BRDA:1432,224,0,0
BRDA:1432,224,1,0
BRDA:1433,225,0,0
BRDA:1433,225,1,0
BRDA:1434,226,0,0
BRDA:1434,226,1,0
BRDA:1435,227,0,0
BRDA:1435,227,1,0
BRDA:1436,228,0,0
BRDA:1436,228,1,0
BRDA:1445,229,0,0
BRDA:1445,229,1,0
BRDA:1446,230,0,0
BRDA:1446,230,1,0
BRDA:1453,231,0,0
BRDA:1453,231,1,0
BRDA:1453,232,0,0
BRDA:1453,232,1,0
BRDA:1461,233,0,0
BRDA:1461,233,1,0
BRDA:1462,234,0,0
BRDA:1462,234,1,0
BRDA:1468,235,0,0
BRDA:1468,235,1,0
BRDA:1469,236,0,0
BRDA:1469,236,1,0
BRDA:1470,237,0,0
BRDA:1470,237,1,0
BRDA:1474,238,0,0
BRDA:1474,238,1,0
BRDA:1491,239,0,0
BRDA:1491,239,1,0
BRDA:1495,240,0,0
BRDA:1495,240,1,0
BRDA:1499,241,0,0
BRDA:1499,241,1,0
BRDA:1505,242,0,0
BRDA:1505,242,1,0
BRDA:1513,243,0,0
BRDA:1513,243,1,0
BRDA:1514,244,0,0
BRDA:1514,244,1,0
BRDA:1532,245,0,0
BRDA:1533,246,0,0
BRDA:1533,246,1,0
BRDA:1534,247,0,0
BRDA:1534,247,1,0
BRDA:1534,248,0,0
BRDA:1534,248,1,0
BRDA:1543,249,0,0
BRDA:1543,250,0,0
BRDA:1544,251,0,0
BRDA:1544,251,1,0
BRDA:1545,252,0,0
BRDA:1545,252,1,0
BRDA:1554,253,0,0
BRDA:1554,253,1,0
BRDA:1558,254,0,0
BRDA:1558,254,1,0
BRDA:1564,255,0,0
BRDA:1564,255,1,0
BRDA:1578,256,0,0
BRDA:1578,256,1,0
BRDA:1582,257,0,0
BRDA:1582,257,1,0
BRDA:1588,258,0,0
BRDA:1588,258,1,0
BRDA:1590,259,0,0
BRDA:1590,259,1,0
BRDA:1592,260,0,0
BRDA:1592,260,1,0
BRDA:1595,261,0,0
BRDA:1595,261,1,0
BRDA:1597,262,0,0
BRDA:1597,262,1,0
BRDA:1600,263,0,0
BRDA:1600,263,1,0
BRDA:1603,264,0,0
BRDA:1603,264,1,0
BRDA:1610,265,0,0
BRDA:1610,265,1,0
BRDA:1613,266,0,0
BRDA:1613,266,1,0
BRDA:1620,267,0,0
BRDA:1620,267,1,0
BRDA:1620,268,0,0
BRDA:1620,268,1,0
BRDA:1629,269,0,0
BRDA:1629,269,1,0
BRDA:1629,270,0,0
BRDA:1629,270,1,0
BRDA:1651,271,0,0
BRDA:1651,271,1,0
BRDA:1661,272,0,0
BRDA:1661,272,1,0
BRDA:1664,273,0,0
BRDA:1664,273,1,0
BRDA:1670,274,0,0
BRDA:1670,274,1,0
BRDA:1671,275,0,0
BRDA:1671,275,1,0
BRDA:1672,276,0,0
BRDA:1672,276,1,0
BRDA:1673,277,0,0
BRDA:1673,277,1,0
BRDA:1675,278,0,0
BRDA:1675,278,1,0
BRDA:1679,279,0,0
BRDA:1679,279,1,0
BRDA:1681,280,0,0
BRDA:1681,280,1,0
BRDA:1691,281,0,0
BRDA:1691,281,1,0
BRDA:1691,282,0,0
BRDA:1691,282,1,0
BRDA:1692,283,0,0
BRDA:1692,283,1,0
BRDA:1698,284,0,0
BRDA:1698,284,1,0
BRDA:1698,284,2,0
BRDA:1703,285,0,0
BRDA:1703,285,1,0
BRDA:1726,286,0,0
BRDA:1726,286,1,0
BRDA:1731,287,0,0
BRDA:1731,287,1,0
BRDA:1731,288,0,0
BRDA:1731,288,1,0
BRDA:1740,289,0,0
BRDA:1740,289,1,0
BRDA:1744,290,0,0
BRDA:1744,290,1,0
BRDA:1753,291,0,0
BRDA:1753,291,1,0
BRDA:1753,292,0,0
BRDA:1753,292,1,0
BRDA:1754,293,0,0
BRDA:1754,293,1,0
BRDA:1754,294,0,0
BRDA:1754,294,1,0
BRDA:1755,295,0,0
BRDA:1755,295,1,0
BRDA:1755,296,0,0
BRDA:1755,296,1,0
BRDA:1755,297,0,0
BRDA:1755,297,1,0
BRDA:1755,297,2,0
BRDA:1756,298,0,0
BRDA:1756,298,1,0
BRDA:1756,299,0,0
BRDA:1756,299,1,0
BRDA:1756,300,0,0
BRDA:1756,300,1,0
BRDA:1759,301,0,0
BRDA:1759,301,1,0
BRDA:1760,302,0,0
BRDA:1760,302,1,0
BRDA:1762,303,0,0
BRDA:1762,303,1,0
BRDA:1762,304,0,0
BRDA:1762,304,1,0
BRDA:1763,305,0,0
BRDA:1763,305,1,0
BRDA:1763,306,0,0
BRDA:1763,306,1,0
BRDA:1767,307,0,0
BRDA:1767,307,1,0
BRDA:1767,308,0,0
BRDA:1767,308,1,0
BRDA:1768,309,0,0
BRDA:1768,309,1,0
BRDA:1768,310,0,0
BRDA:1768,310,1,0
BRDA:1769,311,0,0
BRDA:1769,311,1,0
BRDA:1769,312,0,0
BRDA:1769,312,1,0
BRDA:1769,313,0,0
BRDA:1769,313,1,0
BRDA:1770,314,0,0
BRDA:1770,314,1,0
BRDA:1770,315,0,0
BRDA:1770,315,1,0
BRDA:1770,316,0,0
BRDA:1770,316,1,0
BRDA:1771,317,0,0
BRDA:1771,317,1,0
BRDA:1771,318,0,0
BRDA:1771,318,1,0
BRDA:1771,319,0,0
BRDA:1771,319,1,0
BRDA:1772,320,0,0
BRDA:1772,320,1,0
BRDA:1772,321,0,0
BRDA:1772,321,1,0
BRDA:1772,322,0,0
BRDA:1772,322,1,0
BRDA:1773,323,0,0
BRDA:1773,323,1,0
BRDA:1773,324,0,0
BRDA:1773,324,1,0
BRDA:1774,325,0,0
BRDA:1774,325,1,0
BRDA:1774,326,0,0
BRDA:1774,326,1,0
BRDA:1775,327,0,0
BRDA:1775,327,1,0
BRDA:1775,328,0,0
BRDA:1775,328,1,0
BRDA:1778,329,0,0
BRDA:1778,329,1,0
BRDA:1778,330,0,0
BRDA:1778,330,1,0
BRDA:1778,330,2,0
BRDA:1779,331,0,0
BRDA:1779,331,1,0
BRDA:1779,332,0,0
BRDA:1779,332,1,0
BRDA:1780,333,0,0
BRDA:1780,333,1,0
BRDA:1780,334,0,0
BRDA:1780,334,1,0
BRDA:1781,335,0,0
BRDA:1781,335,1,0
BRDA:1781,336,0,0
BRDA:1781,336,1,0
BRDA:1782,337,0,0
BRDA:1782,337,1,0
BRDA:1782,338,0,0
BRDA:1782,338,1,0
BRDA:1782,339,0,0
BRDA:1782,339,1,0
BRDA:1783,340,0,0
BRDA:1783,340,1,0
BRDA:1783,341,0,0
BRDA:1783,341,1,0
BRDA:1789,342,0,0
BRDA:1789,342,1,0
BRDA:1789,342,2,0
BRDA:1789,342,3,0
BRDA:1789,342,4,0
BRDA:1791,343,0,0
BRDA:1791,343,1,0
BRDA:1791,344,0,0
BRDA:1791,344,1,0
BRDA:1793,345,0,0
BRDA:1793,345,1,0
BRDA:1793,346,0,0
BRDA:1793,346,1,0
BRDA:1795,347,0,0
BRDA:1795,347,1,0
BRDA:1795,348,0,0
BRDA:1795,348,1,0
BRDA:1798,349,0,0
BRDA:1798,349,1,0
BRDA:1798,350,0,0
BRDA:1798,350,1,0
BRDA:1803,351,0,0
BRDA:1803,351,1,0
BRDA:1817,352,0,0
BRDA:1817,352,1,0
BRDA:1819,353,0,0
BRDA:1819,353,1,0
BRDA:1832,354,0,0
BRDA:1832,354,1,0
BRDA:1835,355,0,0
BRDA:1835,355,1,0
BRDA:1855,356,0,0
BRDA:1855,356,1,0
BRDA:1863,357,0,0
BRDA:1863,357,1,0
BRDA:1866,358,0,0
BRDA:1866,358,1,0
BRDA:1867,359,0,0
BRDA:1867,359,1,0
BRDA:1867,360,0,0
BRDA:1867,360,1,0
BRDA:1868,361,0,0
BRDA:1868,361,1,0
BRDA:1871,362,0,0
BRDA:1871,362,1,0
BRDA:1873,363,0,0
BRDA:1873,363,1,0
BRDA:1876,364,0,0
BRDA:1876,364,1,0
BRDA:1879,365,0,0
BRDA:1879,365,1,0
BRDA:1881,366,0,0
BRDA:1881,366,1,0
BRDA:1882,367,0,0
BRDA:1882,367,1,0
BRDA:1883,368,0,0
BRDA:1883,368,1,0
BRDA:1889,369,0,0
BRDA:1889,369,1,0
BRDA:1889,370,0,0
BRDA:1889,370,1,0
BRDA:1900,371,0,0
BRDA:1900,371,1,0
BRDA:1906,372,0,0
BRDA:1906,372,1,0
BRDA:1913,373,0,0
BRDA:1913,373,1,0
BRDA:1914,374,0,0
BRDA:1914,374,1,0
BRDA:1922,375,0,0
BRDA:1922,375,1,0
BRDA:1929,376,0,0
BRDA:1929,376,1,0
BRDA:1933,377,0,0
BRDA:1933,377,1,0
BRDA:1933,378,0,0
BRDA:1933,378,1,0
BRDA:1939,379,0,0
BRDA:1939,379,1,0
BRDA:1940,380,0,0
BRDA:1940,380,1,0
BRDA:1941,381,0,0
BRDA:1941,381,1,0
BRDA:1941,381,2,0
BRDA:1942,382,0,0
BRDA:1942,382,1,0
BRDA:1942,382,2,0
BRDA:1947,383,0,0
BRDA:1947,383,1,0
BRDA:1947,384,0,0
BRDA:1947,384,1,0
BRDA:1947,384,2,0
BRDA:1950,385,0,0
BRDA:1950,385,1,0
BRDA:1950,386,0,0
BRDA:1950,386,1,0
BRDA:1950,386,2,0
BRDA:1953,387,0,0
BRDA:1953,387,1,0
BRDA:1954,388,0,0
BRDA:1954,388,1,0
BRDA:1954,389,0,0
BRDA:1954,389,1,0
BRDA:1955,390,0,0
BRDA:1955,390,1,0
BRDA:1955,391,0,0
BRDA:1955,391,1,0
BRDA:1961,392,0,0
BRDA:1961,392,1,0
BRDA:1962,393,0,0
BRDA:1962,393,1,0
BRDA:1962,394,0,0
BRDA:1962,394,1,0
BRDA:1963,395,0,0
BRDA:1963,395,1,0
BRDA:1963,395,2,0
BRDA:1965,396,0,0
BRDA:1965,396,1,0
BRDA:1970,397,0,0
BRDA:1970,397,1,0
BRDA:1970,398,0,0
BRDA:1970,398,1,0
BRDA:1971,399,0,0
BRDA:1971,399,1,0
BRDA:1972,400,0,0
BRDA:1972,400,1,0
BRDA:1972,401,0,0
BRDA:1972,401,1,0
BRDA:1980,402,0,0
BRDA:1980,402,1,0
BRDA:1980,403,0,0
BRDA:1980,403,1,0
BRDA:1985,404,0,0
BRDA:1985,404,1,0
BRDA:1990,405,0,0
BRDA:1990,405,1,0
BRDA:1990,406,0,0
BRDA:1990,406,1,0
BRDA:1997,407,0,0
BRDA:1997,407,1,0
BRDA:1997,408,0,0
BRDA:1997,408,1,0
BRDA:1998,409,0,0
BRDA:1998,409,1,0
BRDA:2000,410,0,0
BRDA:2000,410,1,0
BRDA:2004,411,0,0
BRDA:2004,411,1,0
BRDA:2009,412,0,0
BRDA:2009,412,1,0
BRDA:2012,413,0,0
BRDA:2012,413,1,0
BRDA:2017,414,0,0
BRDA:2017,414,1,0
BRDA:2017,415,0,0
BRDA:2017,415,1,0
BRDA:2018,416,0,0
BRDA:2018,416,1,0
BRDA:2018,417,0,0
BRDA:2018,417,1,0
BRDA:2022,418,0,0
BRDA:2022,418,1,0
BRDA:2024,419,0,0
BRDA:2024,419,1,0
BRDA:2025,420,0,0
BRDA:2025,420,1,0
BRDA:2029,421,0,0
BRDA:2029,421,1,0
BRDA:2029,422,0,0
BRDA:2029,422,1,0
BRDA:2037,423,0,0
BRDA:2037,423,1,0
BRDA:2045,424,0,0
BRDA:2045,424,1,0
BRDA:2052,425,0,0
BRDA:2052,425,1,0
BRDA:2054,426,0,0
BRDA:2054,426,1,0
BRDA:2054,426,2,0
BRDA:2054,426,3,0
BRDA:2054,427,0,0
BRDA:2054,427,1,0
BRDA:2055,428,0,0
BRDA:2055,428,1,0
BRDA:2056,429,0,0
BRDA:2056,429,1,0
BRDA:2057,430,0,0
BRDA:2057,430,1,0
BRDA:2062,431,0,0
BRDA:2062,431,1,0
BRDA:2070,432,0,0
BRDA:2070,432,1,0
BRDA:2078,433,0,0
BRDA:2078,433,1,0
BRDA:2078,434,0,0
BRDA:2078,434,1,0
BRDA:2079,435,0,0
BRDA:2079,435,1,0
BRDA:2085,436,0,0
BRDA:2085,436,1,0
BRDA:2089,437,0,0
BRDA:2089,437,1,0
BRDA:2089,438,0,0
BRDA:2089,438,1,0
BRDA:2095,439,0,0
BRDA:2095,439,1,0
BRDA:2096,440,0,0
BRDA:2096,440,1,0
BRDA:2096,440,2,0
BRDA:2096,440,3,0
BRDA:2096,440,4,0
BRDA:2098,441,0,0
BRDA:2098,441,1,0
BRDA:2098,442,0,0
BRDA:2098,442,1,0
BRDA:2099,443,0,0
BRDA:2099,443,1,0
BRDA:2105,444,0,0
BRDA:2105,444,1,0
BRDA:2111,445,0,0
BRDA:2111,445,1,0
BRDA:2111,446,0,0
BRDA:2111,446,1,0
BRDA:2111,446,2,0
BRDA:2112,447,0,0
BRDA:2112,447,1,0
BRDA:2112,448,0,0
BRDA:2112,448,1,0
BRDA:2117,449,0,0
BRDA:2117,449,1,0
BRDA:2133,450,0,0
BRDA:2134,451,0,0
BRDA:2134,451,1,0
BRDA:2135,452,0,0
BRDA:2135,452,1,0
BRDA:2148,453,0,0
BRDA:2148,453,1,0
BRDA:2150,454,0,0
BRDA:2150,454,1,0
BRDA:2151,455,0,0
BRDA:2151,455,1,0
BRDA:2152,456,0,0
BRDA:2152,456,1,0
BRDA:2152,456,2,0
BRDA:2154,457,0,0
BRDA:2154,457,1,0
BRDA:2154,458,0,0
BRDA:2154,458,1,0
BRDA:2155,459,0,0
BRDA:2155,459,1,0
BRDA:2166,460,0,0
BRDA:2166,460,1,0
BRDA:2166,461,0,0
BRDA:2166,461,1,0
BRDA:2170,462,0,0
BRDA:2170,462,1,0
BRDA:2172,463,0,0
BRDA:2172,463,1,0
BRDA:2174,464,0,0
BRDA:2174,464,1,0
BRDA:2179,465,0,0
BRDA:2179,465,1,0
BRDA:2179,466,0,0
BRDA:2179,466,1,0
BRDA:2184,467,0,0
BRDA:2184,467,1,0
BRDA:2185,468,0,0
BRDA:2185,468,1,0
BRDA:2186,469,0,0
BRDA:2186,469,1,0
BRDA:2187,470,0,0
BRDA:2187,470,1,0
BRDA:2187,471,0,0
BRDA:2187,471,1,0
BRDA:2192,472,0,0
BRDA:2192,472,1,0
BRDA:2217,473,0,0
BRDA:2217,473,1,0
BRDA:2217,474,0,0
BRDA:2217,474,1,0
BRDA:2218,475,0,0
BRDA:2218,475,1,0
BRDA:2222,476,0,0
BRDA:2222,476,1,0
BRDA:2222,477,0,0
BRDA:2222,477,1,0
BRDA:2230,478,0,0
BRDA:2230,478,1,0
BRDA:2234,479,0,0
BRDA:2234,479,1,0
BRDA:2234,480,0,0
BRDA:2234,480,1,0
BRDA:2234,480,2,0
BRDA:2242,481,0,0
BRDA:2242,481,1,0
BRDA:2253,482,0,0
BRDA:2253,482,1,0
BRDA:2267,483,0,0
BRDA:2267,483,1,0
BRDA:2276,484,0,0
BRDA:2276,484,1,0
BRDA:2278,485,0,0
BRDA:2278,485,1,0
BRDA:2280,486,0,0
BRDA:2280,486,1,0
BRDA:2288,487,0,0
BRDA:2288,487,1,0
BRDA:2291,488,0,0
BRDA:2291,488,1,0
BRDA:2291,489,0,0
BRDA:2291,489,1,0
BRDA:2298,490,0,0
BRDA:2298,490,1,0
BRDA:2298,491,0,0
BRDA:2298,491,1,0
BRDA:2299,492,0,0
BRDA:2299,492,1,0
BRDA:2301,493,0,0
BRDA:2301,493,1,0
BRDA:2301,493,2,0
BRDA:2301,494,0,0
BRDA:2301,494,1,0
BRDA:2304,495,0,0
BRDA:2304,495,1,0
BRDA:2307,496,0,0
BRDA:2307,496,1,0
BRDA:2311,497,0,0
BRDA:2311,497,1,0
BRDA:2318,498,0,0
BRDA:2318,498,1,0
BRDA:2318,499,0,0
BRDA:2318,499,1,0
BRDA:2320,500,0,0
BRDA:2320,500,1,0
BRDA:2322,501,0,0
BRDA:2322,501,1,0
BRDA:2330,502,0,0
BRDA:2330,502,1,0
BRDA:2337,503,0,0
BRDA:2337,503,1,0
BRDA:2353,504,0,0
BRDA:2353,504,1,0
BRDA:2359,505,0,0
BRDA:2359,505,1,0
BRDA:2362,506,0,0
BRDA:2362,506,1,0
BRDA:2362,507,0,0
BRDA:2362,507,1,0
BRDA:2363,508,0,0
BRDA:2363,508,1,0
BRDA:2366,509,0,0
BRDA:2366,509,1,0
BRDA:2366,510,0,0
BRDA:2366,510,1,0
BRDA:2369,511,0,0
BRDA:2369,511,1,0
BRDA:2372,512,0,0
BRDA:2372,512,1,0
BRDA:2375,513,0,0
BRDA:2375,513,1,0
BRDA:2382,514,0,0
BRDA:2382,514,1,0
BRDA:2385,515,0,0
BRDA:2385,515,1,0
BRDA:2392,516,0,0
BRDA:2392,516,1,0
BRDA:2392,517,0,0
BRDA:2392,517,1,0
BRDA:2395,518,0,0
BRDA:2395,518,1,0
BRDA:2399,519,0,0
BRDA:2399,519,1,0
BRDA:2400,520,0,0
BRDA:2400,520,1,0
BRDA:2401,521,0,0
BRDA:2401,521,1,0
BRDA:2401,521,2,0
BRDA:2411,522,0,0
BRDA:2411,522,1,0
BRDA:2412,523,0,0
BRDA:2412,523,1,0
BRDA:2412,524,0,0
BRDA:2412,524,1,0
BRDA:2419,525,0,0
BRDA:2419,525,1,0
BRDA:2419,526,0,0
BRDA:2419,526,1,0
BRDA:2426,527,0,0
BRDA:2426,527,1,0
BRDA:2426,528,0,0
BRDA:2426,528,1,0
BRDA:2431,529,0,0
BRDA:2431,529,1,0
BRDA:2431,530,0,0
BRDA:2431,530,1,0
BRDA:2440,531,0,0
BRDA:2440,531,1,0
BRDA:2440,531,2,0
BRDA:2440,531,3,0
BRDA:2440,531,4,0
BRDA:2450,532,0,0
BRDA:2450,532,1,0
BRDA:2455,533,0,0
BRDA:2455,533,1,0
BRDA:2456,534,0,0
BRDA:2456,534,1,0
BRDA:2460,535,0,0
BRDA:2460,535,1,0
BRDA:2469,536,0,0
BRDA:2469,536,1,0
BRDA:2474,537,0,0
BRDA:2474,537,1,0
BRDA:2475,538,0,0
BRDA:2475,538,1,0
BRDA:2476,539,0,0
BRDA:2476,539,1,0
BRDA:2477,540,0,0
BRDA:2477,540,1,0
BRDA:2478,541,0,0
BRDA:2478,541,1,0
BRDA:2479,542,0,0
BRDA:2479,542,1,0
BRDA:2487,543,0,0
BRDA:2487,543,1,0
BRDA:2498,544,0,0
BRDA:2498,544,1,0
BRDA:2502,545,0,0
BRDA:2502,545,1,0
BRDA:2510,546,0,0
BRDA:2510,546,1,0
BRDA:2519,547,0,0
BRDA:2519,547,1,0
BRDA:2519,548,0,0
BRDA:2519,548,1,0
BRDA:2528,549,0,0
BRDA:2528,549,1,0
BRDA:2537,550,0,0
BRDA:2537,550,1,0
BRDA:2541,551,0,0
BRDA:2541,551,1,0
BRDA:2545,552,0,0
BRDA:2545,552,1,0
BRDA:2561,553,0,0
BRDA:2561,553,1,0
BRDA:2562,554,0,0
BRDA:2562,554,1,0
BRDA:2562,555,0,0
BRDA:2562,555,1,0
BRDA:2567,556,0,0
BRDA:2567,556,1,0
BRDA:2567,557,0,0
BRDA:2567,557,1,0
BRDA:2571,558,0,0
BRDA:2571,558,1,0
BRDA:2572,559,0,0
BRDA:2572,559,1,0
BRDA:2573,560,0,0
BRDA:2573,560,1,0
BRDA:2573,561,0,0
BRDA:2573,561,1,0
BRDA:2586,562,0,0
BRDA:2586,562,1,0
BRDA:2587,563,0,0
BRDA:2587,563,1,0
BRDA:2588,564,0,0
BRDA:2588,564,1,0
BRDA:2589,565,0,0
BRDA:2589,565,1,0
BRDA:2589,566,0,0
BRDA:2589,566,1,0
BRDA:2598,567,0,0
BRDA:2598,567,1,0
BRDA:2599,568,0,0
BRDA:2599,568,1,0
BRDA:2606,569,0,0
BRDA:2606,569,1,0
BRDA:2606,570,0,0
BRDA:2606,570,1,0
BRDA:2614,571,0,0
BRDA:2614,571,1,0
BRDA:2615,572,0,0
BRDA:2615,572,1,0
BRDA:2621,573,0,0
BRDA:2621,573,1,0
BRDA:2622,574,0,0
BRDA:2622,574,1,0
BRDA:2623,575,0,0
BRDA:2623,575,1,0
BRDA:2630,576,0,0
BRDA:2630,576,1,0
BRDA:2641,577,0,0
BRDA:2641,577,1,0
BRDA:2648,578,0,0
BRDA:2648,578,1,0
BRDA:2652,579,0,0
BRDA:2652,579,1,0
BRDA:2652,580,0,0
BRDA:2652,580,1,0
BRDA:2658,581,0,0
BRDA:2658,581,1,0
BRDA:2662,582,0,0
BRDA:2662,582,1,0
BRDA:2663,583,0,0
BRDA:2663,583,1,0
BRDA:2663,584,0,0
BRDA:2663,584,1,0
BRDA:2669,585,0,0
BRDA:2669,585,1,0
BRDA:2669,586,0,0
BRDA:2669,586,1,0
BRDA:2670,587,0,0
BRDA:2670,587,1,0
BRDA:2679,588,0,0
BRDA:2679,588,1,0
BRDA:2679,589,0,0
BRDA:2679,589,1,0
BRDA:2682,590,0,0
BRDA:2682,590,1,0
BRDA:2684,591,0,0
BRDA:2684,591,1,0
BRDA:2686,592,0,0
BRDA:2686,592,1,0
BRDA:2690,593,0,0
BRDA:2690,593,1,0
BRDA:2691,594,0,0
BRDA:2691,594,1,0
BRDA:2691,595,0,0
BRDA:2691,595,1,0
BRDA:2706,596,0,0
BRDA:2706,596,1,0
BRDA:2706,597,0,0
BRDA:2706,597,1,0
BRDA:2707,598,0,0
BRDA:2707,598,1,0
BRDA:2707,599,0,0
BRDA:2707,599,1,0
BRDA:2708,600,0,0
BRDA:2708,600,1,0
BRDA:2708,601,0,0
BRDA:2708,601,1,0
BRDA:2708,602,0,0
BRDA:2708,602,1,0
BRDA:2709,603,0,0
BRDA:2709,603,1,0
BRDA:2709,604,0,0
BRDA:2709,604,1,0
BRDA:2715,605,0,0
BRDA:2715,605,1,0
BRDA:2715,605,2,0
BRDA:2715,605,3,0
BRDA:2715,605,4,0
BRDA:2717,606,0,0
BRDA:2717,606,1,0
BRDA:2717,607,0,0
BRDA:2717,607,1,0
BRDA:2719,608,0,0
BRDA:2719,608,1,0
BRDA:2719,609,0,0
BRDA:2719,609,1,0
BRDA:2721,610,0,0
BRDA:2721,610,1,0
BRDA:2721,611,0,0
BRDA:2721,611,1,0
BRDA:2724,612,0,0
BRDA:2724,612,1,0
BRDA:2724,613,0,0
BRDA:2724,613,1,0
BRDA:2739,614,0,0
BRDA:2739,614,1,0
BRDA:2745,615,0,0
BRDA:2745,615,1,0
BRDA:2746,616,0,0
BRDA:2746,616,1,0
BRDA:2748,617,0,0
BRDA:2748,617,1,0
BRDA:2751,618,0,0
BRDA:2751,618,1,0
BRDA:2756,619,0,0
BRDA:2756,619,1,0
BRDA:2760,620,0,0
BRDA:2760,620,1,0
BRDA:2761,621,0,0
BRDA:2761,621,1,0
BRDA:2771,622,0,0
BRDA:2771,622,1,0
BRDA:2776,623,0,0
BRDA:2776,623,1,0
BRDA:2785,624,0,0
BRDA:2785,624,1,0
BRDA:2785,625,0,0
BRDA:2785,625,1,0
BRDA:2794,626,0,0
BRDA:2794,626,1,0
BRDA:2802,627,0,0
BRDA:2802,627,1,0
BRDA:2803,628,0,0
BRDA:2803,628,1,0
BRDA:2811,629,0,0
BRDA:2811,629,1,0
BRDA:2818,630,0,0
BRDA:2818,630,1,0
BRDA:2822,631,0,0
BRDA:2822,631,1,0
BRDA:2822,632,0,0
BRDA:2822,632,1,0
BRDA:2832,633,0,0
BRDA:2832,633,1,0
BRDA:2841,634,0,0
BRDA:2841,634,1,0
BRDA:2841,635,0,0
BRDA:2841,635,1,0
BRDA:2843,636,0,0
BRDA:2843,636,1,0
BRDA:2844,637,0,0
BRDA:2844,637,1,0
BRDA:2860,638,0,0
BRDA:2860,638,1,0
BRDA:2862,639,0,0
BRDA:2862,639,1,0
BRDA:2867,640,0,0
BRDA:2867,640,1,0
BRDA:2867,641,0,0
BRDA:2867,641,1,0
BRDA:2875,642,0,0
BRDA:2875,642,1,0
BRDA:2883,643,0,0
BRDA:2883,643,1,0
BRDA:2892,644,0,0
BRDA:2892,644,1,0
BRDA:2899,645,0,0
BRDA:2899,645,1,0
BRDA:2903,646,0,0
BRDA:2903,646,1,0
BRDA:2904,647,0,0
BRDA:2904,647,1,0
BRDA:2906,648,0,0
BRDA:2906,648,1,0
BRDA:2907,649,0,0
BRDA:2907,649,1,0
BRDA:2908,650,0,0
BRDA:2908,650,1,0
BRDA:2912,651,0,0
BRDA:2912,651,1,0
BRDA:2925,652,0,0
BRDA:2925,652,1,0
BRDA:2935,653,0,0
BRDA:2935,653,1,0
BRDA:2935,654,0,0
BRDA:2935,654,1,0
BRDA:2936,655,0,0
BRDA:2936,655,1,0
BRDA:2940,656,0,0
BRDA:2940,656,1,0
BRDA:2944,657,0,0
BRDA:2944,657,1,0
BRDA:2944,658,0,0
BRDA:2944,658,1,0
BRDA:2946,659,0,0
BRDA:2946,659,1,0
BRDA:2948,660,0,0
BRDA:2948,660,1,0
BRDA:2953,661,0,0
BRDA:2953,661,1,0
BRDA:2967,662,0,0
BRDA:2967,662,1,0
BRDA:2971,663,0,0
BRDA:2971,663,1,0
BRDA:2971,664,0,0
BRDA:2971,664,1,0
BRDA:2971,664,2,0
BRDA:2979,665,0,0
BRDA:2979,665,1,0
BRDA:2999,666,0,0
BRDA:2999,666,1,0
BRDA:2999,667,0,0
BRDA:2999,667,1,0
BRDA:3001,668,0,0
BRDA:3001,668,1,0
BRDA:3003,669,0,0
BRDA:3003,669,1,0
BRDA:3009,670,0,0
BRDA:3009,670,1,0
BRDA:3009,671,0,0
BRDA:3009,671,1,0
BRDA:3012,672,0,0
BRDA:3012,672,1,0
BRDA:3015,673,0,0
BRDA:3015,673,1,0
BRDA:3020,674,0,0
BRDA:3020,674,1,0
BRDA:3029,675,0,0
BRDA:3029,675,1,0
BRDA:3029,676,0,0
BRDA:3029,676,1,0
BRDA:3032,677,0,0
BRDA:3032,677,1,0
BRDA:3035,678,0,0
BRDA:3035,678,1,0
BRDA:3040,679,0,0
BRDA:3040,679,1,0
BRDA:3050,680,0,0
BRDA:3055,681,0,0
BRDA:3055,681,1,0
BRDA:3055,682,0,0
BRDA:3055,682,1,0
BRDA:3064,683,0,0
BRDA:3064,683,1,0
BRDA:3064,684,0,0
BRDA:3064,684,1,0
BRDA:3065,685,0,0
BRDA:3065,685,1,0
BRDA:3066,686,0,0
BRDA:3066,686,1,0
BRDA:3067,687,0,0
BRDA:3067,687,1,0
BRDA:3068,688,0,0
BRDA:3068,688,1,0
BRDA:3089,689,0,0
BRDA:3089,689,1,0
BRDA:3090,690,0,0
BRDA:3090,690,1,0
BRDA:3096,691,0,0
BRDA:3096,691,1,0
BRDA:3096,692,0,0
BRDA:3096,692,1,0
BRDA:3105,693,0,0
BRDA:3105,693,1,0
BRDA:3112,694,0,0
BRDA:3112,694,1,0
BRDA:3112,695,0,0
BRDA:3112,695,1,0
BRDA:3116,696,0,0
BRDA:3116,696,1,0
BRDA:3117,697,0,0
BRDA:3117,697,1,0
BRDA:3125,698,0,0
BRDA:3125,698,1,0
BRDA:3125,699,0,0
BRDA:3125,699,1,0
BRDA:3125,699,2,0
BRDA:3130,700,0,0
BRDA:3130,700,1,0
BRDA:3138,701,0,0
BRDA:3138,701,1,0
BRDA:3145,702,0,0
BRDA:3145,702,1,0
BRDA:3145,703,0,0
BRDA:3145,703,1,0
BRDA:3151,704,0,0
BRDA:3151,704,1,0
BRDA:3152,705,0,0
BRDA:3152,705,1,0
BRDA:3153,706,0,0
BRDA:3153,706,1,0
BRDA:3160,707,0,0
BRDA:3160,707,1,0
BRDA:3161,708,0,0
BRDA:3161,708,1,0
BRDA:3161,708,2,0
BRDA:3166,709,0,0
BRDA:3166,709,1,0
BRDA:3171,710,0,0
BRDA:3171,710,1,0
BRDA:3171,710,2,0
BRDA:3175,711,0,0
BRDA:3175,711,1,0
BRDA:3176,712,0,0
BRDA:3176,712,1,0
BRDA:3190,713,0,0
BRDA:3190,713,1,0
BRDA:3196,714,0,0
BRDA:3196,714,1,0
BRDA:3202,715,0,0
BRDA:3202,715,1,0
BRDA:3202,716,0,0
BRDA:3202,716,1,0
BRDA:3203,717,0,0
BRDA:3203,717,1,0
BRDA:3203,718,0,0
BRDA:3203,718,1,0
BRDA:3204,719,0,0
BRDA:3204,719,1,0
BRDA:3205,720,0,0
BRDA:3205,720,1,0
BRDA:3205,721,0,0
BRDA:3205,721,1,0
BRDA:3206,722,0,0
BRDA:3206,722,1,0
BRDA:3208,723,0,0
BRDA:3208,723,1,0
BRDA:3215,724,0,0
BRDA:3215,724,1,0
BRDA:3215,724,2,0
BRDA:3215,724,3,0
BRDA:3215,724,4,0
BRDA:3217,725,0,0
BRDA:3217,725,1,0
BRDA:3217,726,0,0
BRDA:3217,726,1,0
BRDA:3219,727,0,0
BRDA:3219,727,1,0
BRDA:3219,728,0,0
BRDA:3219,728,1,0
BRDA:3221,729,0,0
BRDA:3221,729,1,0
BRDA:3221,730,0,0
BRDA:3221,730,1,0
BRDA:3224,731,0,0
BRDA:3224,731,1,0
BRDA:3224,732,0,0
BRDA:3224,732,1,0
BRDA:3230,733,0,0
BRDA:3230,733,1,0
BRDA:3232,734,0,0
BRDA:3232,734,1,0
BRDA:3235,735,0,0
BRDA:3235,735,1,0
BRDA:3235,736,0,0
BRDA:3235,736,1,0
BRDA:3236,737,0,0
BRDA:3236,737,1,0
BRDA:3239,738,0,0
BRDA:3239,738,1,0
BRDA:3239,739,0,0
BRDA:3239,739,1,0
BRDA:3239,740,0,0
BRDA:3239,740,1,0
BRDA:3240,741,0,0
BRDA:3240,741,1,0
BRDA:3248,742,0,0
BRDA:3248,742,1,0
BRDA:3249,743,0,0
BRDA:3249,743,1,0
BRDA:3256,744,0,0
BRDA:3256,744,1,0
BRDA:3263,745,0,0
BRDA:3263,745,1,0
BRDA:3267,746,0,0
BRDA:3267,746,1,0
BRDA:3267,747,0,0
BRDA:3267,747,1,0
BRDA:3272,748,0,0
BRDA:3272,748,1,0
BRDA:3273,749,0,0
BRDA:3273,749,1,0
BRDA:3273,750,0,0
BRDA:3273,750,1,0
BRDA:3274,751,0,0
BRDA:3274,751,1,0
BRDA:3275,752,0,0
BRDA:3275,752,1,0
BRDA:3278,753,0,0
BRDA:3278,753,1,0
BRDA:3280,754,0,0
BRDA:3280,754,1,0
BRDA:3280,754,2,0
BRDA:3281,755,0,0
BRDA:3281,755,1,0
BRDA:3282,756,0,0
BRDA:3282,756,1,0
BRDA:3285,757,0,0
BRDA:3285,757,1,0
BRDA:3292,758,0,0
BRDA:3292,758,1,0
BRDA:3296,759,0,0
BRDA:3296,759,1,0
BRDA:3298,760,0,0
BRDA:3298,760,1,0
BRDA:3298,761,0,0
BRDA:3298,761,1,0
BRDA:3300,762,0,0
BRDA:3300,762,1,0
BRDA:3303,763,0,0
BRDA:3303,763,1,0
BRDA:3304,764,0,0
BRDA:3304,764,1,0
BRDA:3311,765,0,0
BRDA:3311,765,1,0
BRDA:3320,766,0,0
BRDA:3320,766,1,0
BRDA:3321,767,0,0
BRDA:3321,767,1,0
BRDA:3322,768,0,0
BRDA:3322,768,1,0
BRDA:3325,769,0,0
BRDA:3325,769,1,0
BRDA:3327,770,0,0
BRDA:3327,770,1,0
BRDA:3332,771,0,0
BRDA:3332,771,1,0
BRDA:3335,772,0,0
BRDA:3335,772,1,0
BRDA:3340,773,0,0
BRDA:3341,774,0,0
BRDA:3341,774,1,0
BRDA:3342,775,0,0
BRDA:3342,775,1,0
BRDA:3354,776,0,0
BRDA:3354,776,1,0
BRDA:3355,777,0,0
BRDA:3355,777,1,0
BRDA:3356,778,0,0
BRDA:3356,778,1,0
BRDA:3356,779,0,0
BRDA:3356,779,1,0
BRDA:3357,780,0,0
BRDA:3357,780,1,0
BRDA:3362,781,0,0
BRDA:3362,781,1,0
BRDA:3364,782,0,0
BRDA:3364,782,1,0
BRDA:3364,783,0,0
BRDA:3364,783,1,0
BRDA:3366,784,0,0
BRDA:3366,784,1,0
BRDA:3369,785,0,0
BRDA:3369,785,1,0
BRDA:3370,786,0,0
BRDA:3370,786,1,0
BRDA:3374,787,0,0
BRDA:3374,787,1,0
BRDA:3387,788,0,0
BRDA:3387,788,1,0
BRDA:3392,789,0,0
BRDA:3392,789,1,0
BRDA:3405,790,0,0
BRDA:3405,790,1,0
BRDA:3413,791,0,0
BRDA:3413,791,1,0
BRDA:3419,792,0,0
BRDA:3419,792,1,0
BRDA:3429,793,0,0
BRDA:3429,793,1,0
BRDA:3436,794,0,0
BRDA:3436,794,1,0
BRDA:3436,795,0,0
BRDA:3436,795,1,0
BRDA:3445,796,0,0
BRDA:3445,796,1,0
BRDA:3452,797,0,0
BRDA:3452,797,1,0
BRDA:3452,798,0,0
BRDA:3452,798,1,0
BRDA:3461,799,0,0
BRDA:3461,799,1,0
BRDA:3489,800,0,0
BRDA:3489,800,1,0
BRDA:3489,801,0,0
BRDA:3489,801,1,0
BRDA:3514,802,0,0
BRDA:3514,802,1,0
BRDA:3516,803,0,0
BRDA:3516,803,1,0
BRDA:3516,804,0,0
BRDA:3516,804,1,0
BRDA:3521,805,0,0
BRDA:3521,805,1,0
BRDA:3523,806,0,0
BRDA:3523,806,1,0
BRDA:3523,807,0,0
BRDA:3523,807,1,0
BRDA:3526,808,0,0
BRDA:3526,808,1,0
BRDA:3529,809,0,0
BRDA:3529,809,1,0
BRDA:3529,810,0,0
BRDA:3529,810,1,0
BRDA:3532,811,0,0
BRDA:3532,811,1,0
BRDA:3532,812,0,0
BRDA:3532,812,1,0
BRDA:3536,813,0,0
BRDA:3536,813,1,0
BRDA:3536,814,0,0
BRDA:3536,814,1,0
BRDA:3541,815,0,0
BRDA:3541,815,1,0
BRDA:3541,816,0,0
BRDA:3541,816,1,0
BRDA:3549,817,0,0
BRDA:3549,817,1,0
BRDA:3554,818,0,0
BRDA:3554,818,1,0
BRDA:3557,819,0,0
BRDA:3557,819,1,0
BRDA:3562,820,0,0
BRDA:3562,820,1,0
BRDA:3569,821,0,0
BRDA:3569,821,1,0
BRDA:3569,822,0,0
BRDA:3569,822,1,0
BRDA:3582,823,0,0
BRDA:3582,823,1,0
BRDA:3687,824,0,0
BRDA:3687,824,1,0
BRDA:3689,825,0,0
BRDA:3689,825,1,0
BRDA:3699,826,0,0
BRDA:3699,826,1,0
BRDA:3759,827,0,0
BRDA:3759,827,1,0
BRDA:3761,828,0,0
BRDA:3761,828,1,0
BRDA:3763,829,0,0
BRDA:3763,829,1,0
BRDA:3770,830,0,0
BRDA:3770,830,1,0
BRDA:3791,831,0,0
BRDA:3791,831,1,0
BRDA:3797,832,0,0
BRDA:3797,832,1,0
BRDA:3818,833,0,0
BRDA:3818,833,1,0
BRDA:3822,834,0,0
BRDA:3822,834,1,0
BRDA:3822,835,0,0
BRDA:3822,835,1,0
BRDA:3823,836,0,0
BRDA:3823,836,1,0
BRDA:3824,837,0,0
BRDA:3824,837,1,0
BRDA:3825,838,0,0
BRDA:3825,838,1,0
BRDA:3856,839,0,0
BRDA:3856,839,1,0
BRDA:3863,840,0,0
BRDA:3863,840,1,0
BRDA:3873,841,0,0
BRDA:3873,841,1,0
BRDA:3886,842,0,0
BRDA:3886,842,1,0
BRDA:3912,843,0,0
BRDA:3912,843,1,0
BRDA:3992,844,0,0
BRDA:3992,844,1,0
BRDA:3999,845,0,0
BRDA:3999,845,1,0
BRDA:4001,846,0,0
BRDA:4001,846,1,0
BRDA:4001,847,0,0
BRDA:4001,847,1,0
BRDA:4001,847,2,0
BRDA:4005,848,0,0
BRDA:4005,848,1,0
BRDA:4005,849,0,0
BRDA:4005,849,1,0
BRDA:4005,849,2,0
BRDA:4011,850,0,0
BRDA:4011,850,1,0
BRDA:4012,851,0,0
BRDA:4012,851,1,0
BRDA:4013,852,0,0
BRDA:4013,852,1,0
BRDA:4018,853,0,0
BRDA:4018,853,1,0
BRDA:4019,854,0,0
BRDA:4019,854,1,0
BRDA:4024,855,0,0
BRDA:4024,855,1,0
BRDA:4029,856,0,0
BRDA:4029,856,1,0
BRDA:4029,857,0,0
BRDA:4029,857,1,0
BRF:1759
BRH:0
end_of_record
TN:
SF:web/collections.js
FN:204,getCollectionInfo
FN:205,(anonymous_1)
FN:208,getBlogPost
FN:209,(anonymous_3)
FN:212,searchBlogPosts
FN:214,(anonymous_5)
FN:221,getPostsByCategory
FN:222,(anonymous_7)
FNF:8
FNH:0
FNDA:0,getCollectionInfo
FNDA:0,(anonymous_1)
FNDA:0,getBlogPost
FNDA:0,(anonymous_3)
FNDA:0,searchBlogPosts
FNDA:0,(anonymous_5)
FNDA:0,getPostsByCategory
FNDA:0,(anonymous_7)
DA:3,0
DA:70,0
DA:205,0
DA:209,0
DA:213,0
DA:214,0
DA:215,0
DA:222,0
LF:8
LH:0
BRDA:215,0,0,0
BRDA:215,0,1,0
BRDA:215,0,2,0
BRF:3
BRH:0
end_of_record
TN:
SF:web/i18n.js
FN:106,setLanguage
FN:111,t
FN:115,updatePageLanguage
FN:118,(anonymous_3)
FNF:4
FNH:0
FNDA:0,setLanguage
FNDA:0,t
FNDA:0,updatePageLanguage
FNDA:0,(anonymous_3)
DA:2,0
DA:104,0
DA:107,0
DA:108,0
DA:112,0
DA:117,0
DA:118,0
DA:119,0
DA:120,0
DA:121,0
DA:123,0
LF:11
LH:0
BRDA:104,0,0,0
BRDA:104,0,1,0
BRDA:112,1,0,0
BRDA:112,1,1,0
BRDA:112,1,2,0
BRDA:120,2,0,0
BRDA:120,2,1,0
BRDA:120,3,0,0
BRDA:120,3,1,0
BRF:9
BRH:0
end_of_record
TN:
SF:web/sw.js
FN:20,(anonymous_0)
FN:23,(anonymous_1)
FN:24,(anonymous_2)
FN:26,(anonymous_3)
FN:29,(anonymous_4)
FN:34,(anonymous_5)
FN:37,(anonymous_6)
FN:40,(anonymous_7)
FN:41,(anonymous_8)
FN:44,(anonymous_9)
FN:49,(anonymous_10)
FN:55,(anonymous_11)
FN:59,(anonymous_12)
FN:65,(anonymous_13)
FN:68,(anonymous_14)
FN:80,(anonymous_15)
FNF:16
FNH:0
FNDA:0,(anonymous_0)
FNDA:0,(anonymous_1)
FNDA:0,(anonymous_2)
FNDA:0,(anonymous_3)
FNDA:0,(anonymous_4)
FNDA:0,(anonymous_5)
FNDA:0,(anonymous_6)
FNDA:0,(anonymous_7)
FNDA:0,(anonymous_8)
FNDA:0,(anonymous_9)
FNDA:0,(anonymous_10)
FNDA:0,(anonymous_11)
FNDA:0,(anonymous_12)
FNDA:0,(anonymous_13)
FNDA:0,(anonymous_14)
FNDA:0,(anonymous_15)
DA:2,0
DA:3,0
DA:20,0
DA:21,0
DA:24,0
DA:26,0
DA:29,0
DA:34,0
DA:35,0
DA:38,0
DA:40,0
DA:41,0
DA:44,0
DA:49,0
DA:51,0
DA:53,0
DA:57,0
DA:58,0
DA:59,0
DA:60,0
DA:63,0
DA:67,0
DA:69,0
DA:80,0
DA:81,0
DA:82,0
LF:26
LH:0
BRDA:51,0,0,0
BRDA:51,0,1,0
BRDA:57,1,0,0
BRDA:57,1,1,0
BRDA:69,2,0,0
BRDA:69,2,1,0
BRDA:81,3,0,0
BRDA:81,3,1,0
BRF:8
BRH:0
end_of_record
